#
# A fatal error has been detected by the Java Runtime Environment:
#
#  EXCEPTION_ACCESS_VIOLATION (0xc0000005) at pc=0x00007ffbb538c9d0, pid=8832, tid=31584
#
# JRE version: OpenJDK Runtime Environment Microsoft-8902769 (17.0.10+7) (build 17.0.10+7-LTS)
# Java VM: OpenJDK 64-Bit Server VM Microsoft-8902769 (17.0.10+7-LTS, mixed mode, sharing, tiered, compressed oops, compressed class ptrs, g1 gc, windows-amd64)
# Problematic frame:
# V  [jvm.dll+0xc9d0]
#
# No core dump will be written. Minidumps are not enabled by default on client versions of Windows
#
# If you would like to submit a bug report, please visit:
#   https://github.com/microsoft/openjdk/issues
#

---------------  S U M M A R Y ------------

Command Line: -XX:+ShowCodeDetailsInExceptionMessages -agentlib:jdwp=transport=dt_socket,suspend=y,address=localhost:53045 -javaagent:D:\Eclipse\eclipse\configuration\org.eclipse.osgi\827\0\.cp\lib\javaagent-shaded.jar -Dfile.encoding=UTF-8 -Dstdout.encoding=UTF-8 -Dstderr.encoding=UTF-8 testing.Test

Host: AMD Ryzen 9 3900X 12-Core Processor            , 24 cores, 127G,  Windows 11 , 64 bit Build 22621 (10.0.22621.3958)
Time: Sat Oct 12 00:10:03 2024 Mitteleuropäische Sommerzeit elapsed time: 0.246013 seconds (0d 0h 0m 0s)

---------------  T H R E A D  ---------------

Current thread (0x0000022e2ebb4260):  JavaThread "main" [_thread_in_vm, id=31584, stack(0x000000980ad00000,0x000000980ae00000)]

Stack: [0x000000980ad00000,0x000000980ae00000],  sp=0x000000980adff118,  free space=1020k
Native frames: (J=compiled Java code, j=interpreted, Vv=VM code, C=native code)
V  [jvm.dll+0xc9d0]

Java frames: (J=compiled Java code, j=interpreted, Vv=VM code)
j  de.m_marvin.electronflow.Solver.setLibName(JLjava/lang/String;)I+0
j  de.m_marvin.electronflow.Solver.setLibName(Ljava/lang/String;)V+7
j  de.m_marvin.electronflow.Solver.attachElectronFlow(Ljava/util/function/Consumer;)Z+25
j  de.m_marvin.electronflow.Solver.attachElectronFlow()Z+14
j  testing.Test.main([Ljava/lang/String;)V+9
v  ~StubRoutines::call_stub

siginfo: EXCEPTION_ACCESS_VIOLATION (0xc0000005), reading address 0x0000000000000000


Registers:
RAX=0x0000000000000000, RBX=0x0000022e2ebb4260, RCX=0x0000000000000000, RDX=0x0000000000000000
RSP=0x000000980adff118, RBP=0x00007ffbbec83100, RSI=0x0000000000000000, RDI=0x0000000000000000
R8 =0x0000000000000000, R9 =0x00007ffbbec83128, R10=0x0000000000000000, R11=0x0000000000000102
R12=0x0000022e7355a880, R13=0x0000022eb54427e8, R14=0x0000000000000000, R15=0x0000022e2ebb4260
RIP=0x00007ffbb538c9d0, EFLAGS=0x0000000000010246


Register to memory mapping:

RIP=0x00007ffbb538c9d0 jvm.dll
RAX=0x0 is NULL
RBX=0x0000022e2ebb4260 is a thread
RCX=0x0 is NULL
RDX=0x0 is NULL
RSP=0x000000980adff118 is pointing into the stack for thread: 0x0000022e2ebb4260
RBP=0x00007ffbbec83100 electronflow_jni_x64.dll
RSI=0x0 is NULL
RDI=0x0 is NULL
R8 =0x0 is NULL
R9 =0x00007ffbbec83128 electronflow_jni_x64.dll
R10=0x0 is NULL
R11=0x0000000000000102 is an unknown value
R12=0x0000022e7355a880 points into unknown readable memory: 0x0000022e730df7c0 | c0 f7 0d 73 2e 02 00 00
R13={method} {0x0000022eb54427f0} 'setLibName' '(JLjava/lang/String;)I' in 'de/m_marvin/electronflow/Solver'
R14=0x0 is NULL
R15=0x0000022e2ebb4260 is a thread


Top of Stack: (sp=0x000000980adff118)
0x000000980adff118:   00007ffbb575d75b 000000000000000d
0x000000980adff128:   0000022e73875380 000000980adff1f0
0x000000980adff138:   0000022e2ebb4518 0000022e2ebb4260
0x000000980adff148:   0000000000000000 00007ffbbec83100
0x000000980adff158:   0000022effffffff 0000000000000000
0x000000980adff168:   0000000000000000 0000022e2ebb4518
0x000000980adff178:   00007ffbbec49c33 00007ffbbec83100
0x000000980adff188:   000000980adff2f8 0000000000000000
0x000000980adff198:   0000022e3db1a322 00007ffbbec83100
0x000000980adff1a8:   0000022eb5442701 000000980adff2c0
0x000000980adff1b8:   00007ffbb5707ec2 0000000000001974
0x000000980adff1c8:   000000980adff8b0 0000022e2ebb4260
0x000000980adff1d8:   0000022e2ebb4260 0000022eb54427e8
0x000000980adff1e8:   0000022e2ebb4260 0000022eb54427e8
0x000000980adff1f8:   000000980adff8b0 0000022e3db1a322
0x000000980adff208:   000000980adff2c0 0000000000000000
0x000000980adff218:   0000022eb54427e8 000000980adff2f8
0x000000980adff228:   0000022e3db21366 0000022eb54427e8
0x000000980adff238:   000000980adff280 000000002aafb23c
0x000000980adff248:   0000022e3db20cd2 0000022eb54427e8
0x000000980adff258:   000000980adff8b0 3ff0000000000000
0x000000980adff268:   0000022e2ebb4260 0000022e3db20c76
0x000000980adff278:   000000980adff278 0000022eb54427e8
0x000000980adff288:   000000980adff2f8 0000022eb5443150
0x000000980adff298:   0000000000000000 0000000101db36c0
0x000000980adff2a8:   0000022eb54427e8 0000000000000000
0x000000980adff2b8:   000000980adff2e0 000000980adff350
0x000000980adff2c8:   0000022e3db1a322 0000000000000000
0x000000980adff2d8:   0000022e3db1d4f6 0000000000000000
0x000000980adff2e8:   000000002aafb23c 0000000000000000
0x000000980adff2f8:   0000000101f3dc88 0000000101f3dc88
0x000000980adff308:   000000980adff308 0000022eb5442887 

Instructions: (pc=0x00007ffbb538c9d0)
0x00007ffbb538c8d0:   00 00 00 48 8b 41 38 48 8b 80 68 09 00 00 48 8b
0x00007ffbb538c8e0:   48 08 48 8b 40 50 48 d3 ea 80 3c 02 01 0f 85 cd
0x00007ffbb538c8f0:   00 00 00 48 8b 13 0f b6 c2 24 03 3c 03 75 19 48
0x00007ffbb538c900:   83 e2 fc 74 13 48 3b da 74 11 48 8b c2 48 8b 5c
0x00007ffbb538c910:   24 38 48 83 c4 20 5e c3 48 8b d3 48 8b 46 38 0f
0x00007ffbb538c920:   be 88 f0 02 00 00 c1 e9 02 f6 c1 01 74 dc 48 89
0x00007ffbb538c930:   7c 24 30 e8 a8 e3 ff ff 48 8b 0d 89 0c bb 00 48
0x00007ffbb538c940:   8b f8 48 81 c1 70 09 00 00 8b 41 40 0f b6 57 21
0x00007ffbb538c950:   8d 42 01 88 47 21 84 d2 75 0a 48 8b d7 e8 ae 2d
0x00007ffbb538c960:   70 00 eb 20 80 7f 22 00 75 1a 8b 41 40 85 05 49
0x00007ffbb538c970:   05 9b 00 74 0f b8 ff ff ff ff f0 0f c1 41 40 e8
0x00007ffbb538c980:   dc 2d 70 00 48 8b 4e 38 4c 8b c7 48 8b d3 e8 dd
0x00007ffbb538c990:   f7 ff ff 0f b6 4f 21 48 8b d8 48 8b 15 27 0c bb
0x00007ffbb538c9a0:   00 8d 41 ff 88 47 21 80 f9 01 77 0f 48 8d 8a 70
0x00007ffbb538c9b0:   09 00 00 48 8b d7 e8 85 2d 70 00 48 8b 7c 24 30
0x00007ffbb538c9c0:   48 8b c3 48 8b 5c 24 38 48 83 c4 20 5e c3 cc cc
0x00007ffbb538c9d0:   48 8b 01 c3 cc cc cc cc cc cc cc cc cc cc cc cc
0x00007ffbb538c9e0:   4c 8b 01 4c 8b c9 48 8b 0d a3 91 b6 00 ba 44 60
0x00007ffbb538c9f0:   08 00 e9 d9 f1 ff ff cc cc cc cc cc cc cc cc cc
0x00007ffbb538ca00:   48 89 5c 24 08 57 48 83 ec 20 48 8b 39 48 8b d9
0x00007ffbb538ca10:   48 85 3d c1 7a bb 00 75 0e 48 8b c7 48 8b 5c 24
0x00007ffbb538ca20:   30 48 83 c4 20 5f c3 48 8b cf e8 51 c2 85 00 48
0x00007ffbb538ca30:   8b d0 48 85 c0 74 20 48 8b c7 f0 48 0f b1 13 74
0x00007ffbb538ca40:   16 48 85 05 90 7a bb 00 74 0d 48 8b c8 f0 48 0f
0x00007ffbb538ca50:   b1 13 48 3b c1 75 ea 48 8b 5c 24 30 48 8b c2 48
0x00007ffbb538ca60:   83 c4 20 5f c3 cc cc cc cc cc cc cc cc cc cc cc
0x00007ffbb538ca70:   4c 8b 01 4c 8b c9 48 8b 0d 13 91 b6 00 ba 64 60
0x00007ffbb538ca80:   08 00 e9 49 f1 ff ff cc cc cc cc cc cc cc cc cc
0x00007ffbb538ca90:   8b 05 62 d8 b0 00 c3 cc cc cc cc cc cc cc cc cc
0x00007ffbb538caa0:   0f b6 05 40 99 b7 00 48 8b d1 84 c0 74 16 44 8b
0x00007ffbb538cab0:   41 08 8b 0d 40 d8 b0 00 49 d3 e0 4c 03 05 2e d8
0x00007ffbb538cac0:   b0 00 eb 04 4c 8b 41 08 45 8b 50 08 45 85 d2 7e 


Stack slot to memory mapping:
stack at sp + 0 slots: 0x00007ffbb575d75b jvm.dll
stack at sp + 1 slots: 0x000000000000000d is an unknown value
stack at sp + 2 slots: 0x0000022e73875380 points into unknown readable memory: 0x0000000000000001 | 01 00 00 00 00 00 00 00
stack at sp + 3 slots: 0x000000980adff1f0 is pointing into the stack for thread: 0x0000022e2ebb4260
stack at sp + 4 slots: 0x0000022e2ebb4518 points into unknown readable memory: 0x00007ffbb5e9c800 | 00 c8 e9 b5 fb 7f 00 00
stack at sp + 5 slots: 0x0000022e2ebb4260 is a thread
stack at sp + 6 slots: 0x0 is NULL
stack at sp + 7 slots: 0x00007ffbbec83100 electronflow_jni_x64.dll


---------------  P R O C E S S  ---------------

Threads class SMR info:
_java_thread_list=0x0000022e735637c0, length=18, elements={
0x0000022e2ebb4260, 0x0000022e730a08a0, 0x0000022e730a1c50, 0x0000022e730afce0,
0x0000022e730b15c0, 0x0000022e730b1e90, 0x0000022e730b2d80, 0x0000022e730c87e0,
0x0000022e730c91a0, 0x0000022e730dc280, 0x0000022e731d3880, 0x0000022e731dc030,
0x0000022e731e59e0, 0x0000022e73210d70, 0x0000022e7345d4c0, 0x0000022e7345e180,
0x0000022e7345e680, 0x0000022e73588430
}

Java Threads: ( => current thread )
=>0x0000022e2ebb4260 JavaThread "main" [_thread_in_vm, id=31584, stack(0x000000980ad00000,0x000000980ae00000)]
  0x0000022e730a08a0 JavaThread "Reference Handler" daemon [_thread_blocked, id=35432, stack(0x000000980b400000,0x000000980b500000)]
  0x0000022e730a1c50 JavaThread "Finalizer" daemon [_thread_blocked, id=444, stack(0x000000980b500000,0x000000980b600000)]
  0x0000022e730afce0 JavaThread "Signal Dispatcher" daemon [_thread_blocked, id=31716, stack(0x000000980b600000,0x000000980b700000)]
  0x0000022e730b15c0 JavaThread "Attach Listener" daemon [_thread_blocked, id=30840, stack(0x000000980b700000,0x000000980b800000)]
  0x0000022e730b1e90 JavaThread "Service Thread" daemon [_thread_blocked, id=7552, stack(0x000000980b800000,0x000000980b900000)]
  0x0000022e730b2d80 JavaThread "Monitor Deflation Thread" daemon [_thread_blocked, id=30376, stack(0x000000980b900000,0x000000980ba00000)]
  0x0000022e730c87e0 JavaThread "C2 CompilerThread0" daemon [_thread_blocked, id=6400, stack(0x000000980ba00000,0x000000980bb00000)]
  0x0000022e730c91a0 JavaThread "C1 CompilerThread0" daemon [_thread_blocked, id=28256, stack(0x000000980bb00000,0x000000980bc00000)]
  0x0000022e730dc280 JavaThread "Sweeper thread" daemon [_thread_blocked, id=29788, stack(0x000000980bc00000,0x000000980bd00000)]
  0x0000022e731d3880 JavaThread "Common-Cleaner" daemon [_thread_blocked, id=6988, stack(0x000000980bd00000,0x000000980be00000)]
  0x0000022e731dc030 JavaThread "C1 CompilerThread1" daemon [_thread_blocked, id=33860, stack(0x000000980be00000,0x000000980bf00000)]
  0x0000022e731e59e0 JavaThread "C1 CompilerThread2" daemon [_thread_blocked, id=30464, stack(0x000000980bf00000,0x000000980c000000)]
  0x0000022e73210d70 JavaThread "C2 CompilerThread1" daemon [_thread_blocked, id=33760, stack(0x000000980c000000,0x000000980c100000)]
  0x0000022e7345d4c0 JavaThread "JDWP Transport Listener: dt_socket" daemon [_thread_blocked, id=34376, stack(0x000000980c100000,0x000000980c200000)]
  0x0000022e7345e180 JavaThread "JDWP Event Helper Thread" daemon [_thread_blocked, id=9676, stack(0x000000980c200000,0x000000980c300000)]
  0x0000022e7345e680 JavaThread "JDWP Command Reader" daemon [_thread_in_native, id=16844, stack(0x000000980c300000,0x000000980c400000)]
  0x0000022e73588430 JavaThread "Notification Thread" daemon [_thread_blocked, id=31588, stack(0x000000980c400000,0x000000980c500000)]

Other Threads:
  0x0000022e7309be60 VMThread "VM Thread" [stack: 0x000000980b300000,0x000000980b400000] [id=33336]
  0x0000022e734832e0 WatcherThread [stack: 0x000000980c500000,0x000000980c600000] [id=18452]
  0x0000022e465b5b20 GCTaskThread "GC Thread#0" [stack: 0x000000980ae00000,0x000000980af00000] [id=18272]
  0x0000022e465c6190 ConcurrentGCThread "G1 Main Marker" [stack: 0x000000980af00000,0x000000980b000000] [id=13040]
  0x0000022e465c6ac0 ConcurrentGCThread "G1 Conc#0" [stack: 0x000000980b000000,0x000000980b100000] [id=10364]
  0x0000022e466ac440 ConcurrentGCThread "G1 Refine#0" [stack: 0x000000980b100000,0x000000980b200000] [id=16092]
  0x0000022e72f6c190 ConcurrentGCThread "G1 Service" [stack: 0x000000980b200000,0x000000980b300000] [id=28904]

Threads with active compile tasks:

VM state: not at safepoint (normal execution)

VM Mutex/Monitor currently owned by a thread: None

Heap address: 0x0000000082000000, size: 30688 MB, Compressed Oops mode: Zero based, Oop shift amount: 3

CDS archive(s) mapped at: [0x0000022e74000000-0x0000022e74bb0000-0x0000022e74bb0000), size 12255232, SharedBaseAddress: 0x0000022e74000000, ArchiveRelocationMode: 1.
Compressed class space mapped at: 0x0000022e75000000-0x0000022eb5000000, reserved size: 1073741824
Narrow klass base: 0x0000022e74000000, Narrow klass shift: 0, Narrow klass range: 0x100000000

GC Precious Log:
 CPUs: 24 total, 24 available
 Memory: 127G
 Large Page Support: Disabled
 NUMA Support: Disabled
 Compressed Oops: Enabled (Zero based)
 Heap Region Size: 16M
 Heap Min Capacity: 16M
 Heap Initial Capacity: 2G
 Heap Max Capacity: 30688M
 Pre-touch: Disabled
 Parallel Workers: 18
 Concurrent Workers: 5
 Concurrent Refinement Workers: 18
 Periodic GC: Disabled

Heap:
 garbage-first heap   total 2097152K, used 0K [0x0000000082000000, 0x0000000800000000)
  region size 16384K, 1 young (16384K), 0 survivors (0K)
 Metaspace       used 3034K, committed 3136K, reserved 1114112K
  class space    used 275K, committed 320K, reserved 1048576K

Heap Regions: E=young(eden), S=young(survivor), O=old, HS=humongous(starts), HC=humongous(continues), CS=collection set, F=free, OA=open archive, CA=closed archive, TAMS=top-at-mark-start (previous, next)
|   0|0x0000000082000000, 0x0000000082000000, 0x0000000083000000|  0%| F|  |TAMS 0x0000000082000000, 0x0000000082000000| Untracked 
|   1|0x0000000083000000, 0x0000000083000000, 0x0000000084000000|  0%| F|  |TAMS 0x0000000083000000, 0x0000000083000000| Untracked 
|   2|0x0000000084000000, 0x0000000084000000, 0x0000000085000000|  0%| F|  |TAMS 0x0000000084000000, 0x0000000084000000| Untracked 
|   3|0x0000000085000000, 0x0000000085000000, 0x0000000086000000|  0%| F|  |TAMS 0x0000000085000000, 0x0000000085000000| Untracked 
|   4|0x0000000086000000, 0x0000000086000000, 0x0000000087000000|  0%| F|  |TAMS 0x0000000086000000, 0x0000000086000000| Untracked 
|   5|0x0000000087000000, 0x0000000087000000, 0x0000000088000000|  0%| F|  |TAMS 0x0000000087000000, 0x0000000087000000| Untracked 
|   6|0x0000000088000000, 0x0000000088000000, 0x0000000089000000|  0%| F|  |TAMS 0x0000000088000000, 0x0000000088000000| Untracked 
|   7|0x0000000089000000, 0x0000000089000000, 0x000000008a000000|  0%| F|  |TAMS 0x0000000089000000, 0x0000000089000000| Untracked 
|   8|0x000000008a000000, 0x000000008a000000, 0x000000008b000000|  0%| F|  |TAMS 0x000000008a000000, 0x000000008a000000| Untracked 
|   9|0x000000008b000000, 0x000000008b000000, 0x000000008c000000|  0%| F|  |TAMS 0x000000008b000000, 0x000000008b000000| Untracked 
|  10|0x000000008c000000, 0x000000008c000000, 0x000000008d000000|  0%| F|  |TAMS 0x000000008c000000, 0x000000008c000000| Untracked 
|  11|0x000000008d000000, 0x000000008d000000, 0x000000008e000000|  0%| F|  |TAMS 0x000000008d000000, 0x000000008d000000| Untracked 
|  12|0x000000008e000000, 0x000000008e000000, 0x000000008f000000|  0%| F|  |TAMS 0x000000008e000000, 0x000000008e000000| Untracked 
|  13|0x000000008f000000, 0x000000008f000000, 0x0000000090000000|  0%| F|  |TAMS 0x000000008f000000, 0x000000008f000000| Untracked 
|  14|0x0000000090000000, 0x0000000090000000, 0x0000000091000000|  0%| F|  |TAMS 0x0000000090000000, 0x0000000090000000| Untracked 
|  15|0x0000000091000000, 0x0000000091000000, 0x0000000092000000|  0%| F|  |TAMS 0x0000000091000000, 0x0000000091000000| Untracked 
|  16|0x0000000092000000, 0x0000000092000000, 0x0000000093000000|  0%| F|  |TAMS 0x0000000092000000, 0x0000000092000000| Untracked 
|  17|0x0000000093000000, 0x0000000093000000, 0x0000000094000000|  0%| F|  |TAMS 0x0000000093000000, 0x0000000093000000| Untracked 
|  18|0x0000000094000000, 0x0000000094000000, 0x0000000095000000|  0%| F|  |TAMS 0x0000000094000000, 0x0000000094000000| Untracked 
|  19|0x0000000095000000, 0x0000000095000000, 0x0000000096000000|  0%| F|  |TAMS 0x0000000095000000, 0x0000000095000000| Untracked 
|  20|0x0000000096000000, 0x0000000096000000, 0x0000000097000000|  0%| F|  |TAMS 0x0000000096000000, 0x0000000096000000| Untracked 
|  21|0x0000000097000000, 0x0000000097000000, 0x0000000098000000|  0%| F|  |TAMS 0x0000000097000000, 0x0000000097000000| Untracked 
|  22|0x0000000098000000, 0x0000000098000000, 0x0000000099000000|  0%| F|  |TAMS 0x0000000098000000, 0x0000000098000000| Untracked 
|  23|0x0000000099000000, 0x0000000099000000, 0x000000009a000000|  0%| F|  |TAMS 0x0000000099000000, 0x0000000099000000| Untracked 
|  24|0x000000009a000000, 0x000000009a000000, 0x000000009b000000|  0%| F|  |TAMS 0x000000009a000000, 0x000000009a000000| Untracked 
|  25|0x000000009b000000, 0x000000009b000000, 0x000000009c000000|  0%| F|  |TAMS 0x000000009b000000, 0x000000009b000000| Untracked 
|  26|0x000000009c000000, 0x000000009c000000, 0x000000009d000000|  0%| F|  |TAMS 0x000000009c000000, 0x000000009c000000| Untracked 
|  27|0x000000009d000000, 0x000000009d000000, 0x000000009e000000|  0%| F|  |TAMS 0x000000009d000000, 0x000000009d000000| Untracked 
|  28|0x000000009e000000, 0x000000009e000000, 0x000000009f000000|  0%| F|  |TAMS 0x000000009e000000, 0x000000009e000000| Untracked 
|  29|0x000000009f000000, 0x000000009f000000, 0x00000000a0000000|  0%| F|  |TAMS 0x000000009f000000, 0x000000009f000000| Untracked 
|  30|0x00000000a0000000, 0x00000000a0000000, 0x00000000a1000000|  0%| F|  |TAMS 0x00000000a0000000, 0x00000000a0000000| Untracked 
|  31|0x00000000a1000000, 0x00000000a1000000, 0x00000000a2000000|  0%| F|  |TAMS 0x00000000a1000000, 0x00000000a1000000| Untracked 
|  32|0x00000000a2000000, 0x00000000a2000000, 0x00000000a3000000|  0%| F|  |TAMS 0x00000000a2000000, 0x00000000a2000000| Untracked 
|  33|0x00000000a3000000, 0x00000000a3000000, 0x00000000a4000000|  0%| F|  |TAMS 0x00000000a3000000, 0x00000000a3000000| Untracked 
|  34|0x00000000a4000000, 0x00000000a4000000, 0x00000000a5000000|  0%| F|  |TAMS 0x00000000a4000000, 0x00000000a4000000| Untracked 
|  35|0x00000000a5000000, 0x00000000a5000000, 0x00000000a6000000|  0%| F|  |TAMS 0x00000000a5000000, 0x00000000a5000000| Untracked 
|  36|0x00000000a6000000, 0x00000000a6000000, 0x00000000a7000000|  0%| F|  |TAMS 0x00000000a6000000, 0x00000000a6000000| Untracked 
|  37|0x00000000a7000000, 0x00000000a7000000, 0x00000000a8000000|  0%| F|  |TAMS 0x00000000a7000000, 0x00000000a7000000| Untracked 
|  38|0x00000000a8000000, 0x00000000a8000000, 0x00000000a9000000|  0%| F|  |TAMS 0x00000000a8000000, 0x00000000a8000000| Untracked 
|  39|0x00000000a9000000, 0x00000000a9000000, 0x00000000aa000000|  0%| F|  |TAMS 0x00000000a9000000, 0x00000000a9000000| Untracked 
|  40|0x00000000aa000000, 0x00000000aa000000, 0x00000000ab000000|  0%| F|  |TAMS 0x00000000aa000000, 0x00000000aa000000| Untracked 
|  41|0x00000000ab000000, 0x00000000ab000000, 0x00000000ac000000|  0%| F|  |TAMS 0x00000000ab000000, 0x00000000ab000000| Untracked 
|  42|0x00000000ac000000, 0x00000000ac000000, 0x00000000ad000000|  0%| F|  |TAMS 0x00000000ac000000, 0x00000000ac000000| Untracked 
|  43|0x00000000ad000000, 0x00000000ad000000, 0x00000000ae000000|  0%| F|  |TAMS 0x00000000ad000000, 0x00000000ad000000| Untracked 
|  44|0x00000000ae000000, 0x00000000ae000000, 0x00000000af000000|  0%| F|  |TAMS 0x00000000ae000000, 0x00000000ae000000| Untracked 
|  45|0x00000000af000000, 0x00000000af000000, 0x00000000b0000000|  0%| F|  |TAMS 0x00000000af000000, 0x00000000af000000| Untracked 
|  46|0x00000000b0000000, 0x00000000b0000000, 0x00000000b1000000|  0%| F|  |TAMS 0x00000000b0000000, 0x00000000b0000000| Untracked 
|  47|0x00000000b1000000, 0x00000000b1000000, 0x00000000b2000000|  0%| F|  |TAMS 0x00000000b1000000, 0x00000000b1000000| Untracked 
|  48|0x00000000b2000000, 0x00000000b2000000, 0x00000000b3000000|  0%| F|  |TAMS 0x00000000b2000000, 0x00000000b2000000| Untracked 
|  49|0x00000000b3000000, 0x00000000b3000000, 0x00000000b4000000|  0%| F|  |TAMS 0x00000000b3000000, 0x00000000b3000000| Untracked 
|  50|0x00000000b4000000, 0x00000000b4000000, 0x00000000b5000000|  0%| F|  |TAMS 0x00000000b4000000, 0x00000000b4000000| Untracked 
|  51|0x00000000b5000000, 0x00000000b5000000, 0x00000000b6000000|  0%| F|  |TAMS 0x00000000b5000000, 0x00000000b5000000| Untracked 
|  52|0x00000000b6000000, 0x00000000b6000000, 0x00000000b7000000|  0%| F|  |TAMS 0x00000000b6000000, 0x00000000b6000000| Untracked 
|  53|0x00000000b7000000, 0x00000000b7000000, 0x00000000b8000000|  0%| F|  |TAMS 0x00000000b7000000, 0x00000000b7000000| Untracked 
|  54|0x00000000b8000000, 0x00000000b8000000, 0x00000000b9000000|  0%| F|  |TAMS 0x00000000b8000000, 0x00000000b8000000| Untracked 
|  55|0x00000000b9000000, 0x00000000b9000000, 0x00000000ba000000|  0%| F|  |TAMS 0x00000000b9000000, 0x00000000b9000000| Untracked 
|  56|0x00000000ba000000, 0x00000000ba000000, 0x00000000bb000000|  0%| F|  |TAMS 0x00000000ba000000, 0x00000000ba000000| Untracked 
|  57|0x00000000bb000000, 0x00000000bb000000, 0x00000000bc000000|  0%| F|  |TAMS 0x00000000bb000000, 0x00000000bb000000| Untracked 
|  58|0x00000000bc000000, 0x00000000bc000000, 0x00000000bd000000|  0%| F|  |TAMS 0x00000000bc000000, 0x00000000bc000000| Untracked 
|  59|0x00000000bd000000, 0x00000000bd000000, 0x00000000be000000|  0%| F|  |TAMS 0x00000000bd000000, 0x00000000bd000000| Untracked 
|  60|0x00000000be000000, 0x00000000be000000, 0x00000000bf000000|  0%| F|  |TAMS 0x00000000be000000, 0x00000000be000000| Untracked 
|  61|0x00000000bf000000, 0x00000000bf000000, 0x00000000c0000000|  0%| F|  |TAMS 0x00000000bf000000, 0x00000000bf000000| Untracked 
|  62|0x00000000c0000000, 0x00000000c0000000, 0x00000000c1000000|  0%| F|  |TAMS 0x00000000c0000000, 0x00000000c0000000| Untracked 
|  63|0x00000000c1000000, 0x00000000c1000000, 0x00000000c2000000|  0%| F|  |TAMS 0x00000000c1000000, 0x00000000c1000000| Untracked 
|  64|0x00000000c2000000, 0x00000000c2000000, 0x00000000c3000000|  0%| F|  |TAMS 0x00000000c2000000, 0x00000000c2000000| Untracked 
|  65|0x00000000c3000000, 0x00000000c3000000, 0x00000000c4000000|  0%| F|  |TAMS 0x00000000c3000000, 0x00000000c3000000| Untracked 
|  66|0x00000000c4000000, 0x00000000c4000000, 0x00000000c5000000|  0%| F|  |TAMS 0x00000000c4000000, 0x00000000c4000000| Untracked 
|  67|0x00000000c5000000, 0x00000000c5000000, 0x00000000c6000000|  0%| F|  |TAMS 0x00000000c5000000, 0x00000000c5000000| Untracked 
|  68|0x00000000c6000000, 0x00000000c6000000, 0x00000000c7000000|  0%| F|  |TAMS 0x00000000c6000000, 0x00000000c6000000| Untracked 
|  69|0x00000000c7000000, 0x00000000c7000000, 0x00000000c8000000|  0%| F|  |TAMS 0x00000000c7000000, 0x00000000c7000000| Untracked 
|  70|0x00000000c8000000, 0x00000000c8000000, 0x00000000c9000000|  0%| F|  |TAMS 0x00000000c8000000, 0x00000000c8000000| Untracked 
|  71|0x00000000c9000000, 0x00000000c9000000, 0x00000000ca000000|  0%| F|  |TAMS 0x00000000c9000000, 0x00000000c9000000| Untracked 
|  72|0x00000000ca000000, 0x00000000ca000000, 0x00000000cb000000|  0%| F|  |TAMS 0x00000000ca000000, 0x00000000ca000000| Untracked 
|  73|0x00000000cb000000, 0x00000000cb000000, 0x00000000cc000000|  0%| F|  |TAMS 0x00000000cb000000, 0x00000000cb000000| Untracked 
|  74|0x00000000cc000000, 0x00000000cc000000, 0x00000000cd000000|  0%| F|  |TAMS 0x00000000cc000000, 0x00000000cc000000| Untracked 
|  75|0x00000000cd000000, 0x00000000cd000000, 0x00000000ce000000|  0%| F|  |TAMS 0x00000000cd000000, 0x00000000cd000000| Untracked 
|  76|0x00000000ce000000, 0x00000000ce000000, 0x00000000cf000000|  0%| F|  |TAMS 0x00000000ce000000, 0x00000000ce000000| Untracked 
|  77|0x00000000cf000000, 0x00000000cf000000, 0x00000000d0000000|  0%| F|  |TAMS 0x00000000cf000000, 0x00000000cf000000| Untracked 
|  78|0x00000000d0000000, 0x00000000d0000000, 0x00000000d1000000|  0%| F|  |TAMS 0x00000000d0000000, 0x00000000d0000000| Untracked 
|  79|0x00000000d1000000, 0x00000000d1000000, 0x00000000d2000000|  0%| F|  |TAMS 0x00000000d1000000, 0x00000000d1000000| Untracked 
|  80|0x00000000d2000000, 0x00000000d2000000, 0x00000000d3000000|  0%| F|  |TAMS 0x00000000d2000000, 0x00000000d2000000| Untracked 
|  81|0x00000000d3000000, 0x00000000d3000000, 0x00000000d4000000|  0%| F|  |TAMS 0x00000000d3000000, 0x00000000d3000000| Untracked 
|  82|0x00000000d4000000, 0x00000000d4000000, 0x00000000d5000000|  0%| F|  |TAMS 0x00000000d4000000, 0x00000000d4000000| Untracked 
|  83|0x00000000d5000000, 0x00000000d5000000, 0x00000000d6000000|  0%| F|  |TAMS 0x00000000d5000000, 0x00000000d5000000| Untracked 
|  84|0x00000000d6000000, 0x00000000d6000000, 0x00000000d7000000|  0%| F|  |TAMS 0x00000000d6000000, 0x00000000d6000000| Untracked 
|  85|0x00000000d7000000, 0x00000000d7000000, 0x00000000d8000000|  0%| F|  |TAMS 0x00000000d7000000, 0x00000000d7000000| Untracked 
|  86|0x00000000d8000000, 0x00000000d8000000, 0x00000000d9000000|  0%| F|  |TAMS 0x00000000d8000000, 0x00000000d8000000| Untracked 
|  87|0x00000000d9000000, 0x00000000d9000000, 0x00000000da000000|  0%| F|  |TAMS 0x00000000d9000000, 0x00000000d9000000| Untracked 
|  88|0x00000000da000000, 0x00000000da000000, 0x00000000db000000|  0%| F|  |TAMS 0x00000000da000000, 0x00000000da000000| Untracked 
|  89|0x00000000db000000, 0x00000000db000000, 0x00000000dc000000|  0%| F|  |TAMS 0x00000000db000000, 0x00000000db000000| Untracked 
|  90|0x00000000dc000000, 0x00000000dc000000, 0x00000000dd000000|  0%| F|  |TAMS 0x00000000dc000000, 0x00000000dc000000| Untracked 
|  91|0x00000000dd000000, 0x00000000dd000000, 0x00000000de000000|  0%| F|  |TAMS 0x00000000dd000000, 0x00000000dd000000| Untracked 
|  92|0x00000000de000000, 0x00000000de000000, 0x00000000df000000|  0%| F|  |TAMS 0x00000000de000000, 0x00000000de000000| Untracked 
|  93|0x00000000df000000, 0x00000000df000000, 0x00000000e0000000|  0%| F|  |TAMS 0x00000000df000000, 0x00000000df000000| Untracked 
|  94|0x00000000e0000000, 0x00000000e0000000, 0x00000000e1000000|  0%| F|  |TAMS 0x00000000e0000000, 0x00000000e0000000| Untracked 
|  95|0x00000000e1000000, 0x00000000e1000000, 0x00000000e2000000|  0%| F|  |TAMS 0x00000000e1000000, 0x00000000e1000000| Untracked 
|  96|0x00000000e2000000, 0x00000000e2000000, 0x00000000e3000000|  0%| F|  |TAMS 0x00000000e2000000, 0x00000000e2000000| Untracked 
|  97|0x00000000e3000000, 0x00000000e3000000, 0x00000000e4000000|  0%| F|  |TAMS 0x00000000e3000000, 0x00000000e3000000| Untracked 
|  98|0x00000000e4000000, 0x00000000e4000000, 0x00000000e5000000|  0%| F|  |TAMS 0x00000000e4000000, 0x00000000e4000000| Untracked 
|  99|0x00000000e5000000, 0x00000000e5000000, 0x00000000e6000000|  0%| F|  |TAMS 0x00000000e5000000, 0x00000000e5000000| Untracked 
| 100|0x00000000e6000000, 0x00000000e6000000, 0x00000000e7000000|  0%| F|  |TAMS 0x00000000e6000000, 0x00000000e6000000| Untracked 
| 101|0x00000000e7000000, 0x00000000e7000000, 0x00000000e8000000|  0%| F|  |TAMS 0x00000000e7000000, 0x00000000e7000000| Untracked 
| 102|0x00000000e8000000, 0x00000000e8000000, 0x00000000e9000000|  0%| F|  |TAMS 0x00000000e8000000, 0x00000000e8000000| Untracked 
| 103|0x00000000e9000000, 0x00000000e9000000, 0x00000000ea000000|  0%| F|  |TAMS 0x00000000e9000000, 0x00000000e9000000| Untracked 
| 104|0x00000000ea000000, 0x00000000ea000000, 0x00000000eb000000|  0%| F|  |TAMS 0x00000000ea000000, 0x00000000ea000000| Untracked 
| 105|0x00000000eb000000, 0x00000000eb000000, 0x00000000ec000000|  0%| F|  |TAMS 0x00000000eb000000, 0x00000000eb000000| Untracked 
| 106|0x00000000ec000000, 0x00000000ec000000, 0x00000000ed000000|  0%| F|  |TAMS 0x00000000ec000000, 0x00000000ec000000| Untracked 
| 107|0x00000000ed000000, 0x00000000ed000000, 0x00000000ee000000|  0%| F|  |TAMS 0x00000000ed000000, 0x00000000ed000000| Untracked 
| 108|0x00000000ee000000, 0x00000000ee000000, 0x00000000ef000000|  0%| F|  |TAMS 0x00000000ee000000, 0x00000000ee000000| Untracked 
| 109|0x00000000ef000000, 0x00000000ef000000, 0x00000000f0000000|  0%| F|  |TAMS 0x00000000ef000000, 0x00000000ef000000| Untracked 
| 110|0x00000000f0000000, 0x00000000f0000000, 0x00000000f1000000|  0%| F|  |TAMS 0x00000000f0000000, 0x00000000f0000000| Untracked 
| 111|0x00000000f1000000, 0x00000000f1000000, 0x00000000f2000000|  0%| F|  |TAMS 0x00000000f1000000, 0x00000000f1000000| Untracked 
| 112|0x00000000f2000000, 0x00000000f2000000, 0x00000000f3000000|  0%| F|  |TAMS 0x00000000f2000000, 0x00000000f2000000| Untracked 
| 113|0x00000000f3000000, 0x00000000f3000000, 0x00000000f4000000|  0%| F|  |TAMS 0x00000000f3000000, 0x00000000f3000000| Untracked 
| 114|0x00000000f4000000, 0x00000000f4000000, 0x00000000f5000000|  0%| F|  |TAMS 0x00000000f4000000, 0x00000000f4000000| Untracked 
| 115|0x00000000f5000000, 0x00000000f5000000, 0x00000000f6000000|  0%| F|  |TAMS 0x00000000f5000000, 0x00000000f5000000| Untracked 
| 116|0x00000000f6000000, 0x00000000f6000000, 0x00000000f7000000|  0%| F|  |TAMS 0x00000000f6000000, 0x00000000f6000000| Untracked 
| 117|0x00000000f7000000, 0x00000000f7000000, 0x00000000f8000000|  0%| F|  |TAMS 0x00000000f7000000, 0x00000000f7000000| Untracked 
| 118|0x00000000f8000000, 0x00000000f8000000, 0x00000000f9000000|  0%| F|  |TAMS 0x00000000f8000000, 0x00000000f8000000| Untracked 
| 119|0x00000000f9000000, 0x00000000f9000000, 0x00000000fa000000|  0%| F|  |TAMS 0x00000000f9000000, 0x00000000f9000000| Untracked 
| 120|0x00000000fa000000, 0x00000000fa000000, 0x00000000fb000000|  0%| F|  |TAMS 0x00000000fa000000, 0x00000000fa000000| Untracked 
| 121|0x00000000fb000000, 0x00000000fb000000, 0x00000000fc000000|  0%| F|  |TAMS 0x00000000fb000000, 0x00000000fb000000| Untracked 
| 122|0x00000000fc000000, 0x00000000fc000000, 0x00000000fd000000|  0%| F|  |TAMS 0x00000000fc000000, 0x00000000fc000000| Untracked 
| 123|0x00000000fd000000, 0x00000000fd000000, 0x00000000fe000000|  0%| F|  |TAMS 0x00000000fd000000, 0x00000000fd000000| Untracked 
| 124|0x00000000fe000000, 0x00000000fe000000, 0x00000000ff000000|  0%| F|  |TAMS 0x00000000fe000000, 0x00000000fe000000| Untracked 
| 125|0x00000000ff000000, 0x00000000ff000000, 0x0000000100000000|  0%| F|  |TAMS 0x00000000ff000000, 0x00000000ff000000| Untracked 
| 126|0x0000000100000000, 0x0000000100000000, 0x0000000101000000|  0%| F|  |TAMS 0x0000000100000000, 0x0000000100000000| Untracked 
| 127|0x0000000101000000, 0x0000000101fd5e60, 0x0000000102000000| 98%| E|  |TAMS 0x0000000101000000, 0x0000000101000000| Complete 

Card table byte_map: [0x0000022e4a2b0000,0x0000022e4dea0000] _byte_map_base: 0x0000022e49ea0000

Marking Bits (Prev, Next): (CMBitMap*) 0x0000022e465b5ef0, (CMBitMap*) 0x0000022e465b5f30
 Prev Bits: [0x0000022e51a90000, 0x0000022e6fa10000)
 Next Bits: [0x0000022e00000000, 0x0000022e1df80000)

Polling page: 0x0000022e2c7a0000

Metaspace:

Usage:
  Non-class:      2.69 MB used.
      Class:    275.13 KB used.
       Both:      2.96 MB used.

Virtual space:
  Non-class space:       64.00 MB reserved,       2.75 MB (  4%) committed,  1 nodes.
      Class space:        1.00 GB reserved,     320.00 KB ( <1%) committed,  1 nodes.
             Both:        1.06 GB reserved,       3.06 MB ( <1%) committed. 

Chunk freelists:
   Non-Class:  11.69 MB
       Class:  15.70 MB
        Both:  27.40 MB

MaxMetaspaceSize: unlimited
CompressedClassSpaceSize: 1.00 GB
Initial GC threshold: 21.00 MB
Current GC threshold: 21.00 MB
CDS: on
MetaspaceReclaimPolicy: balanced
 - commit_granule_bytes: 65536.
 - commit_granule_words: 8192.
 - virtual_space_node_default_size: 8388608.
 - enlarge_chunks_in_place: 1.
 - new_chunks_are_fully_committed: 0.
 - uncommit_free_chunks: 1.
 - use_allocation_guard: 0.
 - handle_deallocations: 1.


Internal statistics:

num_allocs_failed_limit: 0.
num_arena_births: 40.
num_arena_deaths: 0.
num_vsnodes_births: 2.
num_vsnodes_deaths: 0.
num_space_committed: 49.
num_space_uncommitted: 0.
num_chunks_returned_to_freelist: 0.
num_chunks_taken_from_freelist: 68.
num_chunk_merges: 0.
num_chunk_splits: 43.
num_chunks_enlarged: 20.
num_inconsistent_stats: 0.

CodeHeap 'non-profiled nmethods': size=119168Kb used=190Kb max_used=190Kb free=118977Kb
 bounds [0x0000022e3e260000, 0x0000022e3e4d0000, 0x0000022e456c0000]
CodeHeap 'profiled nmethods': size=119104Kb used=890Kb max_used=890Kb free=118213Kb
 bounds [0x0000022e366c0000, 0x0000022e36930000, 0x0000022e3db10000]
CodeHeap 'non-nmethods': size=7488Kb used=2333Kb max_used=2348Kb free=5154Kb
 bounds [0x0000022e3db10000, 0x0000022e3dd80000, 0x0000022e3e260000]
 total_blobs=1016 nmethods=589 adapters=338
 compilation: enabled
              stopped_count=0, restarted_count=0
 full_count=0

Compilation events (20 events):
Event: 0.234 Thread 0x0000022e731e59e0  580   !   3       jdk.internal.misc.ScopedMemoryAccess::getIntInternal (36 bytes)
Event: 0.234 Thread 0x0000022e731e59e0 nmethod 580 0x0000022e3679a590 code [0x0000022e3679a740, 0x0000022e3679a9e8]
Event: 0.234 Thread 0x0000022e730c87e0  583       4       java.lang.String::checkBoundsBeginEnd (63 bytes)
Event: 0.234 Thread 0x0000022e731e59e0  581       3       java.util.concurrent.ConcurrentHashMap$Traverser::advance (188 bytes)
Event: 0.234 Thread 0x0000022e730c91a0 nmethod 579 0x0000022e3679ab90 code [0x0000022e3679ad80, 0x0000022e3679b238]
Event: 0.234 Thread 0x0000022e730c91a0  582       3       java.util.concurrent.ConcurrentHashMap$BaseIterator::hasNext (13 bytes)
Event: 0.234 Thread 0x0000022e730c91a0 nmethod 582 0x0000022e3679b510 code [0x0000022e3679b6a0, 0x0000022e3679b818]
Event: 0.234 Thread 0x0000022e731dc030 nmethod 577 0x0000022e3679b890 code [0x0000022e3679bac0, 0x0000022e3679c338]
Event: 0.234 Thread 0x0000022e731e59e0 nmethod 581 0x0000022e3679c810 code [0x0000022e3679ca60, 0x0000022e3679d688]
Event: 0.234 Thread 0x0000022e730c87e0 nmethod 583 0x0000022e3e28ef90 code [0x0000022e3e28f100, 0x0000022e3e28f1b8]
Event: 0.235 Thread 0x0000022e731e59e0  584       3       java.io.BufferedInputStream::getBufIfOpen (21 bytes)
Event: 0.235 Thread 0x0000022e731e59e0 nmethod 584 0x0000022e3679d910 code [0x0000022e3679dac0, 0x0000022e3679dd08]
Event: 0.239 Thread 0x0000022e731e59e0  585       3       java.lang.invoke.LambdaForm::forceInterpretation (14 bytes)
Event: 0.239 Thread 0x0000022e731e59e0 nmethod 585 0x0000022e3679de10 code [0x0000022e3679dfa0, 0x0000022e3679e118]
Event: 0.240 Thread 0x0000022e731e59e0  587       3       java.lang.invoke.MemberName::flagsMods (73 bytes)
Event: 0.240 Thread 0x0000022e730c91a0  588       3       java.lang.invoke.MemberName::init (67 bytes)
Event: 0.241 Thread 0x0000022e731e59e0 nmethod 587 0x0000022e3679e190 code [0x0000022e3679e320, 0x0000022e3679e458]
Event: 0.241 Thread 0x0000022e730c91a0 nmethod 588 0x0000022e3679e510 code [0x0000022e3679e6c0, 0x0000022e3679e918]
Event: 0.241 Thread 0x0000022e731e59e0  589       1       java.nio.Buffer::position (5 bytes)
Event: 0.241 Thread 0x0000022e731e59e0 nmethod 589 0x0000022e3e28f590 code [0x0000022e3e28f720, 0x0000022e3e28f7f8]

GC Heap History (0 events):
No events

Dll operation events (11 events):
Event: 0.006 Loaded shared library C:\Program Files\Java\jdk-17.0.10+7\bin\java.dll
Event: 0.022 Loaded shared library C:\Program Files\Java\jdk-17.0.10+7\bin\jsvml.dll
Event: 0.106 Loaded shared library C:\Program Files\Java\jdk-17.0.10+7\bin\zip.dll
Event: 0.108 Loaded shared library C:\Program Files\Java\jdk-17.0.10+7\bin\instrument.dll
Event: 0.112 Loaded shared library C:\Program Files\Java\jdk-17.0.10+7\bin\net.dll
Event: 0.113 Loaded shared library C:\Program Files\Java\jdk-17.0.10+7\bin\nio.dll
Event: 0.115 Loaded shared library C:\Program Files\Java\jdk-17.0.10+7\bin\zip.dll
Event: 0.156 Loaded shared library C:\Program Files\Java\jdk-17.0.10+7\bin\jimage.dll
Event: 0.186 Loaded shared library C:\Program Files\Java\jdk-17.0.10+7\bin\verify.dll
Event: 0.233 Loaded shared library C:\Users\marvi\AppData\Local\Temp\jelectronflow\nglink_x64.dll
Event: 0.238 Loaded shared library C:\Users\marvi\AppData\Local\Temp\jelectronflow\electronflow_jni_x64.dll

Deoptimization events (20 events):
Event: 0.195 Thread 0x0000022e2ebb4260 DEOPT PACKING pc=0x0000022e367422fc sp=0x000000980adf80a0
Event: 0.195 Thread 0x0000022e2ebb4260 DEOPT UNPACKING pc=0x0000022e3db67143 sp=0x000000980adf7508 mode 0
Event: 0.196 Thread 0x0000022e2ebb4260 DEOPT PACKING pc=0x0000022e367422fc sp=0x000000980adf80a0
Event: 0.196 Thread 0x0000022e2ebb4260 DEOPT UNPACKING pc=0x0000022e3db67143 sp=0x000000980adf7508 mode 0
Event: 0.197 Thread 0x0000022e2ebb4260 DEOPT PACKING pc=0x0000022e367422fc sp=0x000000980adf80a0
Event: 0.197 Thread 0x0000022e2ebb4260 DEOPT UNPACKING pc=0x0000022e3db67143 sp=0x000000980adf7508 mode 0
Event: 0.197 Thread 0x0000022e2ebb4260 DEOPT PACKING pc=0x0000022e367422fc sp=0x000000980adf80a0
Event: 0.197 Thread 0x0000022e2ebb4260 DEOPT UNPACKING pc=0x0000022e3db67143 sp=0x000000980adf7508 mode 0
Event: 0.198 Thread 0x0000022e2ebb4260 DEOPT PACKING pc=0x0000022e367422fc sp=0x000000980adfbb00
Event: 0.198 Thread 0x0000022e2ebb4260 DEOPT UNPACKING pc=0x0000022e3db67143 sp=0x000000980adfaf68 mode 0
Event: 0.199 Thread 0x0000022e2ebb4260 DEOPT PACKING pc=0x0000022e366f236a sp=0x000000980adf83b0
Event: 0.199 Thread 0x0000022e2ebb4260 DEOPT UNPACKING pc=0x0000022e3db67143 sp=0x000000980adf77d0 mode 0
Event: 0.201 Thread 0x0000022e2ebb4260 DEOPT PACKING pc=0x0000022e367422fc sp=0x000000980adfba30
Event: 0.201 Thread 0x0000022e2ebb4260 DEOPT UNPACKING pc=0x0000022e3db67143 sp=0x000000980adfae98 mode 0
Event: 0.202 Thread 0x0000022e2ebb4260 DEOPT PACKING pc=0x0000022e367422fc sp=0x000000980adfbb00
Event: 0.202 Thread 0x0000022e2ebb4260 DEOPT UNPACKING pc=0x0000022e3db67143 sp=0x000000980adfaf68 mode 0
Event: 0.204 Thread 0x0000022e2ebb4260 DEOPT PACKING pc=0x0000022e367422fc sp=0x000000980adf7c90
Event: 0.204 Thread 0x0000022e2ebb4260 DEOPT UNPACKING pc=0x0000022e3db67143 sp=0x000000980adf70f8 mode 0
Event: 0.206 Thread 0x0000022e2ebb4260 DEOPT PACKING pc=0x0000022e366d30d5 sp=0x000000980adf7fd0
Event: 0.206 Thread 0x0000022e2ebb4260 DEOPT UNPACKING pc=0x0000022e3db67143 sp=0x000000980adf7448 mode 0

Classes unloaded (0 events):
No events

Classes redefined (0 events):
No events

Internal exceptions (0 events):
No events

VM Operations (8 events):
Event: 0.044 Executing VM operation: HandshakeAllThreads
Event: 0.044 Executing VM operation: HandshakeAllThreads done
Event: 0.057 Executing VM operation: ChangeBreakpoints
Event: 0.057 Executing VM operation: ChangeBreakpoints done
Event: 0.094 Executing VM operation: ChangeBreakpoints
Event: 0.094 Executing VM operation: ChangeBreakpoints done
Event: 0.213 Executing VM operation: ChangeBreakpoints
Event: 0.213 Executing VM operation: ChangeBreakpoints done

Events (20 events):
Event: 0.217 loading class java/io/InputStreamReader
Event: 0.217 loading class java/io/InputStreamReader done
Event: 0.217 loading class java/io/FileNotFoundException
Event: 0.217 loading class java/io/FileNotFoundException done
Event: 0.224 loading class java/io/BufferedReader
Event: 0.224 loading class java/io/BufferedReader done
Event: 0.225 loading class sun/net/www/protocol/file/FileURLConnection
Event: 0.225 loading class sun/net/www/protocol/file/FileURLConnection done
Event: 0.225 loading class sun/net/ProgressMonitor
Event: 0.225 loading class sun/net/ProgressMonitor done
Event: 0.225 loading class sun/net/DefaultProgressMeteringPolicy
Event: 0.225 loading class sun/net/ProgressMeteringPolicy
Event: 0.225 loading class sun/net/ProgressMeteringPolicy done
Event: 0.225 loading class sun/net/DefaultProgressMeteringPolicy done
Event: 0.225 loading class sun/nio/cs/StreamDecoder
Event: 0.225 loading class sun/nio/cs/StreamDecoder done
Event: 0.225 loading class sun/nio/cs/UTF_8$Decoder
Event: 0.225 loading class sun/nio/cs/UTF_8$Decoder done
Event: 0.229 loading class java/io/FileOutputStream$1
Event: 0.229 loading class java/io/FileOutputStream$1 done


Dynamic libraries:
0x00007ff773f80000 - 0x00007ff773f8e000 	C:\Program Files\Java\jdk-17.0.10+7\bin\javaw.exe
0x00007ffc0d570000 - 0x00007ffc0d787000 	C:\WINDOWS\SYSTEM32\ntdll.dll
0x00007ffc0c310000 - 0x00007ffc0c3d4000 	C:\WINDOWS\System32\KERNEL32.DLL
0x00007ffc0aa20000 - 0x00007ffc0add7000 	C:\WINDOWS\System32\KERNELBASE.dll
0x00007ffc0af30000 - 0x00007ffc0b041000 	C:\WINDOWS\System32\ucrtbase.dll
0x00007ffbfe330000 - 0x00007ffbfe347000 	C:\Program Files\Java\jdk-17.0.10+7\bin\jli.dll
0x00007ffbe80f0000 - 0x00007ffbe810b000 	C:\Program Files\Java\jdk-17.0.10+7\bin\VCRUNTIME140.dll
0x00007ffc0b2c0000 - 0x00007ffc0b46f000 	C:\WINDOWS\System32\USER32.dll
0x00007ffc0a9f0000 - 0x00007ffc0aa16000 	C:\WINDOWS\System32\win32u.dll
0x00007ffbffb90000 - 0x00007ffbffe23000 	C:\WINDOWS\WinSxS\amd64_microsoft.windows.common-controls_6595b64144ccf1df_6.0.22621.3672_none_2713b9d173822955\COMCTL32.dll
0x00007ffc0c2e0000 - 0x00007ffc0c309000 	C:\WINDOWS\System32\GDI32.dll
0x00007ffc0c5f0000 - 0x00007ffc0c697000 	C:\WINDOWS\System32\msvcrt.dll
0x00007ffc0b0c0000 - 0x00007ffc0b1d8000 	C:\WINDOWS\System32\gdi32full.dll
0x00007ffc0ade0000 - 0x00007ffc0ae7a000 	C:\WINDOWS\System32\msvcp_win.dll
0x00007ffc0c0a0000 - 0x00007ffc0c0d1000 	C:\WINDOWS\System32\IMM32.DLL
0x00007ffc076e0000 - 0x00007ffc076ec000 	C:\Program Files\Java\jdk-17.0.10+7\bin\vcruntime140_1.dll
0x00007ffbe1e00000 - 0x00007ffbe1e8d000 	C:\Program Files\Java\jdk-17.0.10+7\bin\msvcp140.dll
0x00007ffbb5380000 - 0x00007ffbb5fe5000 	C:\Program Files\Java\jdk-17.0.10+7\bin\server\jvm.dll
0x00007ffc0d1b0000 - 0x00007ffc0d262000 	C:\WINDOWS\System32\ADVAPI32.dll
0x00007ffc0c230000 - 0x00007ffc0c2d8000 	C:\WINDOWS\System32\sechost.dll
0x00007ffc0af00000 - 0x00007ffc0af28000 	C:\WINDOWS\System32\bcrypt.dll
0x00007ffc0d070000 - 0x00007ffc0d184000 	C:\WINDOWS\System32\RPCRT4.dll
0x00007ffbfa6c0000 - 0x00007ffbfa6c9000 	C:\WINDOWS\SYSTEM32\WSOCK32.dll
0x00007ffc0a0e0000 - 0x00007ffc0a12d000 	C:\WINDOWS\SYSTEM32\POWRPROF.dll
0x00007ffbf95f0000 - 0x00007ffbf9624000 	C:\WINDOWS\SYSTEM32\WINMM.dll
0x00007ffc0baa0000 - 0x00007ffc0bb11000 	C:\WINDOWS\System32\WS2_32.dll
0x00007ffc05000000 - 0x00007ffc0500a000 	C:\WINDOWS\SYSTEM32\VERSION.dll
0x00007ffc0a0c0000 - 0x00007ffc0a0d3000 	C:\WINDOWS\SYSTEM32\UMPDC.dll
0x00007ffc098d0000 - 0x00007ffc098e8000 	C:\WINDOWS\SYSTEM32\kernel.appcore.dll
0x00007ffbfe320000 - 0x00007ffbfe32a000 	C:\Program Files\Java\jdk-17.0.10+7\bin\jimage.dll
0x00007ffbf3e60000 - 0x00007ffbf4092000 	C:\WINDOWS\SYSTEM32\DBGHELP.DLL
0x00007ffc0b550000 - 0x00007ffc0b8de000 	C:\WINDOWS\System32\combase.dll
0x00007ffc0b470000 - 0x00007ffc0b547000 	C:\WINDOWS\System32\OLEAUT32.dll
0x00007ffbfa550000 - 0x00007ffbfa582000 	C:\WINDOWS\SYSTEM32\dbgcore.DLL
0x00007ffc0ae80000 - 0x00007ffc0aefb000 	C:\WINDOWS\System32\bcryptPrimitives.dll
0x00007ffbe1fc0000 - 0x00007ffbe1ffb000 	C:\Program Files\Java\jdk-17.0.10+7\bin\jdwp.dll
0x00007ffbe6e70000 - 0x00007ffbe6e7e000 	C:\Program Files\Java\jdk-17.0.10+7\bin\instrument.dll
0x00007ffbe1dd0000 - 0x00007ffbe1df5000 	C:\Program Files\Java\jdk-17.0.10+7\bin\java.dll
0x00007ffbb52a0000 - 0x00007ffbb5377000 	C:\Program Files\Java\jdk-17.0.10+7\bin\jsvml.dll
0x00007ffc0c6a0000 - 0x00007ffc0cf09000 	C:\WINDOWS\System32\SHELL32.dll
0x00007ffc087c0000 - 0x00007ffc090bf000 	C:\WINDOWS\SYSTEM32\windows.storage.dll
0x00007ffc08680000 - 0x00007ffc087bf000 	C:\WINDOWS\SYSTEM32\wintypes.dll
0x00007ffc0bb20000 - 0x00007ffc0bc19000 	C:\WINDOWS\System32\SHCORE.dll
0x00007ffc0cf10000 - 0x00007ffc0cf6e000 	C:\WINDOWS\System32\shlwapi.dll
0x00007ffc0a7b0000 - 0x00007ffc0a7d7000 	C:\WINDOWS\SYSTEM32\profapi.dll
0x00007ffbe4110000 - 0x00007ffbe411c000 	C:\Program Files\Java\jdk-17.0.10+7\bin\dt_socket.dll
0x00007ffc09360000 - 0x00007ffc0938d000 	C:\WINDOWS\SYSTEM32\IPHLPAPI.DLL
0x00007ffc09d40000 - 0x00007ffc09da9000 	C:\WINDOWS\system32\mswsock.dll
0x00007ffc09390000 - 0x00007ffc09492000 	C:\WINDOWS\SYSTEM32\DNSAPI.dll
0x00007ffc0d190000 - 0x00007ffc0d199000 	C:\WINDOWS\System32\NSI.dll
0x0000000065950000 - 0x0000000065976000 	C:\Program Files\Bonjour\mdnsNSP.dll
0x00007ffc02c10000 - 0x00007ffc02c1a000 	C:\Windows\System32\rasadhlp.dll
0x00007ffc02640000 - 0x00007ffc026c3000 	C:\WINDOWS\System32\fwpuclnt.dll
0x00007ffbe1d90000 - 0x00007ffbe1da8000 	C:\Program Files\Java\jdk-17.0.10+7\bin\zip.dll
0x00007ffbe1fa0000 - 0x00007ffbe1fb9000 	C:\Program Files\Java\jdk-17.0.10+7\bin\net.dll
0x00007ffc03170000 - 0x00007ffc032a6000 	C:\WINDOWS\SYSTEM32\WINHTTP.dll
0x00007ffbe1db0000 - 0x00007ffbe1dc6000 	C:\Program Files\Java\jdk-17.0.10+7\bin\nio.dll
0x00007ffbe20f0000 - 0x00007ffbe2100000 	C:\Program Files\Java\jdk-17.0.10+7\bin\verify.dll
0x00007ffbca5b0000 - 0x00007ffbca5e2000 	C:\Users\marvi\AppData\Local\Temp\jelectronflow\nglink_x64.dll
0x00007ffbb4430000 - 0x00007ffbb4502000 	D:\Programms\mingw64-ucrt\bin\libgcc_s_seh-1.dll
0x00007ffbb4f80000 - 0x00007ffbb51c7000 	D:\Programms\mingw64-ucrt\bin\libstdc++-6.dll
0x00007ffbe0ff0000 - 0x00007ffbe1010000 	D:\Programms\mingw64-ucrt\bin\libwinpthread-1.dll
0x00007ffbbec40000 - 0x00007ffbbec93000 	C:\Users\marvi\AppData\Local\Temp\jelectronflow\electronflow_jni_x64.dll

dbghelp: loaded successfully - version: 4.0.5 - missing functions: none
symbol engine: initialized successfully - sym options: 0x614 - pdb path: .;C:\Program Files\Java\jdk-17.0.10+7\bin;C:\WINDOWS\SYSTEM32;C:\WINDOWS\WinSxS\amd64_microsoft.windows.common-controls_6595b64144ccf1df_6.0.22621.3672_none_2713b9d173822955;C:\Program Files\Java\jdk-17.0.10+7\bin\server;C:\Program Files\Bonjour;C:\Users\marvi\AppData\Local\Temp\jelectronflow;D:\Programms\mingw64-ucrt\bin

VM Arguments:
jvm_args: -XX:+ShowCodeDetailsInExceptionMessages -agentlib:jdwp=transport=dt_socket,suspend=y,address=localhost:53045 -javaagent:D:\Eclipse\eclipse\configuration\org.eclipse.osgi\827\0\.cp\lib\javaagent-shaded.jar -Dfile.encoding=UTF-8 -Dstdout.encoding=UTF-8 -Dstderr.encoding=UTF-8 
java_command: testing.Test
java_class_path (initial): E:\GitHub\LIBRARY-ElectronFlow\JElectronFlow\bin\main;E:\GitHub\LIBRARY-ElectronFlow\JElectronFlow\bin\test;E:\GitHub\LIBRARY-ElectronFlow\JElectronFlow\bin\default
Launcher Type: SUN_STANDARD

[Global flags]
     intx CICompilerCount                          = 12                                        {product} {ergonomic}
     uint ConcGCThreads                            = 5                                         {product} {ergonomic}
     uint G1ConcRefinementThreads                  = 18                                        {product} {ergonomic}
   size_t G1HeapRegionSize                         = 16777216                                  {product} {ergonomic}
    uintx GCDrainStackTargetSize                   = 64                                        {product} {ergonomic}
   size_t InitialHeapSize                          = 2147483648                                {product} {ergonomic}
   size_t MarkStackSize                            = 4194304                                   {product} {ergonomic}
   size_t MaxHeapSize                              = 32178700288                               {product} {ergonomic}
   size_t MaxNewSize                               = 19293798400                               {product} {ergonomic}
   size_t MinHeapDeltaBytes                        = 16777216                                  {product} {ergonomic}
   size_t MinHeapSize                              = 16777216                                  {product} {ergonomic}
    uintx NonNMethodCodeHeapSize                   = 7602480                                {pd product} {ergonomic}
    uintx NonProfiledCodeHeapSize                  = 122027880                              {pd product} {ergonomic}
    uintx ProfiledCodeHeapSize                     = 122027880                              {pd product} {ergonomic}
    uintx ReservedCodeCacheSize                    = 251658240                              {pd product} {ergonomic}
     bool SegmentedCodeCache                       = true                                      {product} {ergonomic}
     bool ShowCodeDetailsInExceptionMessages       = true                                   {manageable} {command line}
   size_t SoftMaxHeapSize                          = 32178700288                            {manageable} {ergonomic}
     bool UseCompressedClassPointers               = true                           {product lp64_product} {ergonomic}
     bool UseCompressedOops                        = true                           {product lp64_product} {ergonomic}
     bool UseG1GC                                  = true                                      {product} {ergonomic}
     bool UseLargePagesIndividualAllocation        = false                                  {pd product} {ergonomic}

Logging:
Log output configuration:
 #0: stdout all=warning uptime,level,tags
 #1: stderr all=off uptime,level,tags

Environment Variables:
JAVA_HOME=C:\Program Files\Java\jdk-17.0.10+7
PATH=C:/Program Files/Java/jdk-21.0.3+9/bin/server;C:/Program Files/Java/jdk-21.0.3+9/bin;C:\Program Files\Java\jdk-21.0.3+9\bin;C:\Windows\system32;C:\Windows;C:\Windows\System32\Wbem;C:\Windows\System32\WindowsPowerShell\v1.0\;C:\Windows\System32\OpenSSH\;C:\Program Files (x86)\NVIDIA Corporation\PhysX\Common;C:\Program Files\NVIDIA Corporation\NVIDIA NvDLISR;C:\WINDOWS\system32;C:\WINDOWS;C:\WINDOWS\System32\Wbem;C:\WINDOWS\System32\WindowsPowerShell\v1.0\;C:\WINDOWS\System32\OpenSSH\;C:\Program Files (x86)\IVI Foundation\VISA\WinNT\Bin\;C:\Program Files\IVI Foundation\VISA\Win64\Bin\;C:\Program Files\Git\cmd;C:\Program Files\dotnet\;C:\Program Files (x86)\PuTTY\;D:\Program Files\MathWorks\R2024a\bin;C:\WINDOWS\system32;C:\WINDOWS;C:\WINDOWS\System32\Wbem;C:\WINDOWS\System32\WindowsPowerShell\v1.0\;C:\WINDOWS\System32\OpenSSH\;D:\Program Files\CMake\bin;D:\Programms\mingw64-ucrt\bin;C:\Users\marvi\AppData\Local\Microsoft\WindowsApps;C:\Users\marvi\AppData\Local\GitHubDesktop\bin;C:\Users\marvi\.dotnet\tools;D:\Program Files\gradle-8.5\bin;D:\Program Files\Wireshark;D:\Program Files\GPAC;D:\Programms\SysGCC\bin;D:\Program Files\Fiddler;D:\Programms\avr8-gnu-toolchain-win32_x86_64\bin;D:\Programms\gnu-tools-for-stm32-win32\bin;D:\Programms\ffmpeg\bin;D:\Programms\SysGCC\bin;D:\Programms\SerialPortTerminal;D:\Programms\JavaRun;D:\Programms\mingw64\bin;D:\Programms\apache-maven-3.9.9\bin;;C:\WINDOWS\system32;
USERNAME=marvi
OS=Windows_NT
PROCESSOR_IDENTIFIER=AMD64 Family 23 Model 113 Stepping 0, AuthenticAMD
TMP=C:\Users\marvi\AppData\Local\Temp
TEMP=C:\Users\marvi\AppData\Local\Temp



Periodic native trim disabled


---------------  S Y S T E M  ---------------

OS:
 Windows 11 , 64 bit Build 22621 (10.0.22621.3958)
OS uptime: 0 days 8:39 hours

CPU: total 24 (initial active 24) (24 cores per cpu, 2 threads per core) family 23 model 113 stepping 0 microcode 0x0, cx8, cmov, fxsr, ht, mmx, 3dnowpref, sse, sse2, sse3, ssse3, sse4a, sse4.1, sse4.2, popcnt, lzcnt, tsc, tscinvbit, avx, avx2, aes, clmul, bmi1, bmi2, adx, sha, fma, vzeroupper, clflush, clflushopt
Processor Information for all 24 processors :
  Max Mhz: 3801, Current Mhz: 3801, Mhz Limit: 3801

Memory: 4k page, system-wide physical 130992M (107939M free)
TotalPageFile size 139184M (AvailPageFile size 93826M)
current process WorkingSet (physical memory assigned to process): 59M, peak: 59M
current process commit charge ("private bytes"): 2238M, peak: 2238M

vm_info: OpenJDK 64-Bit Server VM (17.0.10+7-LTS) for windows-amd64 JRE (17.0.10+7-LTS), built on Jan 10 2024 19:47:12 by "MicrosoftCorporation" with MS VC++ 16.10 / 16.11 (VS2019)

END.
