#
# A fatal error has been detected by the Java Runtime Environment:
#
#  EXCEPTION_ACCESS_VIOLATION (0xc0000005) at pc=0x00007ffbb538c9d0, pid=34948, tid=34972
#
# JRE version: OpenJDK Runtime Environment Microsoft-8902769 (17.0.10+7) (build 17.0.10+7-LTS)
# Java VM: OpenJDK 64-Bit Server VM Microsoft-8902769 (17.0.10+7-LTS, mixed mode, sharing, tiered, compressed oops, compressed class ptrs, g1 gc, windows-amd64)
# Problematic frame:
# V  [jvm.dll+0xc9d0]
#
# No core dump will be written. Minidumps are not enabled by default on client versions of Windows
#
# If you would like to submit a bug report, please visit:
#   https://github.com/microsoft/openjdk/issues
#

---------------  S U M M A R Y ------------

Command Line: -XX:+ShowCodeDetailsInExceptionMessages -agentlib:jdwp=transport=dt_socket,suspend=y,address=localhost:53533 -javaagent:D:\Eclipse\eclipse\configuration\org.eclipse.osgi\827\0\.cp\lib\javaagent-shaded.jar -Dfile.encoding=UTF-8 -Dstdout.encoding=UTF-8 -Dstderr.encoding=UTF-8 testing.Test

Host: AMD Ryzen 9 3900X 12-Core Processor            , 24 cores, 127G,  Windows 11 , 64 bit Build 22621 (10.0.22621.3958)
Time: Sat Oct 12 00:42:09 2024 Mitteleuropäische Sommerzeit elapsed time: 0.299472 seconds (0d 0h 0m 0s)

---------------  T H R E A D  ---------------

Current thread (0x0000025563aa8b90):  JavaThread "main" [_thread_in_vm, id=34972, stack(0x0000007956b00000,0x0000007956c00000)]

Stack: [0x0000007956b00000,0x0000007956c00000],  sp=0x0000007956bfedd8,  free space=1019k
Native frames: (J=compiled Java code, j=interpreted, Vv=VM code, C=native code)
V  [jvm.dll+0xc9d0]

Java frames: (J=compiled Java code, j=interpreted, Vv=VM code)
j  de.m_marvin.electronflow.Solver.setLibName(JLjava/lang/String;)I+0
j  de.m_marvin.electronflow.Solver.setLibName(Ljava/lang/String;)V+7
j  de.m_marvin.electronflow.Solver.attachElectronFlow(Ljava/util/function/Consumer;)Z+25
j  de.m_marvin.electronflow.Solver.attachElectronFlow()Z+14
j  testing.Test.main([Ljava/lang/String;)V+9
v  ~StubRoutines::call_stub

siginfo: EXCEPTION_ACCESS_VIOLATION (0xc0000005), reading address 0x0000000000000000


Registers:
RAX=0x0000000000000000, RBX=0x0000025563aa8b90, RCX=0x0000000000000000, RDX=0x0000000000000000
RSP=0x0000007956bfedd8, RBP=0x00007ffbbec83100, RSI=0x0000000000000000, RDI=0x0000000000000000
R8 =0x0000000000000000, R9 =0x00007ffbbec83128, R10=0x0000000000000000, R11=0x0000000000000102
R12=0x00000255c51d4640, R13=0x00000255c14427e8, R14=0x0000000000000000, R15=0x0000025563aa8b90
RIP=0x00007ffbb538c9d0, EFLAGS=0x0000000000010246


Register to memory mapping:

RIP=0x00007ffbb538c9d0 jvm.dll
RAX=0x0 is NULL
RBX=0x0000025563aa8b90 is a thread
RCX=0x0 is NULL
RDX=0x0 is NULL
RSP=0x0000007956bfedd8 is pointing into the stack for thread: 0x0000025563aa8b90
RBP=0x00007ffbbec83100 electronflow_jni_x64.dll
RSI=0x0 is NULL
RDI=0x0 is NULL
R8 =0x0 is NULL
R9 =0x00007ffbbec83128 electronflow_jni_x64.dll
R10=0x0 is NULL
R11=0x0000000000000102 is an unknown value
R12=0x00000255c51d4640 points into unknown readable memory: 0x00000255460e14c0 | c0 14 0e 46 55 02 00 00
R13={method} {0x00000255c14427f0} 'setLibName' '(JLjava/lang/String;)I' in 'de/m_marvin/electronflow/Solver'
R14=0x0 is NULL
R15=0x0000025563aa8b90 is a thread


Top of Stack: (sp=0x0000007956bfedd8)
0x0000007956bfedd8:   00007ffbb575d75b 000000000000000d
0x0000007956bfede8:   00000255c557dc70 0000007956bfeeb0
0x0000007956bfedf8:   0000025563aa8e48 0000025563aa8b90
0x0000007956bfee08:   0000000000000000 00007ffbbec83100
0x0000007956bfee18:   00000255ffffffff 0000000000000000
0x0000007956bfee28:   0000000000000000 0000025563aa8e48
0x0000007956bfee38:   00007ffbbec49c33 00007ffbbec83100
0x0000007956bfee48:   0000007956bfefb8 0000000000000000
0x0000007956bfee58:   0000025572a0a322 00007ffbbec83100
0x0000007956bfee68:   00000255c1442701 0000007956bfef80
0x0000007956bfee78:   00007ffbb5707ec2 0000000000001974
0x0000007956bfee88:   0000007956bff570 0000025563aa8b90
0x0000007956bfee98:   0000025563aa8b90 00000255c14427e8
0x0000007956bfeea8:   0000025563aa8b90 00000255c14427e8
0x0000007956bfeeb8:   0000007956bff570 0000025572a0a322
0x0000007956bfeec8:   0000007956bfef80 0000000000000000
0x0000007956bfeed8:   00000255c14427e8 0000007956bfefb8
0x0000007956bfeee8:   0000025572a11366 00000255c14427e8
0x0000007956bfeef8:   0000007956bfef40 000000002aafb23c
0x0000007956bfef08:   0000025572a10cd2 00000255c14427e8
0x0000007956bfef18:   0000007956bff570 3ff0000000000000
0x0000007956bfef28:   0000025563aa8b90 0000025572a10c76
0x0000007956bfef38:   0000007956bfef38 00000255c14427e8
0x0000007956bfef48:   0000007956bfefb8 00000255c1443150
0x0000007956bfef58:   0000000000000000 0000000101db3568
0x0000007956bfef68:   00000255c14427e8 0000000000000000
0x0000007956bfef78:   0000007956bfefa0 0000007956bff010
0x0000007956bfef88:   0000025572a0a322 0000000000000000
0x0000007956bfef98:   0000025572a0d4f6 0000000000000000
0x0000007956bfefa8:   000000002aafb23c 0000000000000000
0x0000007956bfefb8:   000000010034cff8 000000010034cff8
0x0000007956bfefc8:   0000007956bfefc8 00000255c1442887 

Instructions: (pc=0x00007ffbb538c9d0)
0x00007ffbb538c8d0:   00 00 00 48 8b 41 38 48 8b 80 68 09 00 00 48 8b
0x00007ffbb538c8e0:   48 08 48 8b 40 50 48 d3 ea 80 3c 02 01 0f 85 cd
0x00007ffbb538c8f0:   00 00 00 48 8b 13 0f b6 c2 24 03 3c 03 75 19 48
0x00007ffbb538c900:   83 e2 fc 74 13 48 3b da 74 11 48 8b c2 48 8b 5c
0x00007ffbb538c910:   24 38 48 83 c4 20 5e c3 48 8b d3 48 8b 46 38 0f
0x00007ffbb538c920:   be 88 f0 02 00 00 c1 e9 02 f6 c1 01 74 dc 48 89
0x00007ffbb538c930:   7c 24 30 e8 a8 e3 ff ff 48 8b 0d 89 0c bb 00 48
0x00007ffbb538c940:   8b f8 48 81 c1 70 09 00 00 8b 41 40 0f b6 57 21
0x00007ffbb538c950:   8d 42 01 88 47 21 84 d2 75 0a 48 8b d7 e8 ae 2d
0x00007ffbb538c960:   70 00 eb 20 80 7f 22 00 75 1a 8b 41 40 85 05 49
0x00007ffbb538c970:   05 9b 00 74 0f b8 ff ff ff ff f0 0f c1 41 40 e8
0x00007ffbb538c980:   dc 2d 70 00 48 8b 4e 38 4c 8b c7 48 8b d3 e8 dd
0x00007ffbb538c990:   f7 ff ff 0f b6 4f 21 48 8b d8 48 8b 15 27 0c bb
0x00007ffbb538c9a0:   00 8d 41 ff 88 47 21 80 f9 01 77 0f 48 8d 8a 70
0x00007ffbb538c9b0:   09 00 00 48 8b d7 e8 85 2d 70 00 48 8b 7c 24 30
0x00007ffbb538c9c0:   48 8b c3 48 8b 5c 24 38 48 83 c4 20 5e c3 cc cc
0x00007ffbb538c9d0:   48 8b 01 c3 cc cc cc cc cc cc cc cc cc cc cc cc
0x00007ffbb538c9e0:   4c 8b 01 4c 8b c9 48 8b 0d a3 91 b6 00 ba 44 60
0x00007ffbb538c9f0:   08 00 e9 d9 f1 ff ff cc cc cc cc cc cc cc cc cc
0x00007ffbb538ca00:   48 89 5c 24 08 57 48 83 ec 20 48 8b 39 48 8b d9
0x00007ffbb538ca10:   48 85 3d c1 7a bb 00 75 0e 48 8b c7 48 8b 5c 24
0x00007ffbb538ca20:   30 48 83 c4 20 5f c3 48 8b cf e8 51 c2 85 00 48
0x00007ffbb538ca30:   8b d0 48 85 c0 74 20 48 8b c7 f0 48 0f b1 13 74
0x00007ffbb538ca40:   16 48 85 05 90 7a bb 00 74 0d 48 8b c8 f0 48 0f
0x00007ffbb538ca50:   b1 13 48 3b c1 75 ea 48 8b 5c 24 30 48 8b c2 48
0x00007ffbb538ca60:   83 c4 20 5f c3 cc cc cc cc cc cc cc cc cc cc cc
0x00007ffbb538ca70:   4c 8b 01 4c 8b c9 48 8b 0d 13 91 b6 00 ba 64 60
0x00007ffbb538ca80:   08 00 e9 49 f1 ff ff cc cc cc cc cc cc cc cc cc
0x00007ffbb538ca90:   8b 05 62 d8 b0 00 c3 cc cc cc cc cc cc cc cc cc
0x00007ffbb538caa0:   0f b6 05 40 99 b7 00 48 8b d1 84 c0 74 16 44 8b
0x00007ffbb538cab0:   41 08 8b 0d 40 d8 b0 00 49 d3 e0 4c 03 05 2e d8
0x00007ffbb538cac0:   b0 00 eb 04 4c 8b 41 08 45 8b 50 08 45 85 d2 7e 


Stack slot to memory mapping:
stack at sp + 0 slots: 0x00007ffbb575d75b jvm.dll
stack at sp + 1 slots: 0x000000000000000d is an unknown value
stack at sp + 2 slots: 0x00000255c557dc70 points into unknown readable memory: 0x0000000000000001 | 01 00 00 00 00 00 00 00
stack at sp + 3 slots: 0x0000007956bfeeb0 is pointing into the stack for thread: 0x0000025563aa8b90
stack at sp + 4 slots: 0x0000025563aa8e48 points into unknown readable memory: 0x00007ffbb5e9c800 | 00 c8 e9 b5 fb 7f 00 00
stack at sp + 5 slots: 0x0000025563aa8b90 is a thread
stack at sp + 6 slots: 0x0 is NULL
stack at sp + 7 slots: 0x00007ffbbec83100 electronflow_jni_x64.dll


---------------  P R O C E S S  ---------------

Threads class SMR info:
_java_thread_list=0x00000255c52e2170, length=17, elements={
0x0000025563aa8b90, 0x0000025545fa56c0, 0x0000025545fa6250, 0x0000025545fb7350,
0x0000025545fb8c30, 0x0000025545fb9500, 0x0000025545fba1e0, 0x0000025545fc63a0,
0x0000025545fc6d60, 0x0000025545fd9e40, 0x00000255460d2e50, 0x00000255460d7930,
0x00000255460e08c0, 0x00000255c51f4640, 0x00000255c51f56e0, 0x00000255c51a1a70,
0x00000255c531f370
}

Java Threads: ( => current thread )
=>0x0000025563aa8b90 JavaThread "main" [_thread_in_vm, id=34972, stack(0x0000007956b00000,0x0000007956c00000)]
  0x0000025545fa56c0 JavaThread "Reference Handler" daemon [_thread_blocked, id=21272, stack(0x0000007957200000,0x0000007957300000)]
  0x0000025545fa6250 JavaThread "Finalizer" daemon [_thread_blocked, id=30828, stack(0x0000007957300000,0x0000007957400000)]
  0x0000025545fb7350 JavaThread "Signal Dispatcher" daemon [_thread_blocked, id=36144, stack(0x0000007957400000,0x0000007957500000)]
  0x0000025545fb8c30 JavaThread "Attach Listener" daemon [_thread_blocked, id=33868, stack(0x0000007957500000,0x0000007957600000)]
  0x0000025545fb9500 JavaThread "Service Thread" daemon [_thread_blocked, id=36544, stack(0x0000007957600000,0x0000007957700000)]
  0x0000025545fba1e0 JavaThread "Monitor Deflation Thread" daemon [_thread_blocked, id=26728, stack(0x0000007957700000,0x0000007957800000)]
  0x0000025545fc63a0 JavaThread "C2 CompilerThread0" daemon [_thread_blocked, id=35752, stack(0x0000007957800000,0x0000007957900000)]
  0x0000025545fc6d60 JavaThread "C1 CompilerThread0" daemon [_thread_blocked, id=35568, stack(0x0000007957900000,0x0000007957a00000)]
  0x0000025545fd9e40 JavaThread "Sweeper thread" daemon [_thread_blocked, id=35128, stack(0x0000007957a00000,0x0000007957b00000)]
  0x00000255460d2e50 JavaThread "Common-Cleaner" daemon [_thread_blocked, id=10404, stack(0x0000007957b00000,0x0000007957c00000)]
  0x00000255460d7930 JavaThread "C1 CompilerThread1" daemon [_thread_blocked, id=32428, stack(0x0000007957c00000,0x0000007957d00000)]
  0x00000255460e08c0 JavaThread "C1 CompilerThread2" daemon [_thread_blocked, id=36244, stack(0x0000007957d00000,0x0000007957e00000)]
  0x00000255c51f4640 JavaThread "JDWP Transport Listener: dt_socket" daemon [_thread_blocked, id=35028, stack(0x0000007957e00000,0x0000007957f00000)]
  0x00000255c51f56e0 JavaThread "JDWP Event Helper Thread" daemon [_thread_blocked, id=15412, stack(0x0000007957f00000,0x0000007958000000)]
  0x00000255c51a1a70 JavaThread "JDWP Command Reader" daemon [_thread_in_native, id=30668, stack(0x0000007958000000,0x0000007958100000)]
  0x00000255c531f370 JavaThread "Notification Thread" daemon [_thread_blocked, id=29280, stack(0x0000007958100000,0x0000007958200000)]

Other Threads:
  0x0000025545f9ec90 VMThread "VM Thread" [stack: 0x0000007957100000,0x0000007957200000] [id=34016]
  0x0000025563aa9820 WatcherThread [stack: 0x0000007958200000,0x0000007958300000] [id=36188]
  0x0000025563add5e0 GCTaskThread "GC Thread#0" [stack: 0x0000007956c00000,0x0000007956d00000] [id=420]
  0x0000025563aed400 ConcurrentGCThread "G1 Main Marker" [stack: 0x0000007956d00000,0x0000007956e00000] [id=18920]
  0x0000025563aee5c0 ConcurrentGCThread "G1 Conc#0" [stack: 0x0000007956e00000,0x0000007956f00000] [id=36272]
  0x000002557b57c590 ConcurrentGCThread "G1 Refine#0" [stack: 0x0000007956f00000,0x0000007957000000] [id=30044]
  0x0000025545e6c590 ConcurrentGCThread "G1 Service" [stack: 0x0000007957000000,0x0000007957100000] [id=25676]

Threads with active compile tasks:

VM state: not at safepoint (normal execution)

VM Mutex/Monitor currently owned by a thread: None

Heap address: 0x0000000082000000, size: 30688 MB, Compressed Oops mode: Zero based, Oop shift amount: 3

CDS archive(s) mapped at: [0x0000025580000000-0x0000025580bb0000-0x0000025580bb0000), size 12255232, SharedBaseAddress: 0x0000025580000000, ArchiveRelocationMode: 1.
Compressed class space mapped at: 0x0000025581000000-0x00000255c1000000, reserved size: 1073741824
Narrow klass base: 0x0000025580000000, Narrow klass shift: 0, Narrow klass range: 0x100000000

GC Precious Log:
 CPUs: 24 total, 24 available
 Memory: 127G
 Large Page Support: Disabled
 NUMA Support: Disabled
 Compressed Oops: Enabled (Zero based)
 Heap Region Size: 16M
 Heap Min Capacity: 16M
 Heap Initial Capacity: 2G
 Heap Max Capacity: 30688M
 Pre-touch: Disabled
 Parallel Workers: 18
 Concurrent Workers: 5
 Concurrent Refinement Workers: 18
 Periodic GC: Disabled

Heap:
 garbage-first heap   total 2097152K, used 16384K [0x0000000082000000, 0x0000000800000000)
  region size 16384K, 2 young (32768K), 0 survivors (0K)
 Metaspace       used 3037K, committed 3136K, reserved 1114112K
  class space    used 275K, committed 320K, reserved 1048576K

Heap Regions: E=young(eden), S=young(survivor), O=old, HS=humongous(starts), HC=humongous(continues), CS=collection set, F=free, OA=open archive, CA=closed archive, TAMS=top-at-mark-start (previous, next)
|   0|0x0000000082000000, 0x0000000082000000, 0x0000000083000000|  0%| F|  |TAMS 0x0000000082000000, 0x0000000082000000| Untracked 
|   1|0x0000000083000000, 0x0000000083000000, 0x0000000084000000|  0%| F|  |TAMS 0x0000000083000000, 0x0000000083000000| Untracked 
|   2|0x0000000084000000, 0x0000000084000000, 0x0000000085000000|  0%| F|  |TAMS 0x0000000084000000, 0x0000000084000000| Untracked 
|   3|0x0000000085000000, 0x0000000085000000, 0x0000000086000000|  0%| F|  |TAMS 0x0000000085000000, 0x0000000085000000| Untracked 
|   4|0x0000000086000000, 0x0000000086000000, 0x0000000087000000|  0%| F|  |TAMS 0x0000000086000000, 0x0000000086000000| Untracked 
|   5|0x0000000087000000, 0x0000000087000000, 0x0000000088000000|  0%| F|  |TAMS 0x0000000087000000, 0x0000000087000000| Untracked 
|   6|0x0000000088000000, 0x0000000088000000, 0x0000000089000000|  0%| F|  |TAMS 0x0000000088000000, 0x0000000088000000| Untracked 
|   7|0x0000000089000000, 0x0000000089000000, 0x000000008a000000|  0%| F|  |TAMS 0x0000000089000000, 0x0000000089000000| Untracked 
|   8|0x000000008a000000, 0x000000008a000000, 0x000000008b000000|  0%| F|  |TAMS 0x000000008a000000, 0x000000008a000000| Untracked 
|   9|0x000000008b000000, 0x000000008b000000, 0x000000008c000000|  0%| F|  |TAMS 0x000000008b000000, 0x000000008b000000| Untracked 
|  10|0x000000008c000000, 0x000000008c000000, 0x000000008d000000|  0%| F|  |TAMS 0x000000008c000000, 0x000000008c000000| Untracked 
|  11|0x000000008d000000, 0x000000008d000000, 0x000000008e000000|  0%| F|  |TAMS 0x000000008d000000, 0x000000008d000000| Untracked 
|  12|0x000000008e000000, 0x000000008e000000, 0x000000008f000000|  0%| F|  |TAMS 0x000000008e000000, 0x000000008e000000| Untracked 
|  13|0x000000008f000000, 0x000000008f000000, 0x0000000090000000|  0%| F|  |TAMS 0x000000008f000000, 0x000000008f000000| Untracked 
|  14|0x0000000090000000, 0x0000000090000000, 0x0000000091000000|  0%| F|  |TAMS 0x0000000090000000, 0x0000000090000000| Untracked 
|  15|0x0000000091000000, 0x0000000091000000, 0x0000000092000000|  0%| F|  |TAMS 0x0000000091000000, 0x0000000091000000| Untracked 
|  16|0x0000000092000000, 0x0000000092000000, 0x0000000093000000|  0%| F|  |TAMS 0x0000000092000000, 0x0000000092000000| Untracked 
|  17|0x0000000093000000, 0x0000000093000000, 0x0000000094000000|  0%| F|  |TAMS 0x0000000093000000, 0x0000000093000000| Untracked 
|  18|0x0000000094000000, 0x0000000094000000, 0x0000000095000000|  0%| F|  |TAMS 0x0000000094000000, 0x0000000094000000| Untracked 
|  19|0x0000000095000000, 0x0000000095000000, 0x0000000096000000|  0%| F|  |TAMS 0x0000000095000000, 0x0000000095000000| Untracked 
|  20|0x0000000096000000, 0x0000000096000000, 0x0000000097000000|  0%| F|  |TAMS 0x0000000096000000, 0x0000000096000000| Untracked 
|  21|0x0000000097000000, 0x0000000097000000, 0x0000000098000000|  0%| F|  |TAMS 0x0000000097000000, 0x0000000097000000| Untracked 
|  22|0x0000000098000000, 0x0000000098000000, 0x0000000099000000|  0%| F|  |TAMS 0x0000000098000000, 0x0000000098000000| Untracked 
|  23|0x0000000099000000, 0x0000000099000000, 0x000000009a000000|  0%| F|  |TAMS 0x0000000099000000, 0x0000000099000000| Untracked 
|  24|0x000000009a000000, 0x000000009a000000, 0x000000009b000000|  0%| F|  |TAMS 0x000000009a000000, 0x000000009a000000| Untracked 
|  25|0x000000009b000000, 0x000000009b000000, 0x000000009c000000|  0%| F|  |TAMS 0x000000009b000000, 0x000000009b000000| Untracked 
|  26|0x000000009c000000, 0x000000009c000000, 0x000000009d000000|  0%| F|  |TAMS 0x000000009c000000, 0x000000009c000000| Untracked 
|  27|0x000000009d000000, 0x000000009d000000, 0x000000009e000000|  0%| F|  |TAMS 0x000000009d000000, 0x000000009d000000| Untracked 
|  28|0x000000009e000000, 0x000000009e000000, 0x000000009f000000|  0%| F|  |TAMS 0x000000009e000000, 0x000000009e000000| Untracked 
|  29|0x000000009f000000, 0x000000009f000000, 0x00000000a0000000|  0%| F|  |TAMS 0x000000009f000000, 0x000000009f000000| Untracked 
|  30|0x00000000a0000000, 0x00000000a0000000, 0x00000000a1000000|  0%| F|  |TAMS 0x00000000a0000000, 0x00000000a0000000| Untracked 
|  31|0x00000000a1000000, 0x00000000a1000000, 0x00000000a2000000|  0%| F|  |TAMS 0x00000000a1000000, 0x00000000a1000000| Untracked 
|  32|0x00000000a2000000, 0x00000000a2000000, 0x00000000a3000000|  0%| F|  |TAMS 0x00000000a2000000, 0x00000000a2000000| Untracked 
|  33|0x00000000a3000000, 0x00000000a3000000, 0x00000000a4000000|  0%| F|  |TAMS 0x00000000a3000000, 0x00000000a3000000| Untracked 
|  34|0x00000000a4000000, 0x00000000a4000000, 0x00000000a5000000|  0%| F|  |TAMS 0x00000000a4000000, 0x00000000a4000000| Untracked 
|  35|0x00000000a5000000, 0x00000000a5000000, 0x00000000a6000000|  0%| F|  |TAMS 0x00000000a5000000, 0x00000000a5000000| Untracked 
|  36|0x00000000a6000000, 0x00000000a6000000, 0x00000000a7000000|  0%| F|  |TAMS 0x00000000a6000000, 0x00000000a6000000| Untracked 
|  37|0x00000000a7000000, 0x00000000a7000000, 0x00000000a8000000|  0%| F|  |TAMS 0x00000000a7000000, 0x00000000a7000000| Untracked 
|  38|0x00000000a8000000, 0x00000000a8000000, 0x00000000a9000000|  0%| F|  |TAMS 0x00000000a8000000, 0x00000000a8000000| Untracked 
|  39|0x00000000a9000000, 0x00000000a9000000, 0x00000000aa000000|  0%| F|  |TAMS 0x00000000a9000000, 0x00000000a9000000| Untracked 
|  40|0x00000000aa000000, 0x00000000aa000000, 0x00000000ab000000|  0%| F|  |TAMS 0x00000000aa000000, 0x00000000aa000000| Untracked 
|  41|0x00000000ab000000, 0x00000000ab000000, 0x00000000ac000000|  0%| F|  |TAMS 0x00000000ab000000, 0x00000000ab000000| Untracked 
|  42|0x00000000ac000000, 0x00000000ac000000, 0x00000000ad000000|  0%| F|  |TAMS 0x00000000ac000000, 0x00000000ac000000| Untracked 
|  43|0x00000000ad000000, 0x00000000ad000000, 0x00000000ae000000|  0%| F|  |TAMS 0x00000000ad000000, 0x00000000ad000000| Untracked 
|  44|0x00000000ae000000, 0x00000000ae000000, 0x00000000af000000|  0%| F|  |TAMS 0x00000000ae000000, 0x00000000ae000000| Untracked 
|  45|0x00000000af000000, 0x00000000af000000, 0x00000000b0000000|  0%| F|  |TAMS 0x00000000af000000, 0x00000000af000000| Untracked 
|  46|0x00000000b0000000, 0x00000000b0000000, 0x00000000b1000000|  0%| F|  |TAMS 0x00000000b0000000, 0x00000000b0000000| Untracked 
|  47|0x00000000b1000000, 0x00000000b1000000, 0x00000000b2000000|  0%| F|  |TAMS 0x00000000b1000000, 0x00000000b1000000| Untracked 
|  48|0x00000000b2000000, 0x00000000b2000000, 0x00000000b3000000|  0%| F|  |TAMS 0x00000000b2000000, 0x00000000b2000000| Untracked 
|  49|0x00000000b3000000, 0x00000000b3000000, 0x00000000b4000000|  0%| F|  |TAMS 0x00000000b3000000, 0x00000000b3000000| Untracked 
|  50|0x00000000b4000000, 0x00000000b4000000, 0x00000000b5000000|  0%| F|  |TAMS 0x00000000b4000000, 0x00000000b4000000| Untracked 
|  51|0x00000000b5000000, 0x00000000b5000000, 0x00000000b6000000|  0%| F|  |TAMS 0x00000000b5000000, 0x00000000b5000000| Untracked 
|  52|0x00000000b6000000, 0x00000000b6000000, 0x00000000b7000000|  0%| F|  |TAMS 0x00000000b6000000, 0x00000000b6000000| Untracked 
|  53|0x00000000b7000000, 0x00000000b7000000, 0x00000000b8000000|  0%| F|  |TAMS 0x00000000b7000000, 0x00000000b7000000| Untracked 
|  54|0x00000000b8000000, 0x00000000b8000000, 0x00000000b9000000|  0%| F|  |TAMS 0x00000000b8000000, 0x00000000b8000000| Untracked 
|  55|0x00000000b9000000, 0x00000000b9000000, 0x00000000ba000000|  0%| F|  |TAMS 0x00000000b9000000, 0x00000000b9000000| Untracked 
|  56|0x00000000ba000000, 0x00000000ba000000, 0x00000000bb000000|  0%| F|  |TAMS 0x00000000ba000000, 0x00000000ba000000| Untracked 
|  57|0x00000000bb000000, 0x00000000bb000000, 0x00000000bc000000|  0%| F|  |TAMS 0x00000000bb000000, 0x00000000bb000000| Untracked 
|  58|0x00000000bc000000, 0x00000000bc000000, 0x00000000bd000000|  0%| F|  |TAMS 0x00000000bc000000, 0x00000000bc000000| Untracked 
|  59|0x00000000bd000000, 0x00000000bd000000, 0x00000000be000000|  0%| F|  |TAMS 0x00000000bd000000, 0x00000000bd000000| Untracked 
|  60|0x00000000be000000, 0x00000000be000000, 0x00000000bf000000|  0%| F|  |TAMS 0x00000000be000000, 0x00000000be000000| Untracked 
|  61|0x00000000bf000000, 0x00000000bf000000, 0x00000000c0000000|  0%| F|  |TAMS 0x00000000bf000000, 0x00000000bf000000| Untracked 
|  62|0x00000000c0000000, 0x00000000c0000000, 0x00000000c1000000|  0%| F|  |TAMS 0x00000000c0000000, 0x00000000c0000000| Untracked 
|  63|0x00000000c1000000, 0x00000000c1000000, 0x00000000c2000000|  0%| F|  |TAMS 0x00000000c1000000, 0x00000000c1000000| Untracked 
|  64|0x00000000c2000000, 0x00000000c2000000, 0x00000000c3000000|  0%| F|  |TAMS 0x00000000c2000000, 0x00000000c2000000| Untracked 
|  65|0x00000000c3000000, 0x00000000c3000000, 0x00000000c4000000|  0%| F|  |TAMS 0x00000000c3000000, 0x00000000c3000000| Untracked 
|  66|0x00000000c4000000, 0x00000000c4000000, 0x00000000c5000000|  0%| F|  |TAMS 0x00000000c4000000, 0x00000000c4000000| Untracked 
|  67|0x00000000c5000000, 0x00000000c5000000, 0x00000000c6000000|  0%| F|  |TAMS 0x00000000c5000000, 0x00000000c5000000| Untracked 
|  68|0x00000000c6000000, 0x00000000c6000000, 0x00000000c7000000|  0%| F|  |TAMS 0x00000000c6000000, 0x00000000c6000000| Untracked 
|  69|0x00000000c7000000, 0x00000000c7000000, 0x00000000c8000000|  0%| F|  |TAMS 0x00000000c7000000, 0x00000000c7000000| Untracked 
|  70|0x00000000c8000000, 0x00000000c8000000, 0x00000000c9000000|  0%| F|  |TAMS 0x00000000c8000000, 0x00000000c8000000| Untracked 
|  71|0x00000000c9000000, 0x00000000c9000000, 0x00000000ca000000|  0%| F|  |TAMS 0x00000000c9000000, 0x00000000c9000000| Untracked 
|  72|0x00000000ca000000, 0x00000000ca000000, 0x00000000cb000000|  0%| F|  |TAMS 0x00000000ca000000, 0x00000000ca000000| Untracked 
|  73|0x00000000cb000000, 0x00000000cb000000, 0x00000000cc000000|  0%| F|  |TAMS 0x00000000cb000000, 0x00000000cb000000| Untracked 
|  74|0x00000000cc000000, 0x00000000cc000000, 0x00000000cd000000|  0%| F|  |TAMS 0x00000000cc000000, 0x00000000cc000000| Untracked 
|  75|0x00000000cd000000, 0x00000000cd000000, 0x00000000ce000000|  0%| F|  |TAMS 0x00000000cd000000, 0x00000000cd000000| Untracked 
|  76|0x00000000ce000000, 0x00000000ce000000, 0x00000000cf000000|  0%| F|  |TAMS 0x00000000ce000000, 0x00000000ce000000| Untracked 
|  77|0x00000000cf000000, 0x00000000cf000000, 0x00000000d0000000|  0%| F|  |TAMS 0x00000000cf000000, 0x00000000cf000000| Untracked 
|  78|0x00000000d0000000, 0x00000000d0000000, 0x00000000d1000000|  0%| F|  |TAMS 0x00000000d0000000, 0x00000000d0000000| Untracked 
|  79|0x00000000d1000000, 0x00000000d1000000, 0x00000000d2000000|  0%| F|  |TAMS 0x00000000d1000000, 0x00000000d1000000| Untracked 
|  80|0x00000000d2000000, 0x00000000d2000000, 0x00000000d3000000|  0%| F|  |TAMS 0x00000000d2000000, 0x00000000d2000000| Untracked 
|  81|0x00000000d3000000, 0x00000000d3000000, 0x00000000d4000000|  0%| F|  |TAMS 0x00000000d3000000, 0x00000000d3000000| Untracked 
|  82|0x00000000d4000000, 0x00000000d4000000, 0x00000000d5000000|  0%| F|  |TAMS 0x00000000d4000000, 0x00000000d4000000| Untracked 
|  83|0x00000000d5000000, 0x00000000d5000000, 0x00000000d6000000|  0%| F|  |TAMS 0x00000000d5000000, 0x00000000d5000000| Untracked 
|  84|0x00000000d6000000, 0x00000000d6000000, 0x00000000d7000000|  0%| F|  |TAMS 0x00000000d6000000, 0x00000000d6000000| Untracked 
|  85|0x00000000d7000000, 0x00000000d7000000, 0x00000000d8000000|  0%| F|  |TAMS 0x00000000d7000000, 0x00000000d7000000| Untracked 
|  86|0x00000000d8000000, 0x00000000d8000000, 0x00000000d9000000|  0%| F|  |TAMS 0x00000000d8000000, 0x00000000d8000000| Untracked 
|  87|0x00000000d9000000, 0x00000000d9000000, 0x00000000da000000|  0%| F|  |TAMS 0x00000000d9000000, 0x00000000d9000000| Untracked 
|  88|0x00000000da000000, 0x00000000da000000, 0x00000000db000000|  0%| F|  |TAMS 0x00000000da000000, 0x00000000da000000| Untracked 
|  89|0x00000000db000000, 0x00000000db000000, 0x00000000dc000000|  0%| F|  |TAMS 0x00000000db000000, 0x00000000db000000| Untracked 
|  90|0x00000000dc000000, 0x00000000dc000000, 0x00000000dd000000|  0%| F|  |TAMS 0x00000000dc000000, 0x00000000dc000000| Untracked 
|  91|0x00000000dd000000, 0x00000000dd000000, 0x00000000de000000|  0%| F|  |TAMS 0x00000000dd000000, 0x00000000dd000000| Untracked 
|  92|0x00000000de000000, 0x00000000de000000, 0x00000000df000000|  0%| F|  |TAMS 0x00000000de000000, 0x00000000de000000| Untracked 
|  93|0x00000000df000000, 0x00000000df000000, 0x00000000e0000000|  0%| F|  |TAMS 0x00000000df000000, 0x00000000df000000| Untracked 
|  94|0x00000000e0000000, 0x00000000e0000000, 0x00000000e1000000|  0%| F|  |TAMS 0x00000000e0000000, 0x00000000e0000000| Untracked 
|  95|0x00000000e1000000, 0x00000000e1000000, 0x00000000e2000000|  0%| F|  |TAMS 0x00000000e1000000, 0x00000000e1000000| Untracked 
|  96|0x00000000e2000000, 0x00000000e2000000, 0x00000000e3000000|  0%| F|  |TAMS 0x00000000e2000000, 0x00000000e2000000| Untracked 
|  97|0x00000000e3000000, 0x00000000e3000000, 0x00000000e4000000|  0%| F|  |TAMS 0x00000000e3000000, 0x00000000e3000000| Untracked 
|  98|0x00000000e4000000, 0x00000000e4000000, 0x00000000e5000000|  0%| F|  |TAMS 0x00000000e4000000, 0x00000000e4000000| Untracked 
|  99|0x00000000e5000000, 0x00000000e5000000, 0x00000000e6000000|  0%| F|  |TAMS 0x00000000e5000000, 0x00000000e5000000| Untracked 
| 100|0x00000000e6000000, 0x00000000e6000000, 0x00000000e7000000|  0%| F|  |TAMS 0x00000000e6000000, 0x00000000e6000000| Untracked 
| 101|0x00000000e7000000, 0x00000000e7000000, 0x00000000e8000000|  0%| F|  |TAMS 0x00000000e7000000, 0x00000000e7000000| Untracked 
| 102|0x00000000e8000000, 0x00000000e8000000, 0x00000000e9000000|  0%| F|  |TAMS 0x00000000e8000000, 0x00000000e8000000| Untracked 
| 103|0x00000000e9000000, 0x00000000e9000000, 0x00000000ea000000|  0%| F|  |TAMS 0x00000000e9000000, 0x00000000e9000000| Untracked 
| 104|0x00000000ea000000, 0x00000000ea000000, 0x00000000eb000000|  0%| F|  |TAMS 0x00000000ea000000, 0x00000000ea000000| Untracked 
| 105|0x00000000eb000000, 0x00000000eb000000, 0x00000000ec000000|  0%| F|  |TAMS 0x00000000eb000000, 0x00000000eb000000| Untracked 
| 106|0x00000000ec000000, 0x00000000ec000000, 0x00000000ed000000|  0%| F|  |TAMS 0x00000000ec000000, 0x00000000ec000000| Untracked 
| 107|0x00000000ed000000, 0x00000000ed000000, 0x00000000ee000000|  0%| F|  |TAMS 0x00000000ed000000, 0x00000000ed000000| Untracked 
| 108|0x00000000ee000000, 0x00000000ee000000, 0x00000000ef000000|  0%| F|  |TAMS 0x00000000ee000000, 0x00000000ee000000| Untracked 
| 109|0x00000000ef000000, 0x00000000ef000000, 0x00000000f0000000|  0%| F|  |TAMS 0x00000000ef000000, 0x00000000ef000000| Untracked 
| 110|0x00000000f0000000, 0x00000000f0000000, 0x00000000f1000000|  0%| F|  |TAMS 0x00000000f0000000, 0x00000000f0000000| Untracked 
| 111|0x00000000f1000000, 0x00000000f1000000, 0x00000000f2000000|  0%| F|  |TAMS 0x00000000f1000000, 0x00000000f1000000| Untracked 
| 112|0x00000000f2000000, 0x00000000f2000000, 0x00000000f3000000|  0%| F|  |TAMS 0x00000000f2000000, 0x00000000f2000000| Untracked 
| 113|0x00000000f3000000, 0x00000000f3000000, 0x00000000f4000000|  0%| F|  |TAMS 0x00000000f3000000, 0x00000000f3000000| Untracked 
| 114|0x00000000f4000000, 0x00000000f4000000, 0x00000000f5000000|  0%| F|  |TAMS 0x00000000f4000000, 0x00000000f4000000| Untracked 
| 115|0x00000000f5000000, 0x00000000f5000000, 0x00000000f6000000|  0%| F|  |TAMS 0x00000000f5000000, 0x00000000f5000000| Untracked 
| 116|0x00000000f6000000, 0x00000000f6000000, 0x00000000f7000000|  0%| F|  |TAMS 0x00000000f6000000, 0x00000000f6000000| Untracked 
| 117|0x00000000f7000000, 0x00000000f7000000, 0x00000000f8000000|  0%| F|  |TAMS 0x00000000f7000000, 0x00000000f7000000| Untracked 
| 118|0x00000000f8000000, 0x00000000f8000000, 0x00000000f9000000|  0%| F|  |TAMS 0x00000000f8000000, 0x00000000f8000000| Untracked 
| 119|0x00000000f9000000, 0x00000000f9000000, 0x00000000fa000000|  0%| F|  |TAMS 0x00000000f9000000, 0x00000000f9000000| Untracked 
| 120|0x00000000fa000000, 0x00000000fa000000, 0x00000000fb000000|  0%| F|  |TAMS 0x00000000fa000000, 0x00000000fa000000| Untracked 
| 121|0x00000000fb000000, 0x00000000fb000000, 0x00000000fc000000|  0%| F|  |TAMS 0x00000000fb000000, 0x00000000fb000000| Untracked 
| 122|0x00000000fc000000, 0x00000000fc000000, 0x00000000fd000000|  0%| F|  |TAMS 0x00000000fc000000, 0x00000000fc000000| Untracked 
| 123|0x00000000fd000000, 0x00000000fd000000, 0x00000000fe000000|  0%| F|  |TAMS 0x00000000fd000000, 0x00000000fd000000| Untracked 
| 124|0x00000000fe000000, 0x00000000fe000000, 0x00000000ff000000|  0%| F|  |TAMS 0x00000000fe000000, 0x00000000fe000000| Untracked 
| 125|0x00000000ff000000, 0x00000000ff000000, 0x0000000100000000|  0%| F|  |TAMS 0x00000000ff000000, 0x00000000ff000000| Untracked 
| 126|0x0000000100000000, 0x00000001007d8b50, 0x0000000101000000| 49%| E|  |TAMS 0x0000000100000000, 0x0000000100000000| Complete 
| 127|0x0000000101000000, 0x0000000102000000, 0x0000000102000000|100%| E|CS|TAMS 0x0000000101000000, 0x0000000101000000| Complete 

Card table byte_map: [0x0000025500000000,0x0000025503bf0000] _byte_map_base: 0x00000254ffbf0000

Marking Bits (Prev, Next): (CMBitMap*) 0x0000025563addb10, (CMBitMap*) 0x0000025563addb50
 Prev Bits: [0x00000255077e0000, 0x0000025525760000)
 Next Bits: [0x0000025525760000, 0x00000255436e0000)

Polling page: 0x0000025561a20000

Metaspace:

Usage:
  Non-class:      2.70 MB used.
      Class:    275.13 KB used.
       Both:      2.97 MB used.

Virtual space:
  Non-class space:       64.00 MB reserved,       2.75 MB (  4%) committed,  1 nodes.
      Class space:        1.00 GB reserved,     320.00 KB ( <1%) committed,  1 nodes.
             Both:        1.06 GB reserved,       3.06 MB ( <1%) committed. 

Chunk freelists:
   Non-Class:  11.69 MB
       Class:  15.70 MB
        Both:  27.40 MB

MaxMetaspaceSize: unlimited
CompressedClassSpaceSize: 1.00 GB
Initial GC threshold: 21.00 MB
Current GC threshold: 21.00 MB
CDS: on
MetaspaceReclaimPolicy: balanced
 - commit_granule_bytes: 65536.
 - commit_granule_words: 8192.
 - virtual_space_node_default_size: 8388608.
 - enlarge_chunks_in_place: 1.
 - new_chunks_are_fully_committed: 0.
 - uncommit_free_chunks: 1.
 - use_allocation_guard: 0.
 - handle_deallocations: 1.


Internal statistics:

num_allocs_failed_limit: 0.
num_arena_births: 40.
num_arena_deaths: 0.
num_vsnodes_births: 2.
num_vsnodes_deaths: 0.
num_space_committed: 49.
num_space_uncommitted: 0.
num_chunks_returned_to_freelist: 0.
num_chunks_taken_from_freelist: 68.
num_chunk_merges: 0.
num_chunk_splits: 43.
num_chunks_enlarged: 20.
num_inconsistent_stats: 0.

CodeHeap 'non-profiled nmethods': size=119168Kb used=185Kb max_used=185Kb free=118983Kb
 bounds [0x0000025573150000, 0x00000255733c0000, 0x000002557a5b0000]
CodeHeap 'profiled nmethods': size=119104Kb used=899Kb max_used=899Kb free=118204Kb
 bounds [0x000002556b5b0000, 0x000002556b820000, 0x0000025572a00000]
CodeHeap 'non-nmethods': size=7488Kb used=2333Kb max_used=2348Kb free=5154Kb
 bounds [0x0000025572a00000, 0x0000025572c70000, 0x0000025573150000]
 total_blobs=1015 nmethods=588 adapters=338
 compilation: enabled
              stopped_count=0, restarted_count=0
 full_count=0

Compilation events (20 events):
Event: 0.288 Thread 0x00000255460e08c0 nmethod 578 0x000002556b68cc90 code [0x000002556b68ce20, 0x000002556b68cf38]
Event: 0.288 Thread 0x00000255460e08c0  580   !   3       jdk.internal.misc.ScopedMemoryAccess::getIntInternal (36 bytes)
Event: 0.288 Thread 0x00000255460e08c0 nmethod 580 0x000002556b68d010 code [0x000002556b68d1c0, 0x000002556b68d468]
Event: 0.288 Thread 0x0000025545fc6d60 nmethod 579 0x000002556b68d610 code [0x000002556b68d800, 0x000002556b68dcd8]
Event: 0.288 Thread 0x00000255460e08c0  581       3       java.util.concurrent.ConcurrentHashMap$Traverser::advance (188 bytes)
Event: 0.288 Thread 0x0000025545fc6d60  582       3       java.util.concurrent.ConcurrentHashMap$BaseIterator::hasNext (13 bytes)
Event: 0.288 Thread 0x00000255460d7930 nmethod 577 0x000002556b68df90 code [0x000002556b68e1e0, 0x000002556b68ea58]
Event: 0.288 Thread 0x0000025545fc6d60 nmethod 582 0x000002556b68ef90 code [0x000002556b68f120, 0x000002556b68f298]
Event: 0.288 Thread 0x00000255460e08c0 nmethod 581 0x000002556b68f310 code [0x000002556b68f560, 0x000002556b690188]
Event: 0.289 Thread 0x0000025545fc63a0 nmethod 576 0x000002557317d390 code [0x000002557317d520, 0x000002557317d938]
Event: 0.289 Thread 0x0000025545fc63a0  583       4       java.lang.String::checkBoundsBeginEnd (63 bytes)
Event: 0.289 Thread 0x0000025545fc63a0 nmethod 583 0x000002557317db10 code [0x000002557317dc80, 0x000002557317dd38]
Event: 0.294 Thread 0x00000255460e08c0  584       3       java.lang.invoke.LambdaForm::forceInterpretation (14 bytes)
Event: 0.294 Thread 0x00000255460e08c0 nmethod 584 0x000002556b690410 code [0x000002556b6905a0, 0x000002556b690718]
Event: 0.296 Thread 0x00000255460e08c0  586       3       java.lang.invoke.MemberName::flagsMods (73 bytes)
Event: 0.296 Thread 0x00000255460d7930  587       3       java.lang.invoke.MemberName::init (67 bytes)
Event: 0.296 Thread 0x00000255460d7930 nmethod 587 0x000002556b690790 code [0x000002556b690940, 0x000002556b690b98]
Event: 0.296 Thread 0x00000255460e08c0 nmethod 586 0x000002556b690c10 code [0x000002556b690da0, 0x000002556b690ed8]
Event: 0.296 Thread 0x00000255460d7930  588       1       java.nio.Buffer::position (5 bytes)
Event: 0.296 Thread 0x00000255460d7930 nmethod 588 0x000002557317e110 code [0x000002557317e2a0, 0x000002557317e378]

GC Heap History (0 events):
No events

Dll operation events (11 events):
Event: 0.007 Loaded shared library C:\Program Files\Java\jdk-17.0.10+7\bin\java.dll
Event: 0.023 Loaded shared library C:\Program Files\Java\jdk-17.0.10+7\bin\jsvml.dll
Event: 0.145 Loaded shared library C:\Program Files\Java\jdk-17.0.10+7\bin\zip.dll
Event: 0.147 Loaded shared library C:\Program Files\Java\jdk-17.0.10+7\bin\instrument.dll
Event: 0.152 Loaded shared library C:\Program Files\Java\jdk-17.0.10+7\bin\net.dll
Event: 0.153 Loaded shared library C:\Program Files\Java\jdk-17.0.10+7\bin\nio.dll
Event: 0.155 Loaded shared library C:\Program Files\Java\jdk-17.0.10+7\bin\zip.dll
Event: 0.196 Loaded shared library C:\Program Files\Java\jdk-17.0.10+7\bin\jimage.dll
Event: 0.224 Loaded shared library C:\Program Files\Java\jdk-17.0.10+7\bin\verify.dll
Event: 0.287 Loaded shared library C:\Users\marvi\AppData\Local\Temp\jelectronflow\nglink_x64.dll
Event: 0.293 Loaded shared library C:\Users\marvi\AppData\Local\Temp\jelectronflow\electronflow_jni_x64.dll

Deoptimization events (20 events):
Event: 0.236 Thread 0x0000025563aa8b90 DEOPT PACKING pc=0x000002556b6322d4 sp=0x0000007956bfb7c0
Event: 0.236 Thread 0x0000025563aa8b90 DEOPT UNPACKING pc=0x0000025572a57143 sp=0x0000007956bfac28 mode 0
Event: 0.236 Thread 0x0000025563aa8b90 DEOPT PACKING pc=0x000002556b6322d4 sp=0x0000007956bfb7c0
Event: 0.236 Thread 0x0000025563aa8b90 DEOPT UNPACKING pc=0x0000025572a57143 sp=0x0000007956bfac28 mode 0
Event: 0.236 Thread 0x0000025563aa8b90 DEOPT PACKING pc=0x000002556b6322d4 sp=0x0000007956bf7c20
Event: 0.236 Thread 0x0000025563aa8b90 DEOPT UNPACKING pc=0x0000025572a57143 sp=0x0000007956bf7088 mode 0
Event: 0.238 Thread 0x0000025563aa8b90 DEOPT PACKING pc=0x000002556b6322d4 sp=0x0000007956bfb6f0
Event: 0.238 Thread 0x0000025563aa8b90 DEOPT UNPACKING pc=0x0000025572a57143 sp=0x0000007956bfab58 mode 0
Event: 0.242 Thread 0x0000025563aa8b90 DEOPT PACKING pc=0x000002556b6322d4 sp=0x0000007956bf7950
Event: 0.242 Thread 0x0000025563aa8b90 DEOPT UNPACKING pc=0x0000025572a57143 sp=0x0000007956bf6db8 mode 0
Event: 0.242 Thread 0x0000025563aa8b90 DEOPT PACKING pc=0x000002556b6322d4 sp=0x0000007956bf7950
Event: 0.242 Thread 0x0000025563aa8b90 DEOPT UNPACKING pc=0x0000025572a57143 sp=0x0000007956bf6db8 mode 0
Event: 0.242 Thread 0x0000025563aa8b90 DEOPT PACKING pc=0x000002556b6322d4 sp=0x0000007956bf7950
Event: 0.242 Thread 0x0000025563aa8b90 DEOPT UNPACKING pc=0x0000025572a57143 sp=0x0000007956bf6db8 mode 0
Event: 0.245 Thread 0x0000025563aa8b90 DEOPT PACKING pc=0x000002556b6322d4 sp=0x0000007956bfb460
Event: 0.245 Thread 0x0000025563aa8b90 DEOPT UNPACKING pc=0x0000025572a57143 sp=0x0000007956bfa8c8 mode 0
Event: 0.245 Thread 0x0000025563aa8b90 DEOPT PACKING pc=0x000002556b6322d4 sp=0x0000007956bfb460
Event: 0.245 Thread 0x0000025563aa8b90 DEOPT UNPACKING pc=0x0000025572a57143 sp=0x0000007956bfa8c8 mode 0
Event: 0.263 Thread 0x0000025563aa8b90 DEOPT PACKING pc=0x000002556b5e27ea sp=0x0000007956bfced0
Event: 0.263 Thread 0x0000025563aa8b90 DEOPT UNPACKING pc=0x0000025572a57143 sp=0x0000007956bfc2f0 mode 0

Classes unloaded (0 events):
No events

Classes redefined (0 events):
No events

Internal exceptions (0 events):
No events

VM Operations (8 events):
Event: 0.046 Executing VM operation: HandshakeAllThreads
Event: 0.046 Executing VM operation: HandshakeAllThreads done
Event: 0.061 Executing VM operation: ChangeBreakpoints
Event: 0.061 Executing VM operation: ChangeBreakpoints done
Event: 0.115 Executing VM operation: ChangeBreakpoints
Event: 0.115 Executing VM operation: ChangeBreakpoints done
Event: 0.250 Executing VM operation: ChangeBreakpoints
Event: 0.250 Executing VM operation: ChangeBreakpoints done

Events (20 events):
Event: 0.254 loading class java/io/Reader
Event: 0.254 loading class java/io/Reader done
Event: 0.254 loading class java/io/InputStreamReader
Event: 0.254 loading class java/io/InputStreamReader done
Event: 0.260 loading class java/io/BufferedReader
Event: 0.260 loading class java/io/BufferedReader done
Event: 0.262 loading class sun/net/www/protocol/file/FileURLConnection
Event: 0.262 loading class sun/net/www/protocol/file/FileURLConnection done
Event: 0.262 loading class sun/net/ProgressMonitor
Event: 0.262 loading class sun/net/ProgressMonitor done
Event: 0.262 loading class sun/net/DefaultProgressMeteringPolicy
Event: 0.262 loading class sun/net/ProgressMeteringPolicy
Event: 0.262 loading class sun/net/ProgressMeteringPolicy done
Event: 0.262 loading class sun/net/DefaultProgressMeteringPolicy done
Event: 0.262 loading class sun/nio/cs/StreamDecoder
Event: 0.262 loading class sun/nio/cs/StreamDecoder done
Event: 0.262 loading class sun/nio/cs/UTF_8$Decoder
Event: 0.262 loading class sun/nio/cs/UTF_8$Decoder done
Event: 0.273 loading class java/io/FileOutputStream$1
Event: 0.273 loading class java/io/FileOutputStream$1 done


Dynamic libraries:
0x00007ff773f80000 - 0x00007ff773f8e000 	C:\Program Files\Java\jdk-17.0.10+7\bin\javaw.exe
0x00007ffc0d570000 - 0x00007ffc0d787000 	C:\WINDOWS\SYSTEM32\ntdll.dll
0x00007ffc0c310000 - 0x00007ffc0c3d4000 	C:\WINDOWS\System32\KERNEL32.DLL
0x00007ffc0aa20000 - 0x00007ffc0add7000 	C:\WINDOWS\System32\KERNELBASE.dll
0x00007ffc0af30000 - 0x00007ffc0b041000 	C:\WINDOWS\System32\ucrtbase.dll
0x00007ffbfe330000 - 0x00007ffbfe347000 	C:\Program Files\Java\jdk-17.0.10+7\bin\jli.dll
0x00007ffbe80f0000 - 0x00007ffbe810b000 	C:\Program Files\Java\jdk-17.0.10+7\bin\VCRUNTIME140.dll
0x00007ffc0b2c0000 - 0x00007ffc0b46f000 	C:\WINDOWS\System32\USER32.dll
0x00007ffc0a9f0000 - 0x00007ffc0aa16000 	C:\WINDOWS\System32\win32u.dll
0x00007ffbffb90000 - 0x00007ffbffe23000 	C:\WINDOWS\WinSxS\amd64_microsoft.windows.common-controls_6595b64144ccf1df_6.0.22621.3672_none_2713b9d173822955\COMCTL32.dll
0x00007ffc0c2e0000 - 0x00007ffc0c309000 	C:\WINDOWS\System32\GDI32.dll
0x00007ffc0c5f0000 - 0x00007ffc0c697000 	C:\WINDOWS\System32\msvcrt.dll
0x00007ffc0b0c0000 - 0x00007ffc0b1d8000 	C:\WINDOWS\System32\gdi32full.dll
0x00007ffc0ade0000 - 0x00007ffc0ae7a000 	C:\WINDOWS\System32\msvcp_win.dll
0x00007ffc0c0a0000 - 0x00007ffc0c0d1000 	C:\WINDOWS\System32\IMM32.DLL
0x00007ffc076e0000 - 0x00007ffc076ec000 	C:\Program Files\Java\jdk-17.0.10+7\bin\vcruntime140_1.dll
0x00007ffbe1e00000 - 0x00007ffbe1e8d000 	C:\Program Files\Java\jdk-17.0.10+7\bin\msvcp140.dll
0x00007ffbb5380000 - 0x00007ffbb5fe5000 	C:\Program Files\Java\jdk-17.0.10+7\bin\server\jvm.dll
0x00007ffc0d1b0000 - 0x00007ffc0d262000 	C:\WINDOWS\System32\ADVAPI32.dll
0x00007ffc0c230000 - 0x00007ffc0c2d8000 	C:\WINDOWS\System32\sechost.dll
0x00007ffc0af00000 - 0x00007ffc0af28000 	C:\WINDOWS\System32\bcrypt.dll
0x00007ffc0d070000 - 0x00007ffc0d184000 	C:\WINDOWS\System32\RPCRT4.dll
0x00007ffc0a0e0000 - 0x00007ffc0a12d000 	C:\WINDOWS\SYSTEM32\POWRPROF.dll
0x00007ffbfa6c0000 - 0x00007ffbfa6c9000 	C:\WINDOWS\SYSTEM32\WSOCK32.dll
0x00007ffbf95f0000 - 0x00007ffbf9624000 	C:\WINDOWS\SYSTEM32\WINMM.dll
0x00007ffc05000000 - 0x00007ffc0500a000 	C:\WINDOWS\SYSTEM32\VERSION.dll
0x00007ffc0baa0000 - 0x00007ffc0bb11000 	C:\WINDOWS\System32\WS2_32.dll
0x00007ffc0a0c0000 - 0x00007ffc0a0d3000 	C:\WINDOWS\SYSTEM32\UMPDC.dll
0x00007ffc098d0000 - 0x00007ffc098e8000 	C:\WINDOWS\SYSTEM32\kernel.appcore.dll
0x00007ffbfe320000 - 0x00007ffbfe32a000 	C:\Program Files\Java\jdk-17.0.10+7\bin\jimage.dll
0x00007ffbf3e60000 - 0x00007ffbf4092000 	C:\WINDOWS\SYSTEM32\DBGHELP.DLL
0x00007ffc0b550000 - 0x00007ffc0b8de000 	C:\WINDOWS\System32\combase.dll
0x00007ffc0b470000 - 0x00007ffc0b547000 	C:\WINDOWS\System32\OLEAUT32.dll
0x00007ffbfa550000 - 0x00007ffbfa582000 	C:\WINDOWS\SYSTEM32\dbgcore.DLL
0x00007ffc0ae80000 - 0x00007ffc0aefb000 	C:\WINDOWS\System32\bcryptPrimitives.dll
0x00007ffbe1fc0000 - 0x00007ffbe1ffb000 	C:\Program Files\Java\jdk-17.0.10+7\bin\jdwp.dll
0x00007ffbe6e70000 - 0x00007ffbe6e7e000 	C:\Program Files\Java\jdk-17.0.10+7\bin\instrument.dll
0x00007ffbe1dd0000 - 0x00007ffbe1df5000 	C:\Program Files\Java\jdk-17.0.10+7\bin\java.dll
0x00007ffbb52a0000 - 0x00007ffbb5377000 	C:\Program Files\Java\jdk-17.0.10+7\bin\jsvml.dll
0x00007ffc0c6a0000 - 0x00007ffc0cf09000 	C:\WINDOWS\System32\SHELL32.dll
0x00007ffc087c0000 - 0x00007ffc090bf000 	C:\WINDOWS\SYSTEM32\windows.storage.dll
0x00007ffc08680000 - 0x00007ffc087bf000 	C:\WINDOWS\SYSTEM32\wintypes.dll
0x00007ffc0bb20000 - 0x00007ffc0bc19000 	C:\WINDOWS\System32\SHCORE.dll
0x00007ffc0cf10000 - 0x00007ffc0cf6e000 	C:\WINDOWS\System32\shlwapi.dll
0x00007ffc0a7b0000 - 0x00007ffc0a7d7000 	C:\WINDOWS\SYSTEM32\profapi.dll
0x00007ffbe7f50000 - 0x00007ffbe7f5c000 	C:\Program Files\Java\jdk-17.0.10+7\bin\dt_socket.dll
0x00007ffc09360000 - 0x00007ffc0938d000 	C:\WINDOWS\SYSTEM32\IPHLPAPI.DLL
0x00007ffc09d40000 - 0x00007ffc09da9000 	C:\WINDOWS\system32\mswsock.dll
0x00007ffc09390000 - 0x00007ffc09492000 	C:\WINDOWS\SYSTEM32\DNSAPI.dll
0x00007ffc0d190000 - 0x00007ffc0d199000 	C:\WINDOWS\System32\NSI.dll
0x0000000065950000 - 0x0000000065976000 	C:\Program Files\Bonjour\mdnsNSP.dll
0x00007ffc02c10000 - 0x00007ffc02c1a000 	C:\Windows\System32\rasadhlp.dll
0x00007ffc02640000 - 0x00007ffc026c3000 	C:\WINDOWS\System32\fwpuclnt.dll
0x00007ffbe1d90000 - 0x00007ffbe1da8000 	C:\Program Files\Java\jdk-17.0.10+7\bin\zip.dll
0x00007ffbe1fa0000 - 0x00007ffbe1fb9000 	C:\Program Files\Java\jdk-17.0.10+7\bin\net.dll
0x00007ffc03170000 - 0x00007ffc032a6000 	C:\WINDOWS\SYSTEM32\WINHTTP.dll
0x00007ffbe1db0000 - 0x00007ffbe1dc6000 	C:\Program Files\Java\jdk-17.0.10+7\bin\nio.dll
0x00007ffbe20f0000 - 0x00007ffbe2100000 	C:\Program Files\Java\jdk-17.0.10+7\bin\verify.dll
0x00007ffbb2d40000 - 0x00007ffbb2f4d000 	C:\Users\marvi\AppData\Local\Temp\jelectronflow\nglink_x64.dll
0x00007ffbb3ca0000 - 0x00007ffbb3d72000 	D:\Programms\mingw64-ucrt\bin\libgcc_s_seh-1.dll
0x00007ffbe1cf0000 - 0x00007ffbe1d10000 	D:\Programms\mingw64-ucrt\bin\libwinpthread-1.dll
0x00007ffbbec40000 - 0x00007ffbbec93000 	C:\Users\marvi\AppData\Local\Temp\jelectronflow\electronflow_jni_x64.dll
0x00007ffbb2af0000 - 0x00007ffbb2d37000 	D:\Programms\mingw64-ucrt\bin\libstdc++-6.dll

dbghelp: loaded successfully - version: 4.0.5 - missing functions: none
symbol engine: initialized successfully - sym options: 0x614 - pdb path: .;C:\Program Files\Java\jdk-17.0.10+7\bin;C:\WINDOWS\SYSTEM32;C:\WINDOWS\WinSxS\amd64_microsoft.windows.common-controls_6595b64144ccf1df_6.0.22621.3672_none_2713b9d173822955;C:\Program Files\Java\jdk-17.0.10+7\bin\server;C:\Program Files\Bonjour;C:\Users\marvi\AppData\Local\Temp\jelectronflow;D:\Programms\mingw64-ucrt\bin

VM Arguments:
jvm_args: -XX:+ShowCodeDetailsInExceptionMessages -agentlib:jdwp=transport=dt_socket,suspend=y,address=localhost:53533 -javaagent:D:\Eclipse\eclipse\configuration\org.eclipse.osgi\827\0\.cp\lib\javaagent-shaded.jar -Dfile.encoding=UTF-8 -Dstdout.encoding=UTF-8 -Dstderr.encoding=UTF-8 
java_command: testing.Test
java_class_path (initial): E:\GitHub\LIBRARY-ElectronFlow\JElectronFlow\bin\main;E:\GitHub\LIBRARY-ElectronFlow\JElectronFlow\bin\test;E:\GitHub\LIBRARY-ElectronFlow\JElectronFlow\bin\default
Launcher Type: SUN_STANDARD

[Global flags]
     intx CICompilerCount                          = 12                                        {product} {ergonomic}
     uint ConcGCThreads                            = 5                                         {product} {ergonomic}
     uint G1ConcRefinementThreads                  = 18                                        {product} {ergonomic}
   size_t G1HeapRegionSize                         = 16777216                                  {product} {ergonomic}
    uintx GCDrainStackTargetSize                   = 64                                        {product} {ergonomic}
   size_t InitialHeapSize                          = 2147483648                                {product} {ergonomic}
   size_t MarkStackSize                            = 4194304                                   {product} {ergonomic}
   size_t MaxHeapSize                              = 32178700288                               {product} {ergonomic}
   size_t MaxNewSize                               = 19293798400                               {product} {ergonomic}
   size_t MinHeapDeltaBytes                        = 16777216                                  {product} {ergonomic}
   size_t MinHeapSize                              = 16777216                                  {product} {ergonomic}
    uintx NonNMethodCodeHeapSize                   = 7602480                                {pd product} {ergonomic}
    uintx NonProfiledCodeHeapSize                  = 122027880                              {pd product} {ergonomic}
    uintx ProfiledCodeHeapSize                     = 122027880                              {pd product} {ergonomic}
    uintx ReservedCodeCacheSize                    = 251658240                              {pd product} {ergonomic}
     bool SegmentedCodeCache                       = true                                      {product} {ergonomic}
     bool ShowCodeDetailsInExceptionMessages       = true                                   {manageable} {command line}
   size_t SoftMaxHeapSize                          = 32178700288                            {manageable} {ergonomic}
     bool UseCompressedClassPointers               = true                           {product lp64_product} {ergonomic}
     bool UseCompressedOops                        = true                           {product lp64_product} {ergonomic}
     bool UseG1GC                                  = true                                      {product} {ergonomic}
     bool UseLargePagesIndividualAllocation        = false                                  {pd product} {ergonomic}

Logging:
Log output configuration:
 #0: stdout all=warning uptime,level,tags
 #1: stderr all=off uptime,level,tags

Environment Variables:
JAVA_HOME=C:\Program Files\Java\jdk-17.0.10+7
PATH=C:/Program Files/Java/jdk-21.0.3+9/bin/server;C:/Program Files/Java/jdk-21.0.3+9/bin;C:\Program Files\Java\jdk-21.0.3+9\bin;C:\Windows\system32;C:\Windows;C:\Windows\System32\Wbem;C:\Windows\System32\WindowsPowerShell\v1.0\;C:\Windows\System32\OpenSSH\;C:\Program Files (x86)\NVIDIA Corporation\PhysX\Common;C:\Program Files\NVIDIA Corporation\NVIDIA NvDLISR;C:\WINDOWS\system32;C:\WINDOWS;C:\WINDOWS\System32\Wbem;C:\WINDOWS\System32\WindowsPowerShell\v1.0\;C:\WINDOWS\System32\OpenSSH\;C:\Program Files (x86)\IVI Foundation\VISA\WinNT\Bin\;C:\Program Files\IVI Foundation\VISA\Win64\Bin\;C:\Program Files\Git\cmd;C:\Program Files\dotnet\;C:\Program Files (x86)\PuTTY\;D:\Program Files\MathWorks\R2024a\bin;C:\WINDOWS\system32;C:\WINDOWS;C:\WINDOWS\System32\Wbem;C:\WINDOWS\System32\WindowsPowerShell\v1.0\;C:\WINDOWS\System32\OpenSSH\;D:\Program Files\CMake\bin;D:\Programms\mingw64-ucrt\bin;C:\Users\marvi\AppData\Local\Microsoft\WindowsApps;C:\Users\marvi\AppData\Local\GitHubDesktop\bin;C:\Users\marvi\.dotnet\tools;D:\Program Files\gradle-8.5\bin;D:\Program Files\Wireshark;D:\Program Files\GPAC;D:\Programms\SysGCC\bin;D:\Program Files\Fiddler;D:\Programms\avr8-gnu-toolchain-win32_x86_64\bin;D:\Programms\gnu-tools-for-stm32-win32\bin;D:\Programms\ffmpeg\bin;D:\Programms\SysGCC\bin;D:\Programms\SerialPortTerminal;D:\Programms\JavaRun;D:\Programms\mingw64\bin;D:\Programms\apache-maven-3.9.9\bin;;C:\WINDOWS\system32;
USERNAME=marvi
OS=Windows_NT
PROCESSOR_IDENTIFIER=AMD64 Family 23 Model 113 Stepping 0, AuthenticAMD
TMP=C:\Users\marvi\AppData\Local\Temp
TEMP=C:\Users\marvi\AppData\Local\Temp



Periodic native trim disabled


---------------  S Y S T E M  ---------------

OS:
 Windows 11 , 64 bit Build 22621 (10.0.22621.3958)
OS uptime: 0 days 9:11 hours

CPU: total 24 (initial active 24) (24 cores per cpu, 2 threads per core) family 23 model 113 stepping 0 microcode 0x0, cx8, cmov, fxsr, ht, mmx, 3dnowpref, sse, sse2, sse3, ssse3, sse4a, sse4.1, sse4.2, popcnt, lzcnt, tsc, tscinvbit, avx, avx2, aes, clmul, bmi1, bmi2, adx, sha, fma, vzeroupper, clflush, clflushopt
Processor Information for all 24 processors :
  Max Mhz: 3801, Current Mhz: 3801, Mhz Limit: 3801

Memory: 4k page, system-wide physical 130992M (107229M free)
TotalPageFile size 139184M (AvailPageFile size 92852M)
current process WorkingSet (physical memory assigned to process): 66M, peak: 67M
current process commit charge ("private bytes"): 2237M, peak: 2240M

vm_info: OpenJDK 64-Bit Server VM (17.0.10+7-LTS) for windows-amd64 JRE (17.0.10+7-LTS), built on Jan 10 2024 19:47:12 by "MicrosoftCorporation" with MS VC++ 16.10 / 16.11 (VS2019)

END.
