#
# A fatal error has been detected by the Java Runtime Environment:
#
#  EXCEPTION_ACCESS_VIOLATION (0xc0000005) at pc=0x00007ffbb538c9d0, pid=36312, tid=35260
#
# JRE version: OpenJDK Runtime Environment Microsoft-8902769 (17.0.10+7) (build 17.0.10+7-LTS)
# Java VM: OpenJDK 64-Bit Server VM Microsoft-8902769 (17.0.10+7-LTS, mixed mode, sharing, tiered, compressed oops, compressed class ptrs, g1 gc, windows-amd64)
# Problematic frame:
# V  [jvm.dll+0xc9d0]
#
# No core dump will be written. Minidumps are not enabled by default on client versions of Windows
#
# If you would like to submit a bug report, please visit:
#   https://github.com/microsoft/openjdk/issues
#

---------------  S U M M A R Y ------------

Command Line: -XX:+ShowCodeDetailsInExceptionMessages -agentlib:jdwp=transport=dt_socket,suspend=y,address=localhost:53917 -javaagent:D:\Eclipse\eclipse\configuration\org.eclipse.osgi\827\0\.cp\lib\javaagent-shaded.jar -Dfile.encoding=UTF-8 -Dstdout.encoding=UTF-8 -Dstderr.encoding=UTF-8 testing.Test

Host: AMD Ryzen 9 3900X 12-Core Processor            , 24 cores, 127G,  Windows 11 , 64 bit Build 22621 (10.0.22621.3958)
Time: Sat Oct 12 01:21:37 2024 Mitteleuropäische Sommerzeit elapsed time: 77.421911 seconds (0d 0h 1m 17s)

---------------  T H R E A D  ---------------

Current thread (0x0000025e6bc932d0):  JavaThread "main" [_thread_in_vm, id=35260, stack(0x00000064b5700000,0x00000064b5800000)]

Stack: [0x00000064b5700000,0x00000064b5800000],  sp=0x00000064b57fef28,  free space=1019k
Native frames: (J=compiled Java code, j=interpreted, Vv=VM code, C=native code)
V  [jvm.dll+0xc9d0]

Java frames: (J=compiled Java code, j=interpreted, Vv=VM code)
j  de.m_marvin.electronflow.Solver.setLibName(JLjava/lang/String;)I+0
j  de.m_marvin.electronflow.Solver.setLibName(Ljava/lang/String;)V+7
j  de.m_marvin.electronflow.Solver.attachElectronFlow(Ljava/util/function/Consumer;)Z+25
j  de.m_marvin.electronflow.Solver.attachElectronFlow()Z+14
j  testing.Test.main([Ljava/lang/String;)V+9
v  ~StubRoutines::call_stub

siginfo: EXCEPTION_ACCESS_VIOLATION (0xc0000005), reading address 0x0000000000000000


Registers:
RAX=0x0000000000000000, RBX=0x0000025e6bc932d0, RCX=0x0000000000000000, RDX=0x0000000000000000
RSP=0x00000064b57fef28, RBP=0x00007ffbb4df3100, RSI=0x0000000000000000, RDI=0x0000000000000000
R8 =0x0000000000000000, R9 =0x00007ffbb4df3128, R10=0x0000000000000000, R11=0x0000000000000102
R12=0x0000025ec5560170, R13=0x0000025ec14427e8, R14=0x0000000000000000, R15=0x0000025e6bc932d0
RIP=0x00007ffbb538c9d0, EFLAGS=0x0000000000010246


Register to memory mapping:

RIP=0x00007ffbb538c9d0 jvm.dll
RAX=0x0 is NULL
RBX=0x0000025e6bc932d0 is a thread
RCX=0x0 is NULL
RDX=0x0 is NULL
RSP=0x00000064b57fef28 is pointing into the stack for thread: 0x0000025e6bc932d0
RBP=0x00007ffbb4df3100 electronflow_jni_x64.dll
RSI=0x0 is NULL
RDI=0x0 is NULL
R8 =0x0 is NULL
R9 =0x00007ffbb4df3128 electronflow_jni_x64.dll
R10=0x0 is NULL
R11=