#
# A fatal error has been detected by the Java Runtime Environment:
#
#  EXCEPTION_ACCESS_VIOLATION (0xc0000005) at pc=0x000001d8b23149dc, pid=26564, tid=29892
#
# JRE version: OpenJDK Runtime Environment Microsoft-8902769 (17.0.10+7) (build 17.0.10+7-LTS)
# Java VM: OpenJDK 64-Bit Server VM Microsoft-8902769 (17.0.10+7-LTS, mixed mode, sharing, tiered, compressed oops, compressed class ptrs, g1 gc, windows-amd64)
# Problematic frame:
# C  [ngspice42_x64.dll+0x1949dc]
#
# No core dump will be written. Minidumps are not enabled by default on client versions of Windows
#
# If you would like to submit a bug report, please visit:
#   https://github.com/microsoft/openjdk/issues
# The crash happened outside the Java Virtual Machine in native code.
# See problematic frame for where to report the bug.
#

---------------  S U M M A R Y ------------

Command Line: -XX:+ShowCodeDetailsInExceptionMessages -agentlib:jdwp=transport=dt_socket,suspend=y,address=localhost:57157 -javaagent:D:\Eclipse\eclipse\configuration\org.eclipse.osgi\827\0\.cp\lib\javaagent-shaded.jar -Dfile.encoding=UTF-8 -Dstdout.encoding=UTF-8 -Dstderr.encoding=UTF-8 testing.Test

Host: AMD Ryzen 9 3900X 12-Core Processor            , 24 cores, 127G,  Windows 11 , 64 bit Build 22621 (10.0.22621.3958)
Time: Sat Oct 12 04:20:59 2024 Mitteleuropäische Sommerzeit elapsed time: 1.257240 seconds (0d 0h 0m 1s)

---------------  T H R E A D  ---------------

Current thread (0x000001d86c079800):  JavaThread "Thread-2" [_thread_in_native, id=29892, stack(0x0000003855a00000,0x0000003855b00000)]

Stack: [0x0000003855a00000,0x0000003855b00000],  sp=0x0000003855afe480,  free space=1017k
Native frames: (J=compiled Java code, j=interpreted, Vv=VM code, C=native code)
C  [ngspice42_x64.dll+0x1949dc]

Java frames: (J=compiled Java code, j=interpreted, Vv=VM code)
j  de.m_marvin.electronflow.Solver.execute(JLjava/lang/String;)Z+0
j  de.m_marvin.electronflow.Solver.execute(Ljava/lang/String;)Z+6
j  testing.Test.test()V+45
j  testing.Test$$Lambda$23+0x000001d86e005f08.run()V+0
j  java.lang.Thread.run()V+11 java.base@17.0.10
v  ~StubRoutines::call_stub

siginfo: EXCEPTION_ACCESS_VIOLATION (0xc0000005), reading address 0x0000000000000038


Registers:
RAX=0x0000000000000000, RBX=0x0000003855afe580, RCX=0x000001d86beb4490, RDX=0x0000000000000001
RSP=0x0000003855afe480, RBP=0x0000000000000000, RSI=0x000001d86c876cc0, RDI=0x000001d86c8a1000
R8 =0x000000007ffe9000, R9 =0x0000000000000083, R10=0x000001d86beb4490, R11=0x0000003855afe4a8
R12=0x0000000000000000, R13=0x000001d86c82d160, R14=0x0000003855afe570, R15=0x0000000000000003
RIP=0x000001d8b23149dc, EFLAGS=0x0000000000010246


Register to memory mapping:

RIP=0x000001d8b23149dc ngspice42_x64.dll
RAX=0x0 is NULL
RBX=0x0000003855afe580 is pointing into the stack for thread: 0x000001d86c079800
RCX=0x000001d86beb4490 points into unknown readable memory: 0x000001d86c7e6b80 | 80 6b 7e 6c d8 01 00 00
RDX=0x0000000000000001 is an unknown value
RSP=0x0000003855afe480 is pointing into the stack for thread: 0x000001d86c079800
RBP=0x0 is NULL
RSI=0x000001d86c876cc0 points into unknown readable memory: 0x000001d86c853840 | 40 38 85 6c d8 01 00 00
RDI=0x000001d86c8a1000 points into unknown readable memory: 0x000001d86c7e6b60 | 60 6b 7e 6c d8 01 00 00
R8 =0x000000007ffe9000 points into unknown readable memory: 0x00000000546c6148 | 48 61 6c 54 00 00 00 00
R9 =0x0000000000000083 is an unknown value
R10=0x000001d86beb4490 points into unknown readable memory: 0x000001d86c7e6b80 | 80 6b 7e 6c d8 01 00 00
R11=0x0000003855afe4a8 is pointing into the stack for thread: 0x000001d86c079800
R12=0x0 is NULL
R13=0x000001d86c82d160 points into unknown readable memory: 0x0000000000000000 | 00 00 00 00 00 00 00 00
R14=0x0000003855afe570 is pointing into the stack for thread: 0x000001d86c079800
R15=0x0000000000000003 is an unknown value


Top of Stack: (sp=0x0000003855afe480)
0x0000003855afe480:   0000003855afe580 0000000000000003
0x0000003855afe490:   0000000000000003 000001d86c82d160
0x0000003855afe4a0:   000001d86c876cc0 000001d8b2279e3f
0x0000003855afe4b0:   0000003855afe580 000001d86c8a1000
0x0000003855afe4c0:   0000003855afe570 0000000000000000
0x0000003855afe4d0:   000001d86c876cc0 0000000000000000
0x0000003855afe4e0:   000001d86c876cc0 0000000000000000
0x0000003855afe4f0:   000005930079502f 0000000000000000
0x0000003855afe500:   000005930079508f 0000000000000000
0x0000003855afe510:   0000000000000000 0000000000000000
0x0000003855afe520:   0000000000000000 000001d86c876cc0
0x0000003855afe530:   0000000000000001 0000000000000000
0x0000003855afe540:   000001d86c876cc0 000001d8b2319285
0x0000003855afe550:   00000593007951bf 000001d86c82d160
0x0000003855afe560:   000001d86c876cc0 000001d8b2319f65
0x0000003855afe570:   0000000000000000 000001d86c85cb18
0x0000003855afe580:   0000000000000000 000001d8b231c94a
0x0000003855afe590:   00000593007951cf 0000000000000000
0x0000003855afe5a0:   0000000000000000 0000000000000000
0x0000003855afe5b0:   0000000000000000 000001d8b23241ea
0x0000003855afe5c0:   000001d86c876cc0 0000000000000000
0x0000003855afe5d0:   0000000000000000 0000000000000000
0x0000003855afe5e0:   0000000000000004 000001d800000000
0x0000003855afe5f0:   0000000000000000 000001d800000004
0x0000003855afe600:   0000003855afe620 000001d8b2842c88
0x0000003855afe610:   000001d86c7e6b60 000001d8b231918d
0x0000003855afe620:   000001d86c8a1000 000001d86c876cc0
0x0000003855afe630:   000001d8b2842c88 403b000000000000
0x0000003855afe640:   0000000000000000 0000000000000000
0x0000003855afe650:   0000000000000000 0000000000000000
0x0000003855afe660:   0000000000000000 0000000000000000
0x0000003855afe670:   000001d8b292866c 000001d86c876cc0 

Instructions: (pc=0x000001d8b23149dc)
0x000001d8b23148dc:   8b cf 8b f0 e8 2b 66 e8 ff 40 3a f0 75 14 0f b6
0x000001d8b23148ec:   43 01 48 ff c3 48 ff c5 84 c0 75 d8 80 7d 00 00
0x000001d8b23148fc:   74 09 4d 8b 76 30 4d 85 f6 75 b9 48 8b 74 24 50
0x000001d8b231490c:   49 8b c6 48 8b 6c 24 48 48 8b 5c 24 40 48 8b 7c
0x000001d8b231491c:   24 20 48 83 c4 28 41 5f 41 5e c3 49 8b c6 48 83
0x000001d8b231492c:   c4 28 41 5f 41 5e c3 cc cc cc cc cc cc cc cc cc
0x000001d8b231493c:   cc cc cc cc 40 53 48 83 ec 20 48 8b d9 0f b6 09
0x000001d8b231494c:   e8 3f 1c e8 ff 85 c0 74 1b 66 66 66 0f 1f 84 00
0x000001d8b231495c:   00 00 00 00 0f b6 4b 01 48 ff c3 e8 24 1c e8 ff
0x000001d8b231496c:   85 c0 75 f0 48 8b c3 48 83 c4 20 5b c3 cc cc cc
0x000001d8b231497c:   cc cc cc cc 0f b6 c1 c3 cc cc cc cc cc cc cc cc
0x000001d8b231498c:   cc cc cc cc e9 53 7d e8 ff cc cc cc cc cc cc cc
0x000001d8b231499c:   cc cc cc cc e9 1f 8a e8 ff cc cc cc cc cc cc cc
0x000001d8b23149ac:   cc cc cc cc e9 c7 94 e8 ff cc cc cc cc cc cc cc
0x000001d8b23149bc:   cc cc cc cc 48 83 ec 28 83 3d 0d 50 67 00 00 4c
0x000001d8b23149cc:   8b 15 86 d6 52 00 0f 85 f5 00 00 00 49 8b 42 20
0x000001d8b23149dc:   48 63 48 38 8d 41 ff 85 c0 0f 88 e2 00 00 00 48
0x000001d8b23149ec:   89 5c 24 30 48 8b 1d a1 4e 67 00 89 43 04 4d 8b
0x000001d8b23149fc:   52 20 4d 85 d2 0f 84 9d 00 00 00 48 89 74 24 38
0x000001d8b2314a0c:   33 f6 48 89 7c 24 20 44 8b de 48 8b f9 0f 1f 80
0x000001d8b2314a1c:   00 00 00 00 41 f6 42 0c 01 48 8b 4b 08 49 8b 04
0x000001d8b2314a2c:   0b 74 27 40 88 70 19 48 8b 43 08 49 8b 52 10 4a
0x000001d8b2314a3c:   8b 0c 18 48 8b 44 fa f8 48 89 41 08 48 8b 43 08
0x000001d8b2314a4c:   4a 8b 0c 18 48 89 71 10 eb 34 c6 40 19 01 4c 8d
0x000001d8b2314a5c:   4f ff 48 8b 43 08 4d 03 c9 49 8b 52 18 4a 8b 0c
0x000001d8b2314a6c:   18 4a 8b 04 ca 48 89 41 08 48 8b 43 08 4d 8b 42
0x000001d8b2314a7c:   18 4a 8b 14 18 4b 8b 44 c8 08 48 89 42 10 4d 8b
0x000001d8b2314a8c:   92 88 00 00 00 49 83 c3 08 4d 85 d2 75 86 48 8b
0x000001d8b2314a9c:   7c 24 20 48 8b 74 24 38 4c 8b 0d 1d 50 67 00 48
0x000001d8b2314aac:   8b cb 44 8b 05 93 c6 66 00 8b 15 05 4e 67 00 ff
0x000001d8b2314abc:   15 cf 4d 67 00 48 8b 5c 24 30 33 c0 48 83 c4 28
0x000001d8b2314acc:   c3 b8 02 00 00 00 48 83 c4 28 c3 cc cc cc cc cc 


Stack slot to memory mapping:
stack at sp + 0 slots: 0x0000003855afe580 is pointing into the stack for thread: 0x000001d86c079800
stack at sp + 1 slots: 0x0000000000000003 is an unknown value
stack at sp + 2 slots: 0x0000000000000003 is an unknown value
stack at sp + 3 slots: 0x000001d86c82d160 points into unknown readable memory: 0x0000000000000000 | 00 00 00 00 00 00 00 00
stack at sp + 4 slots: 0x000001d86c876cc0 points into unknown readable memory: 0x000001d86c853840 | 40 38 85 6c d8 01 00 00
stack at sp + 5 slots: 0x000001d8b2279e3f ngspice42_x64.dll
stack at sp + 6 slots: 0x0000003855afe580 is pointing into the stack for thread: 0x000001d86c079800
stack at sp + 7 slots: 0x000001d86c8a1000 points into unknown readable memory: 0x000001d86c7e6b60 | 60 6b 7e 6c d8 01 00 00


---------------  P R O C E S S  ---------------

Threads class SMR info:
_java_thread_list=0x000001d86c6bb520, length=25, elements={
0x000001d86bebb970, 0x000001d86bebc5f0, 0x000001d86becd120, 0x000001d86bed1af0,
0x000001d86bed24b0, 0x000001d86bedae80, 0x000001d86bedf330, 0x000001d86bedfde0,
0x000001d86beeafc0, 0x000001d86bea8460, 0x000001d86c220230, 0x000001d86c26c350,
0x000001d86c26c850, 0x000001d86c249450, 0x000001d86c60a1b0, 0x000001d86c6712f0,
0x000001d86c079800, 0x000001d86c3ae430, 0x000001d86c5d94b0, 0x000001d86c5d8070,
0x000001d86c5d8580, 0x000001d86c5da8f0, 0x000001d86c5d7b60, 0x000001d86c5da3e0,
0x000001d86c5dae00
}

Java Threads: ( => current thread )
  0x000001d86bebb970 JavaThread "Reference Handler" daemon [_thread_blocked, id=36616, stack(0x0000003854600000,0x0000003854700000)]
  0x000001d86bebc5f0 JavaThread "Finalizer" daemon [_thread_blocked, id=37724, stack(0x0000003854700000,0x0000003854800000)]
  0x000001d86becd120 JavaThread "Signal Dispatcher" daemon [_thread_blocked, id=6988, stack(0x0000003854800000,0x0000003854900000)]
  0x000001d86bed1af0 JavaThread "Attach Listener" daemon [_thread_blocked, id=32108, stack(0x0000003854900000,0x0000003854a00000)]
  0x000001d86bed24b0 JavaThread "Service Thread" daemon [_thread_blocked, id=33944, stack(0x0000003854a00000,0x0000003854b00000)]
  0x000001d86bedae80 JavaThread "Monitor Deflation Thread" daemon [_thread_blocked, id=32940, stack(0x0000003854b00000,0x0000003854c00000)]
  0x000001d86bedf330 JavaThread "C2 CompilerThread0" daemon [_thread_blocked, id=35432, stack(0x0000003854c00000,0x0000003854d00000)]
  0x000001d86bedfde0 JavaThread "C1 CompilerThread0" daemon [_thread_blocked, id=29740, stack(0x0000003854d00000,0x0000003854e00000)]
  0x000001d86beeafc0 JavaThread "Sweeper thread" daemon [_thread_blocked, id=37364, stack(0x0000003854e00000,0x0000003854f00000)]
  0x000001d86bea8460 JavaThread "Common-Cleaner" daemon [_thread_blocked, id=36388, stack(0x0000003854f00000,0x0000003855000000)]
  0x000001d86c220230 JavaThread "JDWP Transport Listener: dt_socket" daemon [_thread_blocked, id=37772, stack(0x0000003855300000,0x0000003855400000)]
  0x000001d86c26c350 JavaThread "JDWP Event Helper Thread" daemon [_thread_blocked, id=32896, stack(0x0000003855400000,0x0000003855500000)]
  0x000001d86c26c850 JavaThread "JDWP Command Reader" daemon [_thread_in_native, id=31896, stack(0x0000003855500000,0x0000003855600000)]
  0x000001d86c249450 JavaThread "Notification Thread" daemon [_thread_blocked, id=31008, stack(0x0000003855600000,0x0000003855700000)]
  0x000001d86c60a1b0 JavaThread "Thread-0" [_thread_in_native, id=36068, stack(0x0000003855800000,0x0000003855900000)]
  0x000001d86c6712f0 JavaThread "Thread-1" [_thread_in_native, id=28768, stack(0x0000003855900000,0x0000003855a00000)]
=>0x000001d86c079800 JavaThread "Thread-2" [_thread_in_native, id=29892, stack(0x0000003855a00000,0x0000003855b00000)]
  0x000001d86c3ae430 JavaThread "Thread-3" [_thread_in_native, id=36440, stack(0x0000003855b00000,0x0000003855c00000)]
  0x000001d86c5d94b0 JavaThread "Thread-4" [_thread_in_native, id=32316, stack(0x0000003855c00000,0x0000003855d00000)]
  0x000001d86c5d8070 JavaThread "Thread-5" [_thread_in_native, id=37792, stack(0x0000003855d00000,0x0000003855e00000)]
  0x000001d86c5d8580 JavaThread "Thread-6" [_thread_in_native, id=33464, stack(0x0000003855e00000,0x0000003855f00000)]
  0x000001d86c5da8f0 JavaThread "Thread-7" [_thread_in_native, id=25908, stack(0x0000003855f00000,0x0000003856000000)]
  0x000001d86c5d7b60 JavaThread "Thread-8" [_thread_in_native, id=35064, stack(0x0000003856000000,0x0000003856100000)]
  0x000001d86c5da3e0 JavaThread "Thread-9" [_thread_in_native, id=8808, stack(0x0000003856100000,0x0000003856200000)]
  0x000001d86c5dae00 JavaThread "DestroyJavaVM" [_thread_blocked, id=35284, stack(0x0000003853f00000,0x0000003854000000)]

Other Threads:
  0x000001d86beb4e50 VMThread "VM Thread" [stack: 0x0000003854500000,0x0000003854600000] [id=35044]
  0x000001d86c51f980 WatcherThread [stack: 0x0000003855700000,0x0000003855800000] [id=33924]
  0x000001d845a2cd50 GCTaskThread "GC Thread#0" [stack: 0x0000003854000000,0x0000003854100000] [id=30288]
  0x000001d85d370a00 ConcurrentGCThread "G1 Main Marker" [stack: 0x0000003854100000,0x0000003854200000] [id=34016]
  0x000001d845a2df80 ConcurrentGCThread "G1 Conc#0" [stack: 0x0000003854200000,0x0000003854300000] [id=34672]
  0x000001d85d455ff0 ConcurrentGCThread "G1 Refine#0" [stack: 0x0000003854300000,0x0000003854400000] [id=4272]
  0x000001d85d456a20 ConcurrentGCThread "G1 Service" [stack: 0x0000003854400000,0x0000003854500000] [id=32100]

Threads with active compile tasks:

VM state: not at safepoint (normal execution)

VM Mutex/Monitor currently owned by a thread: None

OutOfMemory and StackOverflow Exception counts:
StackOverflowErrors=18

Heap address: 0x0000000082000000, size: 30688 MB, Compressed Oops mode: Zero based, Oop shift amount: 3

CDS archive(s) mapped at: [0x000001d86d000000-0x000001d86dbb0000-0x000001d86dbb0000), size 12255232, SharedBaseAddress: 0x000001d86d000000, ArchiveRelocationMode: 1.
Compressed class space mapped at: 0x000001d86e000000-0x000001d8ae000000, reserved size: 1073741824
Narrow klass base: 0x000001d86d000000, Narrow klass shift: 0, Narrow klass range: 0x100000000

GC Precious Log:
 CPUs: 24 total, 24 available
 Memory: 127G
 Large Page Support: Disabled
 NUMA Support: Disabled
 Compressed Oops: Enabled (Zero based)
 Heap Region Size: 16M
 Heap Min Capacity: 16M
 Heap Initial Capacity: 2G
 Heap Max Capacity: 30688M
 Pre-touch: Disabled
 Parallel Workers: 18
 Concurrent Workers: 5
 Concurrent Refinement Workers: 18
 Periodic GC: Disabled

Heap:
 garbage-first heap   total 2097152K, used 32768K [0x0000000082000000, 0x0000000800000000)
  region size 16384K, 3 young (49152K), 0 survivors (0K)
 Metaspace       used 3071K, committed 3200K, reserved 1114112K
  class space    used 280K, committed 320K, reserved 1048576K

Heap Regions: E=young(eden), S=young(survivor), O=old, HS=humongous(starts), HC=humongous(continues), CS=collection set, F=free, OA=open archive, CA=closed archive, TAMS=top-at-mark-start (previous, next)
|   0|0x0000000082000000, 0x0000000082000000, 0x0000000083000000|  0%| F|  |TAMS 0x0000000082000000, 0x0000000082000000| Untracked 
|   1|0x0000000083000000, 0x0000000083000000, 0x0000000084000000|  0%| F|  |TAMS 0x0000000083000000, 0x0000000083000000| Untracked 
|   2|0x0000000084000000, 0x0000000084000000, 0x0000000085000000|  0%| F|  |TAMS 0x0000000084000000, 0x0000000084000000| Untracked 
|   3|0x0000000085000000, 0x0000000085000000, 0x0000000086000000|  0%| F|  |TAMS 0x0000000085000000, 0x0000000085000000| Untracked 
|   4|0x0000000086000000, 0x0000000086000000, 0x0000000087000000|  0%| F|  |TAMS 0x0000000086000000, 0x0000000086000000| Untracked 
|   5|0x0000000087000000, 0x0000000087000000, 0x0000000088000000|  0%| F|  |TAMS 0x0000000087000000, 0x0000000087000000| Untracked 
|   6|0x0000000088000000, 0x0000000088000000, 0x0000000089000000|  0%| F|  |TAMS 0x0000000088000000, 0x0000000088000000| Untracked 
|   7|0x0000000089000000, 0x0000000089000000, 0x000000008a000000|  0%| F|  |TAMS 0x0000000089000000, 0x0000000089000000| Untracked 
|   8|0x000000008a000000, 0x000000008a000000, 0x000000008b000000|  0%| F|  |TAMS 0x000000008a000000, 0x000000008a000000| Untracked 
|   9|0x000000008b000000, 0x000000008b000000, 0x000000008c000000|  0%| F|  |TAMS 0x000000008b000000, 0x000000008b000000| Untracked 
|  10|0x000000008c000000, 0x000000008c000000, 0x000000008d000000|  0%| F|  |TAMS 0x000000008c000000, 0x000000008c000000| Untracked 
|  11|0x000000008d000000, 0x000000008d000000, 0x000000008e000000|  0%| F|  |TAMS 0x000000008d000000, 0x000000008d000000| Untracked 
|  12|0x000000008e000000, 0x000000008e000000, 0x000000008f000000|  0%| F|  |TAMS 0x000000008e000000, 0x000000008e000000| Untracked 
|  13|0x000000008f000000, 0x000000008f000000, 0x0000000090000000|  0%| F|  |TAMS 0x000000008f000000, 0x000000008f000000| Untracked 
|  14|0x0000000090000000, 0x0000000090000000, 0x0000000091000000|  0%| F|  |TAMS 0x0000000090000000, 0x0000000090000000| Untracked 
|  15|0x0000000091000000, 0x0000000091000000, 0x0000000092000000|  0%| F|  |TAMS 0x0000000091000000, 0x0000000091000000| Untracked 
|  16|0x0000000092000000, 0x0000000092000000, 0x0000000093000000|  0%| F|  |TAMS 0x0000000092000000, 0x0000000092000000| Untracked 
|  17|0x0000000093000000, 0x0000000093000000, 0x0000000094000000|  0%| F|  |TAMS 0x0000000093000000, 0x0000000093000000| Untracked 
|  18|0x0000000094000000, 0x0000000094000000, 0x0000000095000000|  0%| F|  |TAMS 0x0000000094000000, 0x0000000094000000| Untracked 
|  19|0x0000000095000000, 0x0000000095000000, 0x0000000096000000|  0%| F|  |TAMS 0x0000000095000000, 0x0000000095000000| Untracked 
|  20|0x0000000096000000, 0x0000000096000000, 0x0000000097000000|  0%| F|  |TAMS 0x0000000096000000, 0x0000000096000000| Untracked 
|  21|0x0000000097000000, 0x0000000097000000, 0x0000000098000000|  0%| F|  |TAMS 0x0000000097000000, 0x0000000097000000| Untracked 
|  22|0x0000000098000000, 0x0000000098000000, 0x0000000099000000|  0%| F|  |TAMS 0x0000000098000000, 0x0000000098000000| Untracked 
|  23|0x0000000099000000, 0x0000000099000000, 0x000000009a000000|  0%| F|  |TAMS 0x0000000099000000, 0x0000000099000000| Untracked 
|  24|0x000000009a000000, 0x000000009a000000, 0x000000009b000000|  0%| F|  |TAMS 0x000000009a000000, 0x000000009a000000| Untracked 
|  25|0x000000009b000000, 0x000000009b000000, 0x000000009c000000|  0%| F|  |TAMS 0x000000009b000000, 0x000000009b000000| Untracked 
|  26|0x000000009c000000, 0x000000009c000000, 0x000000009d000000|  0%| F|  |TAMS 0x000000009c000000, 0x000000009c000000| Untracked 
|  27|0x000000009d000000, 0x000000009d000000, 0x000000009e000000|  0%| F|  |TAMS 0x000000009d000000, 0x000000009d000000| Untracked 
|  28|0x000000009e000000, 0x000000009e000000, 0x000000009f000000|  0%| F|  |TAMS 0x000000009e000000, 0x000000009e000000| Untracked 
|  29|0x000000009f000000, 0x000000009f000000, 0x00000000a0000000|  0%| F|  |TAMS 0x000000009f000000, 0x000000009f000000| Untracked 
|  30|0x00000000a0000000, 0x00000000a0000000, 0x00000000a1000000|  0%| F|  |TAMS 0x00000000a0000000, 0x00000000a0000000| Untracked 
|  31|0x00000000a1000000, 0x00000000a1000000, 0x00000000a2000000|  0%| F|  |TAMS 0x00000000a1000000, 0x00000000a1000000| Untracked 
|  32|0x00000000a2000000, 0x00000000a2000000, 0x00000000a3000000|  0%| F|  |TAMS 0x00000000a2000000, 0x00000000a2000000| Untracked 
|  33|0x00000000a3000000, 0x00000000a3000000, 0x00000000a4000000|  0%| F|  |TAMS 0x00000000a3000000, 0x00000000a3000000| Untracked 
|  34|0x00000000a4000000, 0x00000000a4000000, 0x00000000a5000000|  0%| F|  |TAMS 0x00000000a4000000, 0x00000000a4000000| Untracked 
|  35|0x00000000a5000000, 0x00000000a5000000, 0x00000000a6000000|  0%| F|  |TAMS 0x00000000a5000000, 0x00000000a5000000| Untracked 
|  36|0x00000000a6000000, 0x00000000a6000000, 0x00000000a7000000|  0%| F|  |TAMS 0x00000000a6000000, 0x00000000a6000000| Untracked 
|  37|0x00000000a7000000, 0x00000000a7000000, 0x00000000a8000000|  0%| F|  |TAMS 0x00000000a7000000, 0x00000000a7000000| Untracked 
|  38|0x00000000a8000000, 0x00000000a8000000, 0x00000000a9000000|  0%| F|  |TAMS 0x00000000a8000000, 0x00000000a8000000| Untracked 
|  39|0x00000000a9000000, 0x00000000a9000000, 0x00000000aa000000|  0%| F|  |TAMS 0x00000000a9000000, 0x00000000a9000000| Untracked 
|  40|0x00000000aa000000, 0x00000000aa000000, 0x00000000ab000000|  0%| F|  |TAMS 0x00000000aa000000, 0x00000000aa000000| Untracked 
|  41|0x00000000ab000000, 0x00000000ab000000, 0x00000000ac000000|  0%| F|  |TAMS 0x00000000ab000000, 0x00000000ab000000| Untracked 
|  42|0x00000000ac000000, 0x00000000ac000000, 0x00000000ad000000|  0%| F|  |TAMS 0x00000000ac000000, 0x00000000ac000000| Untracked 
|  43|0x00000000ad000000, 0x00000000ad000000, 0x00000000ae000000|  0%| F|  |TAMS 0x00000000ad000000, 0x00000000ad000000| Untracked 
|  44|0x00000000ae000000, 0x00000000ae000000, 0x00000000af000000|  0%| F|  |TAMS 0x00000000ae000000, 0x00000000ae000000| Untracked 
|  45|0x00000000af000000, 0x00000000af000000, 0x00000000b0000000|  0%| F|  |TAMS 0x00000000af000000, 0x00000000af000000| Untracked 
|  46|0x00000000b0000000, 0x00000000b0000000, 0x00000000b1000000|  0%| F|  |TAMS 0x00000000b0000000, 0x00000000b0000000| Untracked 
|  47|0x00000000b1000000, 0x00000000b1000000, 0x00000000b2000000|  0%| F|  |TAMS 0x00000000b1000000, 0x00000000b1000000| Untracked 
|  48|0x00000000b2000000, 0x00000000b2000000, 0x00000000b3000000|  0%| F|  |TAMS 0x00000000b2000000, 0x00000000b2000000| Untracked 
|  49|0x00000000b3000000, 0x00000000b3000000, 0x00000000b4000000|  0%| F|  |TAMS 0x00000000b3000000, 0x00000000b3000000| Untracked 
|  50|0x00000000b4000000, 0x00000000b4000000, 0x00000000b5000000|  0%| F|  |TAMS 0x00000000b4000000, 0x00000000b4000000| Untracked 
|  51|0x00000000b5000000, 0x00000000b5000000, 0x00000000b6000000|  0%| F|  |TAMS 0x00000000b5000000, 0x00000000b5000000| Untracked 
|  52|0x00000000b6000000, 0x00000000b6000000, 0x00000000b7000000|  0%| F|  |TAMS 0x00000000b6000000, 0x00000000b6000000| Untracked 
|  53|0x00000000b7000000, 0x00000000b7000000, 0x00000000b8000000|  0%| F|  |TAMS 0x00000000b7000000, 0x00000000b7000000| Untracked 
|  54|0x00000000b8000000, 0x00000000b8000000, 0x00000000b9000000|  0%| F|  |TAMS 0x00000000b8000000, 0x00000000b8000000| Untracked 
|  55|0x00000000b9000000, 0x00000000b9000000, 0x00000000ba000000|  0%| F|  |TAMS 0x00000000b9000000, 0x00000000b9000000| Untracked 
|  56|0x00000000ba000000, 0x00000000ba000000, 0x00000000bb000000|  0%| F|  |TAMS 0x00000000ba000000, 0x00000000ba000000| Untracked 
|  57|0x00000000bb000000, 0x00000000bb000000, 0x00000000bc000000|  0%| F|  |TAMS 0x00000000bb000000, 0x00000000bb000000| Untracked 
|  58|0x00000000bc000000, 0x00000000bc000000, 0x00000000bd000000|  0%| F|  |TAMS 0x00000000bc000000, 0x00000000bc000000| Untracked 
|  59|0x00000000bd000000, 0x00000000bd000000, 0x00000000be000000|  0%| F|  |TAMS 0x00000000bd000000, 0x00000000bd000000| Untracked 
|  60|0x00000000be000000, 0x00000000be000000, 0x00000000bf000000|  0%| F|  |TAMS 0x00000000be000000, 0x00000000be000000| Untracked 
|  61|0x00000000bf000000, 0x00000000bf000000, 0x00000000c0000000|  0%| F|  |TAMS 0x00000000bf000000, 0x00000000bf000000| Untracked 
|  62|0x00000000c0000000, 0x00000000c0000000, 0x00000000c1000000|  0%| F|  |TAMS 0x00000000c0000000, 0x00000000c0000000| Untracked 
|  63|0x00000000c1000000, 0x00000000c1000000, 0x00000000c2000000|  0%| F|  |TAMS 0x00000000c1000000, 0x00000000c1000000| Untracked 
|  64|0x00000000c2000000, 0x00000000c2000000, 0x00000000c3000000|  0%| F|  |TAMS 0x00000000c2000000, 0x00000000c2000000| Untracked 
|  65|0x00000000c3000000, 0x00000000c3000000, 0x00000000c4000000|  0%| F|  |TAMS 0x00000000c3000000, 0x00000000c3000000| Untracked 
|  66|0x00000000c4000000, 0x00000000c4000000, 0x00000000c5000000|  0%| F|  |TAMS 0x00000000c4000000, 0x00000000c4000000| Untracked 
|  67|0x00000000c5000000, 0x00000000c5000000, 0x00000000c6000000|  0%| F|  |TAMS 0x00000000c5000000, 0x00000000c5000000| Untracked 
|  68|0x00000000c6000000, 0x00000000c6000000, 0x00000000c7000000|  0%| F|  |TAMS 0x00000000c6000000, 0x00000000c6000000| Untracked 
|  69|0x00000000c7000000, 0x00000000c7000000, 0x00000000c8000000|  0%| F|  |TAMS 0x00000000c7000000, 0x00000000c7000000| Untracked 
|  70|0x00000000c8000000, 0x00000000c8000000, 0x00000000c9000000|  0%| F|  |TAMS 0x00000000c8000000, 0x00000000c8000000| Untracked 
|  71|0x00000000c9000000, 0x00000000c9000000, 0x00000000ca000000|  0%| F|  |TAMS 0x00000000c9000000, 0x00000000c9000000| Untracked 
|  72|0x00000000ca000000, 0x00000000ca000000, 0x00000000cb000000|  0%| F|  |TAMS 0x00000000ca000000, 0x00000000ca000000| Untracked 
|  73|0x00000000cb000000, 0x00000000cb000000, 0x00000000cc000000|  0%| F|  |TAMS 0x00000000cb000000, 0x00000000cb000000| Untracked 
|  74|0x00000000cc000000, 0x00000000cc000000, 0x00000000cd000000|  0%| F|  |TAMS 0x00000000cc000000, 0x00000000cc000000| Untracked 
|  75|0x00000000cd000000, 0x00000000cd000000, 0x00000000ce000000|  0%| F|  |TAMS 0x00000000cd000000, 0x00000000cd000000| Untracked 
|  76|0x00000000ce000000, 0x00000000ce000000, 0x00000000cf000000|  0%| F|  |TAMS 0x00000000ce000000, 0x00000000ce000000| Untracked 
|  77|0x00000000cf000000, 0x00000000cf000000, 0x00000000d0000000|  0%| F|  |TAMS 0x00000000cf000000, 0x00000000cf000000| Untracked 
|  78|0x00000000d0000000, 0x00000000d0000000, 0x00000000d1000000|  0%| F|  |TAMS 0x00000000d0000000, 0x00000000d0000000| Untracked 
|  79|0x00000000d1000000, 0x00000000d1000000, 0x00000000d2000000|  0%| F|  |TAMS 0x00000000d1000000, 0x00000000d1000000| Untracked 
|  80|0x00000000d2000000, 0x00000000d2000000, 0x00000000d3000000|  0%| F|  |TAMS 0x00000000d2000000, 0x00000000d2000000| Untracked 
|  81|0x00000000d3000000, 0x00000000d3000000, 0x00000000d4000000|  0%| F|  |TAMS 0x00000000d3000000, 0x00000000d3000000| Untracked 
|  82|0x00000000d4000000, 0x00000000d4000000, 0x00000000d5000000|  0%| F|  |TAMS 0x00000000d4000000, 0x00000000d4000000| Untracked 
|  83|0x00000000d5000000, 0x00000000d5000000, 0x00000000d6000000|  0%| F|  |TAMS 0x00000000d5000000, 0x00000000d5000000| Untracked 
|  84|0x00000000d6000000, 0x00000000d6000000, 0x00000000d7000000|  0%| F|  |TAMS 0x00000000d6000000, 0x00000000d6000000| Untracked 
|  85|0x00000000d7000000, 0x00000000d7000000, 0x00000000d8000000|  0%| F|  |TAMS 0x00000000d7000000, 0x00000000d7000000| Untracked 
|  86|0x00000000d8000000, 0x00000000d8000000, 0x00000000d9000000|  0%| F|  |TAMS 0x00000000d8000000, 0x00000000d8000000| Untracked 
|  87|0x00000000d9000000, 0x00000000d9000000, 0x00000000da000000|  0%| F|  |TAMS 0x00000000d9000000, 0x00000000d9000000| Untracked 
|  88|0x00000000da000000, 0x00000000da000000, 0x00000000db000000|  0%| F|  |TAMS 0x00000000da000000, 0x00000000da000000| Untracked 
|  89|0x00000000db000000, 0x00000000db000000, 0x00000000dc000000|  0%| F|  |TAMS 0x00000000db000000, 0x00000000db000000| Untracked 
|  90|0x00000000dc000000, 0x00000000dc000000, 0x00000000dd000000|  0%| F|  |TAMS 0x00000000dc000000, 0x00000000dc000000| Untracked 
|  91|0x00000000dd000000, 0x00000000dd000000, 0x00000000de000000|  0%| F|  |TAMS 0x00000000dd000000, 0x00000000dd000000| Untracked 
|  92|0x00000000de000000, 0x00000000de000000, 0x00000000df000000|  0%| F|  |TAMS 0x00000000de000000, 0x00000000de000000| Untracked 
|  93|0x00000000df000000, 0x00000000df000000, 0x00000000e0000000|  0%| F|  |TAMS 0x00000000df000000, 0x00000000df000000| Untracked 
|  94|0x00000000e0000000, 0x00000000e0000000, 0x00000000e1000000|  0%| F|  |TAMS 0x00000000e0000000, 0x00000000e0000000| Untracked 
|  95|0x00000000e1000000, 0x00000000e1000000, 0x00000000e2000000|  0%| F|  |TAMS 0x00000000e1000000, 0x00000000e1000000| Untracked 
|  96|0x00000000e2000000, 0x00000000e2000000, 0x00000000e3000000|  0%| F|  |TAMS 0x00000000e2000000, 0x00000000e2000000| Untracked 
|  97|0x00000000e3000000, 0x00000000e3000000, 0x00000000e4000000|  0%| F|  |TAMS 0x00000000e3000000, 0x00000000e3000000| Untracked 
|  98|0x00000000e4000000, 0x00000000e4000000, 0x00000000e5000000|  0%| F|  |TAMS 0x00000000e4000000, 0x00000000e4000000| Untracked 
|  99|0x00000000e5000000, 0x00000000e5000000, 0x00000000e6000000|  0%| F|  |TAMS 0x00000000e5000000, 0x00000000e5000000| Untracked 
| 100|0x00000000e6000000, 0x00000000e6000000, 0x00000000e7000000|  0%| F|  |TAMS 0x00000000e6000000, 0x00000000e6000000| Untracked 
| 101|0x00000000e7000000, 0x00000000e7000000, 0x00000000e8000000|  0%| F|  |TAMS 0x00000000e7000000, 0x00000000e7000000| Untracked 
| 102|0x00000000e8000000, 0x00000000e8000000, 0x00000000e9000000|  0%| F|  |TAMS 0x00000000e8000000, 0x00000000e8000000| Untracked 
| 103|0x00000000e9000000, 0x00000000e9000000, 0x00000000ea000000|  0%| F|  |TAMS 0x00000000e9000000, 0x00000000e9000000| Untracked 
| 104|0x00000000ea000000, 0x00000000ea000000, 0x00000000eb000000|  0%| F|  |TAMS 0x00000000ea000000, 0x00000000ea000000| Untracked 
| 105|0x00000000eb000000, 0x00000000eb000000, 0x00000000ec000000|  0%| F|  |TAMS 0x00000000eb000000, 0x00000000eb000000| Untracked 
| 106|0x00000000ec000000, 0x00000000ec000000, 0x00000000ed000000|  0%| F|  |TAMS 0x00000000ec000000, 0x00000000ec000000| Untracked 
| 107|0x00000000ed000000, 0x00000000ed000000, 0x00000000ee000000|  0%| F|  |TAMS 0x00000000ed000000, 0x00000000ed000000| Untracked 
| 108|0x00000000ee000000, 0x00000000ee000000, 0x00000000ef000000|  0%| F|  |TAMS 0x00000000ee000000, 0x00000000ee000000| Untracked 
| 109|0x00000000ef000000, 0x00000000ef000000, 0x00000000f0000000|  0%| F|  |TAMS 0x00000000ef000000, 0x00000000ef000000| Untracked 
| 110|0x00000000f0000000, 0x00000000f0000000, 0x00000000f1000000|  0%| F|  |TAMS 0x00000000f0000000, 0x00000000f0000000| Untracked 
| 111|0x00000000f1000000, 0x00000000f1000000, 0x00000000f2000000|  0%| F|  |TAMS 0x00000000f1000000, 0x00000000f1000000| Untracked 
| 112|0x00000000f2000000, 0x00000000f2000000, 0x00000000f3000000|  0%| F|  |TAMS 0x00000000f2000000, 0x00000000f2000000| Untracked 
| 113|0x00000000f3000000, 0x00000000f3000000, 0x00000000f4000000|  0%| F|  |TAMS 0x00000000f3000000, 0x00000000f3000000| Untracked 
| 114|0x00000000f4000000, 0x00000000f4000000, 0x00000000f5000000|  0%| F|  |TAMS 0x00000000f4000000, 0x00000000f4000000| Untracked 
| 115|0x00000000f5000000, 0x00000000f5000000, 0x00000000f6000000|  0%| F|  |TAMS 0x00000000f5000000, 0x00000000f5000000| Untracked 
| 116|0x00000000f6000000, 0x00000000f6000000, 0x00000000f7000000|  0%| F|  |TAMS 0x00000000f6000000, 0x00000000f6000000| Untracked 
| 117|0x00000000f7000000, 0x00000000f7000000, 0x00000000f8000000|  0%| F|  |TAMS 0x00000000f7000000, 0x00000000f7000000| Untracked 
| 118|0x00000000f8000000, 0x00000000f8000000, 0x00000000f9000000|  0%| F|  |TAMS 0x00000000f8000000, 0x00000000f8000000| Untracked 
| 119|0x00000000f9000000, 0x00000000f9000000, 0x00000000fa000000|  0%| F|  |TAMS 0x00000000f9000000, 0x00000000f9000000| Untracked 
| 120|0x00000000fa000000, 0x00000000fa000000, 0x00000000fb000000|  0%| F|  |TAMS 0x00000000fa000000, 0x00000000fa000000| Untracked 
| 121|0x00000000fb000000, 0x00000000fb000000, 0x00000000fc000000|  0%| F|  |TAMS 0x00000000fb000000, 0x00000000fb000000| Untracked 
| 122|0x00000000fc000000, 0x00000000fc000000, 0x00000000fd000000|  0%| F|  |TAMS 0x00000000fc000000, 0x00000000fc000000| Untracked 
| 123|0x00000000fd000000, 0x00000000fd000000, 0x00000000fe000000|  0%| F|  |TAMS 0x00000000fd000000, 0x00000000fd000000| Untracked 
| 124|0x00000000fe000000, 0x00000000fe000000, 0x00000000ff000000|  0%| F|  |TAMS 0x00000000fe000000, 0x00000000fe000000| Untracked 
| 125|0x00000000ff000000, 0x00000000ff1ec090, 0x0000000100000000| 12%| E|  |TAMS 0x00000000ff000000, 0x00000000ff000000| Complete 
| 126|0x0000000100000000, 0x0000000101000000, 0x0000000101000000|100%| E|CS|TAMS 0x0000000100000000, 0x0000000100000000| Complete 
| 127|0x0000000101000000, 0x0000000102000000, 0x0000000102000000|100%| E|CS|TAMS 0x0000000101000000, 0x0000000101000000| Complete 

Card table byte_map: [0x000001d861060000,0x000001d864c50000] _byte_map_base: 0x000001d860c50000

Marking Bits (Prev, Next): (CMBitMap*) 0x000001d845a2d370, (CMBitMap*) 0x000001d845a2d3b0
 Prev Bits: [0x000001d800000000, 0x000001d81df80000)
 Next Bits: [0x000001d81df80000, 0x000001d83bf00000)

Polling page: 0x000001d843950000

Metaspace:

Usage:
  Non-class:      2.73 MB used.
      Class:    280.02 KB used.
       Both:      3.00 MB used.

Virtual space:
  Non-class space:       64.00 MB reserved,       2.81 MB (  4%) committed,  1 nodes.
      Class space:        1.00 GB reserved,     320.00 KB ( <1%) committed,  1 nodes.
             Both:        1.06 GB reserved,       3.12 MB ( <1%) committed. 

Chunk freelists:
   Non-Class:  11.67 MB
       Class:  15.70 MB
        Both:  27.38 MB

MaxMetaspaceSize: unlimited
CompressedClassSpaceSize: 1.00 GB
Initial GC threshold: 21.00 MB
Current GC threshold: 21.00 MB
CDS: on
MetaspaceReclaimPolicy: balanced
 - commit_granule_bytes: 65536.
 - commit_granule_words: 8192.
 - virtual_space_node_default_size: 8388608.
 - enlarge_chunks_in_place: 1.
 - new_chunks_are_fully_committed: 0.
 - uncommit_free_chunks: 1.
 - use_allocation_guard: 0.
 - handle_deallocations: 1.


Internal statistics:

num_allocs_failed_limit: 0.
num_arena_births: 40.
num_arena_deaths: 0.
num_vsnodes_births: 2.
num_vsnodes_deaths: 0.
num_space_committed: 50.
num_space_uncommitted: 0.
num_chunks_returned_to_freelist: 0.
num_chunks_taken_from_freelist: 72.
num_chunk_merges: 0.
num_chunk_splits: 44.
num_chunks_enlarged: 20.
num_inconsistent_stats: 0.

CodeHeap 'non-profiled nmethods': size=119168Kb used=195Kb max_used=195Kb free=118972Kb
 bounds [0x000001d855030000, 0x000001d8552a0000, 0x000001d85c490000]
CodeHeap 'profiled nmethods': size=119104Kb used=942Kb max_used=942Kb free=118161Kb
 bounds [0x000001d84d490000, 0x000001d84d700000, 0x000001d8548e0000]
CodeHeap 'non-nmethods': size=7488Kb used=1207Kb max_used=2348Kb free=6281Kb
 bounds [0x000001d8548e0000, 0x000001d854b50000, 0x000001d855030000]
 total_blobs=1048 nmethods=623 adapters=338
 compilation: enabled
              stopped_count=0, restarted_count=0
 full_count=0

Compilation events (20 events):
Event: 1.247 Thread 0x000001d86bedfde0  613       3       java.nio.charset.CoderResult::isUnderflow (13 bytes)
Event: 1.247 Thread 0x000001d86bedfde0 nmethod 613 0x000001d84d578b10 code [0x000001d84d578ca0, 0x000001d84d578e18]
Event: 1.247 Thread 0x000001d86bedfde0  614       3       java.nio.ByteBuffer::array (35 bytes)
Event: 1.247 Thread 0x000001d86bedfde0 nmethod 614 0x000001d84d578e90 code [0x000001d84d579060, 0x000001d84d579358]
Event: 1.247 Thread 0x000001d86bedfde0  615       3       java.io.Writer::write (11 bytes)
Event: 1.247 Thread 0x000001d86bedfde0 nmethod 615 0x000001d84d579490 code [0x000001d84d579640, 0x000001d84d579928]
Event: 1.247 Thread 0x000001d86bedfde0  617       3       java.io.BufferedWriter::min (9 bytes)
Event: 1.247 Thread 0x000001d86bedfde0 nmethod 617 0x000001d84d579a90 code [0x000001d84d579c20, 0x000001d84d579d98]
Event: 1.247 Thread 0x000001d86bedfde0  618       3       java.io.PrintStream::ensureOpen (18 bytes)
Event: 1.248 Thread 0x000001d86bedfde0 nmethod 618 0x000001d84d579e10 code [0x000001d84d579fc0, 0x000001d84d57a1e8]
Event: 1.251 Thread 0x000001d86bedfde0  619       3       java.nio.ByteBuffer::position (8 bytes)
Event: 1.251 Thread 0x000001d86bedfde0 nmethod 619 0x000001d84d57a310 code [0x000001d84d57a4a0, 0x000001d84d57a5e8]
Event: 1.252 Thread 0x000001d86bedfde0  620  s    3       java.io.BufferedOutputStream::flush (12 bytes)
Event: 1.252 Thread 0x000001d86bedfde0 nmethod 620 0x000001d84d57a690 code [0x000001d84d57a860, 0x000001d84d57ac78]
Event: 1.252 Thread 0x000001d86bedfde0  621       3       java.io.BufferedOutputStream::flushBuffer (29 bytes)
Event: 1.252 Thread 0x000001d86bedfde0 nmethod 621 0x000001d84d57ad90 code [0x000001d84d57af40, 0x000001d84d57b188]
Event: 1.252 Thread 0x000001d86bedfde0  622       3       java.io.OutputStream::flush (1 bytes)
Event: 1.252 Thread 0x000001d86bedfde0 nmethod 622 0x000001d84d57b290 code [0x000001d84d57b420, 0x000001d84d57b538]
Event: 1.253 Thread 0x000001d86bedfde0  623       3       java.nio.Buffer::limit (65 bytes)
Event: 1.254 Thread 0x000001d86bedfde0 nmethod 623 0x000001d84d57b610 code [0x000001d84d57b7c0, 0x000001d84d57baa8]

GC Heap History (0 events):
No events

Dll operation events (11 events):
Event: 0.006 Loaded shared library C:\Program Files\Java\jdk-17.0.10+7\bin\java.dll
Event: 0.022 Loaded shared library C:\Program Files\Java\jdk-17.0.10+7\bin\jsvml.dll
Event: 0.103 Loaded shared library C:\Program Files\Java\jdk-17.0.10+7\bin\zip.dll
Event: 0.105 Loaded shared library C:\Program Files\Java\jdk-17.0.10+7\bin\instrument.dll
Event: 0.110 Loaded shared library C:\Program Files\Java\jdk-17.0.10+7\bin\net.dll
Event: 0.111 Loaded shared library C:\Program Files\Java\jdk-17.0.10+7\bin\nio.dll
Event: 0.113 Loaded shared library C:\Program Files\Java\jdk-17.0.10+7\bin\zip.dll
Event: 0.154 Loaded shared library C:\Program Files\Java\jdk-17.0.10+7\bin\jimage.dll
Event: 0.184 Loaded shared library C:\Program Files\Java\jdk-17.0.10+7\bin\verify.dll
Event: 0.227 Loaded shared library C:\Users\marvi\AppData\Local\Temp\jelectronflow\nglink_x64.dll
Event: 0.230 Loaded shared library C:\Users\marvi\AppData\Local\Temp\jelectronflow\electronflow_jni_x64.dll

Deoptimization events (20 events):
Event: 0.201 Thread 0x000001d845980450 DEOPT PACKING pc=0x000001d84d5121fc sp=0x0000003853ffb330
Event: 0.201 Thread 0x000001d845980450 DEOPT UNPACKING pc=0x000001d854937143 sp=0x0000003853ffa798 mode 0
Event: 0.201 Thread 0x000001d845980450 DEOPT PACKING pc=0x000001d84d5121fc sp=0x0000003853ffb330
Event: 0.201 Thread 0x000001d845980450 DEOPT UNPACKING pc=0x000001d854937143 sp=0x0000003853ffa798 mode 0
Event: 0.202 Thread 0x000001d845980450 DEOPT PACKING pc=0x000001d84d5122d4 sp=0x0000003853ffb330
Event: 0.202 Thread 0x000001d845980450 DEOPT UNPACKING pc=0x000001d854937143 sp=0x0000003853ffa798 mode 0
Event: 0.203 Thread 0x000001d845980450 DEOPT PACKING pc=0x000001d84d5122d4 sp=0x0000003853ffb960
Event: 0.203 Thread 0x000001d845980450 DEOPT UNPACKING pc=0x000001d854937143 sp=0x0000003853ffadc8 mode 0
Event: 0.205 Thread 0x000001d845980450 DEOPT PACKING pc=0x000001d84d4a3455 sp=0x0000003853ff7e60
Event: 0.205 Thread 0x000001d845980450 DEOPT UNPACKING pc=0x000001d854937143 sp=0x0000003853ff72d8 mode 0
Event: 0.205 Thread 0x000001d845980450 DEOPT PACKING pc=0x000001d84d5122d4 sp=0x0000003853ff7af0
Event: 0.205 Thread 0x000001d845980450 DEOPT UNPACKING pc=0x000001d854937143 sp=0x0000003853ff6f58 mode 0
Event: 0.206 Thread 0x000001d845980450 DEOPT PACKING pc=0x000001d84d5122d4 sp=0x0000003853ff7af0
Event: 0.206 Thread 0x000001d845980450 DEOPT UNPACKING pc=0x000001d854937143 sp=0x0000003853ff6f58 mode 0
Event: 0.207 Thread 0x000001d845980450 DEOPT PACKING pc=0x000001d84d5121fc sp=0x0000003853ff7af0
Event: 0.207 Thread 0x000001d845980450 DEOPT UNPACKING pc=0x000001d854937143 sp=0x0000003853ff6f58 mode 0
Event: 0.207 Thread 0x000001d845980450 DEOPT PACKING pc=0x000001d84d5121fc sp=0x0000003853ff7af0
Event: 0.207 Thread 0x000001d845980450 DEOPT UNPACKING pc=0x000001d854937143 sp=0x0000003853ff6f58 mode 0
Event: 0.207 Thread 0x000001d845980450 DEOPT PACKING pc=0x000001d84d5121fc sp=0x0000003853ff7af0
Event: 0.207 Thread 0x000001d845980450 DEOPT UNPACKING pc=0x000001d854937143 sp=0x0000003853ff6f58 mode 0

Classes unloaded (0 events):
No events

Classes redefined (0 events):
No events

Internal exceptions (20 events):
Event: 0.229 Thread 0x000001d86c5d8070 Exception <a 'java/io/FileNotFoundException'{0x000000010046cf90}> (0x000000010046cf90) 
thrown [s\src\hotspot\share\prims\jni.cpp, line 516]
Event: 0.231 Thread 0x000001d86c5d8070 Exception <a 'java/io/FileNotFoundException'{0x00000001004798e8}> (0x00000001004798e8) 
thrown [s\src\hotspot\share\prims\jni.cpp, line 516]
Event: 1.252 Thread 0x000001d86c5d7b60 Exception <a 'java/lang/StackOverflowError'{0x0000000100b89400}> (0x0000000100b89400) 
thrown [s\src\hotspot\share\runtime\javaCalls.cpp, line 400]
Event: 1.253 Thread 0x000001d86c5d7b60 Exception <a 'java/lang/StackOverflowError'{0x0000000100b89460}> (0x0000000100b89460) 
thrown [s\src\hotspot\share\runtime\javaCalls.cpp, line 400]
Event: 1.253 Thread 0x000001d86c5d7b60 Exception <a 'java/lang/StackOverflowError'{0x0000000100b894e0}> (0x0000000100b894e0) 
thrown [s\src\hotspot\share\runtime\javaCalls.cpp, line 400]
Event: 1.253 Thread 0x000001d86c5d7b60 Exception <a 'java/lang/StackOverflowError'{0x0000000100b89538}> (0x0000000100b89538) 
thrown [s\src\hotspot\share\runtime\javaCalls.cpp, line 400]
Event: 1.253 Thread 0x000001d86c5d7b60 Exception <a 'java/lang/StackOverflowError'{0x0000000100b895a8}> (0x0000000100b895a8) 
thrown [s\src\hotspot\share\runtime\javaCalls.cpp, line 400]
Event: 1.253 Thread 0x000001d86c5d7b60 Exception <a 'java/lang/StackOverflowError'{0x0000000100b89638}> (0x0000000100b89638) 
thrown [s\src\hotspot\share\runtime\javaCalls.cpp, line 400]
Event: 1.253 Thread 0x000001d86c5d7b60 Exception <a 'java/lang/StackOverflowError'{0x0000000100b89698}> (0x0000000100b89698) 
thrown [s\src\hotspot\share\runtime\javaCalls.cpp, line 400]
Event: 1.253 Thread 0x000001d86c5d7b60 Exception <a 'java/lang/StackOverflowError'{0x0000000100b89718}> (0x0000000100b89718) 
thrown [s\src\hotspot\share\runtime\javaCalls.cpp, line 400]
Event: 1.253 Thread 0x000001d86c5d7b60 Exception <a 'java/lang/StackOverflowError'{0x0000000100b89770}> (0x0000000100b89770) 
thrown [s\src\hotspot\share\runtime\javaCalls.cpp, line 400]
Event: 1.253 Thread 0x000001d86c5d7b60 Exception <a 'java/lang/StackOverflowError'{0x0000000100b897e0}> (0x0000000100b897e0) 
thrown [s\src\hotspot\share\runtime\javaCalls.cpp, line 400]
Event: 1.253 Thread 0x000001d86c5d7b60 Exception <a 'java/lang/StackOverflowError'{0x0000000100b89840}> (0x0000000100b89840) 
thrown [s\src\hotspot\share\runtime\javaCalls.cpp, line 400]
Event: 1.253 Thread 0x000001d86c5d7b60 Exception <a 'java/lang/StackOverflowError'{0x0000000100b898c0}> (0x0000000100b898c0) 
thrown [s\src\hotspot\share\runtime\javaCalls.cpp, line 400]
Event: 1.254 Thread 0x000001d86c5d7b60 Exception <a 'java/lang/StackOverflowError'{0x0000000100b89938}> (0x0000000100b89938) 
thrown [s\src\hotspot\share\runtime\javaCalls.cpp, line 400]
Event: 1.254 Thread 0x000001d86c5d7b60 Exception <a 'java/lang/StackOverflowError'{0x0000000100b89998}> (0x0000000100b89998) 
thrown [s\src\hotspot\share\runtime\javaCalls.cpp, line 400]
Event: 1.254 Thread 0x000001d86c5d7b60 Exception <a 'java/lang/StackOverflowError'{0x0000000100b899f0}> (0x0000000100b899f0) 
thrown [s\src\hotspot\share\runtime\javaCalls.cpp, line 400]
Event: 1.254 Thread 0x000001d86c5d7b60 Exception <a 'java/lang/StackOverflowError'{0x0000000100b89a80}> (0x0000000100b89a80) 
thrown [s\src\hotspot\share\runtime\javaCalls.cpp, line 400]
Event: 1.254 Thread 0x000001d86c5d7b60 Exception <a 'java/lang/StackOverflowError'{0x0000000100b89b00}> (0x0000000100b89b00) 
thrown [s\src\hotspot\share\runtime\javaCalls.cpp, line 400]
Event: 1.254 Thread 0x000001d86c5d7b60 Exception <a 'java/lang/StackOverflowError'{0x0000000100b89b88}> (0x0000000100b89b88) 
thrown [s\src\hotspot\share\runtime\javaCalls.cpp, line 400]

VM Operations (8 events):
Event: 0.043 Executing VM operation: HandshakeAllThreads
Event: 0.043 Executing VM operation: HandshakeAllThreads done
Event: 0.057 Executing VM operation: ChangeBreakpoints
Event: 0.057 Executing VM operation: ChangeBreakpoints done
Event: 0.093 Executing VM operation: ChangeBreakpoints
Event: 0.093 Executing VM operation: ChangeBreakpoints done
Event: 1.096 Executing VM operation: Cleanup
Event: 1.096 Executing VM operation: Cleanup done

Events (20 events):
Event: 0.214 loading class java/lang/UnsatisfiedLinkError done
Event: 0.214 loading class java/io/FileNotFoundException
Event: 0.214 loading class java/io/FileNotFoundException done
Event: 0.221 loading class java/io/BufferedReader
Event: 0.221 loading class java/io/BufferedReader done
Event: 0.222 loading class sun/net/www/protocol/file/FileURLConnection
Event: 0.222 loading class sun/net/www/protocol/file/FileURLConnection done
Event: 0.222 loading class sun/net/ProgressMonitor
Event: 0.222 loading class sun/net/ProgressMonitor done
Event: 0.222 loading class sun/net/DefaultProgressMeteringPolicy
Event: 0.222 loading class sun/net/ProgressMeteringPolicy
Event: 0.222 loading class sun/net/ProgressMeteringPolicy done
Event: 0.222 loading class sun/net/DefaultProgressMeteringPolicy done
Event: 0.222 loading class sun/nio/cs/StreamDecoder
Event: 0.222 loading class sun/nio/cs/StreamDecoder done
Event: 0.222 loading class sun/nio/cs/UTF_8$Decoder
Event: 0.222 loading class sun/nio/cs/UTF_8$Decoder done
Event: 1.242 Thread 0x000001d86bff6770 Thread exited: 0x000001d86bff6770
Event: 1.242 Thread 0x000001d86bff4170 Thread exited: 0x000001d86bff4170
Event: 1.242 Thread 0x000001d86bff3ba0 Thread exited: 0x000001d86bff3ba0


Dynamic libraries:
0x00007ff773f80000 - 0x00007ff773f8e000 	C:\Program Files\Java\jdk-17.0.10+7\bin\javaw.exe
0x00007ffc0d570000 - 0x00007ffc0d787000 	C:\WINDOWS\SYSTEM32\ntdll.dll
0x00007ffc0c310000 - 0x00007ffc0c3d4000 	C:\WINDOWS\System32\KERNEL32.DLL
0x00007ffc0aa20000 - 0x00007ffc0add7000 	C:\WINDOWS\System32\KERNELBASE.dll
0x00007ffc0af30000 - 0x00007ffc0b041000 	C:\WINDOWS\System32\ucrtbase.dll
0x00007ffbe8100000 - 0x00007ffbe8117000 	C:\Program Files\Java\jdk-17.0.10+7\bin\jli.dll
0x00007ffbe8260000 - 0x00007ffbe827b000 	C:\Program Files\Java\jdk-17.0.10+7\bin\VCRUNTIME140.dll
0x00007ffc0b2c0000 - 0x00007ffc0b46f000 	C:\WINDOWS\System32\USER32.dll
0x00007ffc0a9f0000 - 0x00007ffc0aa16000 	C:\WINDOWS\System32\win32u.dll
0x00007ffbffb90000 - 0x00007ffbffe23000 	C:\WINDOWS\WinSxS\amd64_microsoft.windows.common-controls_6595b64144ccf1df_6.0.22621.3672_none_2713b9d173822955\COMCTL32.dll
0x00007ffc0c2e0000 - 0x00007ffc0c309000 	C:\WINDOWS\System32\GDI32.dll
0x00007ffc0c5f0000 - 0x00007ffc0c697000 	C:\WINDOWS\System32\msvcrt.dll
0x00007ffc0b0c0000 - 0x00007ffc0b1d8000 	C:\WINDOWS\System32\gdi32full.dll
0x00007ffc0ade0000 - 0x00007ffc0ae7a000 	C:\WINDOWS\System32\msvcp_win.dll
0x00007ffc0c0a0000 - 0x00007ffc0c0d1000 	C:\WINDOWS\System32\IMM32.DLL
0x00007ffbfe320000 - 0x00007ffbfe32c000 	C:\Program Files\Java\jdk-17.0.10+7\bin\vcruntime140_1.dll
0x00007ffbbd190000 - 0x00007ffbbd21d000 	C:\Program Files\Java\jdk-17.0.10+7\bin\msvcp140.dll
0x00007ffb8c900000 - 0x00007ffb8d565000 	C:\Program Files\Java\jdk-17.0.10+7\bin\server\jvm.dll
0x00007ffc0d1b0000 - 0x00007ffc0d262000 	C:\WINDOWS\System32\ADVAPI32.dll
0x00007ffc0c230000 - 0x00007ffc0c2d8000 	C:\WINDOWS\System32\sechost.dll
0x00007ffc0af00000 - 0x00007ffc0af28000 	C:\WINDOWS\System32\bcrypt.dll
0x00007ffc0d070000 - 0x00007ffc0d184000 	C:\WINDOWS\System32\RPCRT4.dll
0x00007ffbfa6c0000 - 0x00007ffbfa6c9000 	C:\WINDOWS\SYSTEM32\WSOCK32.dll
0x00007ffbf95f0000 - 0x00007ffbf9624000 	C:\WINDOWS\SYSTEM32\WINMM.dll
0x00007ffc0baa0000 - 0x00007ffc0bb11000 	C:\WINDOWS\System32\WS2_32.dll
0x00007ffc0a0e0000 - 0x00007ffc0a12d000 	C:\WINDOWS\SYSTEM32\POWRPROF.dll
0x00007ffc05000000 - 0x00007ffc0500a000 	C:\WINDOWS\SYSTEM32\VERSION.dll
0x00007ffc0a0c0000 - 0x00007ffc0a0d3000 	C:\WINDOWS\SYSTEM32\UMPDC.dll
0x00007ffc098d0000 - 0x00007ffc098e8000 	C:\WINDOWS\SYSTEM32\kernel.appcore.dll
0x00007ffbe80f0000 - 0x00007ffbe80fa000 	C:\Program Files\Java\jdk-17.0.10+7\bin\jimage.dll
0x00007ffbf3e60000 - 0x00007ffbf4092000 	C:\WINDOWS\SYSTEM32\DBGHELP.DLL
0x00007ffc0b550000 - 0x00007ffc0b8de000 	C:\WINDOWS\System32\combase.dll
0x00007ffc0b470000 - 0x00007ffc0b547000 	C:\WINDOWS\System32\OLEAUT32.dll
0x00007ffbfa550000 - 0x00007ffbfa582000 	C:\WINDOWS\SYSTEM32\dbgcore.DLL
0x00007ffc0ae80000 - 0x00007ffc0aefb000 	C:\WINDOWS\System32\bcryptPrimitives.dll
0x00007ffbe2040000 - 0x00007ffbe207b000 	C:\Program Files\Java\jdk-17.0.10+7\bin\jdwp.dll
0x00007ffbe7f80000 - 0x00007ffbe7f8e000 	C:\Program Files\Java\jdk-17.0.10+7\bin\instrument.dll
0x00007ffbe2010000 - 0x00007ffbe2035000 	C:\Program Files\Java\jdk-17.0.10+7\bin\java.dll
0x00007ffbbc140000 - 0x00007ffbbc217000 	C:\Program Files\Java\jdk-17.0.10+7\bin\jsvml.dll
0x00007ffc0c6a0000 - 0x00007ffc0cf09000 	C:\WINDOWS\System32\SHELL32.dll
0x00007ffc087c0000 - 0x00007ffc090bf000 	C:\WINDOWS\SYSTEM32\windows.storage.dll
0x00007ffc08680000 - 0x00007ffc087bf000 	C:\WINDOWS\SYSTEM32\wintypes.dll
0x00007ffc0bb20000 - 0x00007ffc0bc19000 	C:\WINDOWS\System32\SHCORE.dll
0x00007ffc0cf10000 - 0x00007ffc0cf6e000 	C:\WINDOWS\System32\shlwapi.dll
0x00007ffc0a7b0000 - 0x00007ffc0a7d7000 	C:\WINDOWS\SYSTEM32\profapi.dll
0x00007ffbe6e70000 - 0x00007ffbe6e7c000 	C:\Program Files\Java\jdk-17.0.10+7\bin\dt_socket.dll
0x00007ffc09360000 - 0x00007ffc0938d000 	C:\WINDOWS\SYSTEM32\IPHLPAPI.DLL
0x00007ffc09d40000 - 0x00007ffc09da9000 	C:\WINDOWS\system32\mswsock.dll
0x00007ffc09390000 - 0x00007ffc09492000 	C:\WINDOWS\SYSTEM32\DNSAPI.dll
0x00007ffc0d190000 - 0x00007ffc0d199000 	C:\WINDOWS\System32\NSI.dll
0x0000000065950000 - 0x0000000065976000 	C:\Program Files\Bonjour\mdnsNSP.dll
0x00007ffc02c10000 - 0x00007ffc02c1a000 	C:\Windows\System32\rasadhlp.dll
0x00007ffc02640000 - 0x00007ffc026c3000 	C:\WINDOWS\System32\fwpuclnt.dll
0x00007ffbe1d10000 - 0x00007ffbe1d28000 	C:\Program Files\Java\jdk-17.0.10+7\bin\zip.dll
0x00007ffbe1fa0000 - 0x00007ffbe1fb9000 	C:\Program Files\Java\jdk-17.0.10+7\bin\net.dll
0x00007ffc03170000 - 0x00007ffc032a6000 	C:\WINDOWS\SYSTEM32\WINHTTP.dll
0x00007ffbe1da0000 - 0x00007ffbe1db6000 	C:\Program Files\Java\jdk-17.0.10+7\bin\nio.dll
0x00007ffbe20f0000 - 0x00007ffbe2100000 	C:\Program Files\Java\jdk-17.0.10+7\bin\verify.dll
0x00007ffb8c240000 - 0x00007ffb8c39d000 	C:\Users\marvi\AppData\Local\Temp\jelectronflow\nglink_x64.dll
0x00007ffb8c0b0000 - 0x00007ffb8c23c000 	C:\Users\marvi\AppData\Local\Temp\jelectronflow\electronflow_jni_x64.dll
0x000001d8b2180000 - 0x000001d8b29e2000 	C:\Users\marvi\AppData\Local\Temp\jelectronflow\ngspice42_x64.dll
0x00007ffb8f8f0000 - 0x00007ffb8f9b7000 	C:\WINDOWS\SYSTEM32\libomp140.x86_64.dll
0x00007ffc0d1a0000 - 0x00007ffc0d1a8000 	C:\WINDOWS\System32\PSAPI.DLL

dbghelp: loaded successfully - version: 4.0.5 - missing functions: none
symbol engine: initialized successfully - sym options: 0x614 - pdb path: .;C:\Program Files\Java\jdk-17.0.10+7\bin;C:\WINDOWS\SYSTEM32;C:\WINDOWS\WinSxS\amd64_microsoft.windows.common-controls_6595b64144ccf1df_6.0.22621.3672_none_2713b9d173822955;C:\Program Files\Java\jdk-17.0.10+7\bin\server;C:\Program Files\Bonjour;C:\Users\marvi\AppData\Local\Temp\jelectronflow

VM Arguments:
jvm_args: -XX:+ShowCodeDetailsInExceptionMessages -agentlib:jdwp=transport=dt_socket,suspend=y,address=localhost:57157 -javaagent:D:\Eclipse\eclipse\configuration\org.eclipse.osgi\827\0\.cp\lib\javaagent-shaded.jar -Dfile.encoding=UTF-8 -Dstdout.encoding=UTF-8 -Dstderr.encoding=UTF-8 
java_command: testing.Test
java_class_path (initial): E:\GitHub\LIBRARY-ElectronFlow\JElectronFlow\bin\main;E:\GitHub\LIBRARY-ElectronFlow\JElectronFlow\bin\test;E:\GitHub\LIBRARY-ElectronFlow\JElectronFlow\bin\default
Launcher Type: SUN_STANDARD

[Global flags]
     intx CICompilerCount                          = 12                                        {product} {ergonomic}
     uint ConcGCThreads                            = 5                                         {product} {ergonomic}
     uint G1ConcRefinementThreads                  = 18                                        {product} {ergonomic}
   size_t G1HeapRegionSize                         = 16777216                                  {product} {ergonomic}
    uintx GCDrainStackTargetSize                   = 64                                        {product} {ergonomic}
   size_t InitialHeapSize                          = 2147483648                                {product} {ergonomic}
   size_t MarkStackSize                            = 4194304                                   {product} {ergonomic}
   size_t MaxHeapSize                              = 32178700288                               {product} {ergonomic}
   size_t MaxNewSize                               = 19293798400                               {product} {ergonomic}
   size_t MinHeapDeltaBytes                        = 16777216                                  {product} {ergonomic}
   size_t MinHeapSize                              = 16777216                                  {product} {ergonomic}
    uintx NonNMethodCodeHeapSize                   = 7602480                                {pd product} {ergonomic}
    uintx NonProfiledCodeHeapSize                  = 122027880                              {pd product} {ergonomic}
    uintx ProfiledCodeHeapSize                     = 122027880                              {pd product} {ergonomic}
    uintx ReservedCodeCacheSize                    = 251658240                              {pd product} {ergonomic}
     bool SegmentedCodeCache                       = true                                      {product} {ergonomic}
     bool ShowCodeDetailsInExceptionMessages       = true                                   {manageable} {command line}
   size_t SoftMaxHeapSize                          = 32178700288                            {manageable} {ergonomic}
     bool UseCompressedClassPointers               = true                           {product lp64_product} {ergonomic}
     bool UseCompressedOops                        = true                           {product lp64_product} {ergonomic}
     bool UseG1GC                                  = true                                      {product} {ergonomic}
     bool UseLargePagesIndividualAllocation        = false                                  {pd product} {ergonomic}

Logging:
Log output configuration:
 #0: stdout all=warning uptime,level,tags
 #1: stderr all=off uptime,level,tags

Environment Variables:
JAVA_HOME=C:\Program Files\Java\jdk-17.0.10+7
PATH=C:/Program Files/Java/jdk-21.0.3+9/bin/server;C:/Program Files/Java/jdk-21.0.3+9/bin;C:\Program Files\Java\jdk-21.0.3+9\bin;C:\Windows\system32;C:\Windows;C:\Windows\System32\Wbem;C:\Windows\System32\WindowsPowerShell\v1.0\;C:\Windows\System32\OpenSSH\;C:\Program Files (x86)\NVIDIA Corporation\PhysX\Common;C:\Program Files\NVIDIA Corporation\NVIDIA NvDLISR;C:\WINDOWS\system32;C:\WINDOWS;C:\WINDOWS\System32\Wbem;C:\WINDOWS\System32\WindowsPowerShell\v1.0\;C:\WINDOWS\System32\OpenSSH\;C:\Program Files (x86)\IVI Foundation\VISA\WinNT\Bin\;C:\Program Files\IVI Foundation\VISA\Win64\Bin\;C:\Program Files\Git\cmd;C:\Program Files\dotnet\;C:\Program Files (x86)\PuTTY\;D:\Program Files\MathWorks\R2024a\bin;C:\WINDOWS\system32;C:\WINDOWS;C:\WINDOWS\System32\Wbem;C:\WINDOWS\System32\WindowsPowerShell\v1.0\;C:\WINDOWS\System32\OpenSSH\;D:\Program Files\CMake\bin;D:\Programms\mingw64-ucrt\bin;C:\Users\marvi\AppData\Local\Microsoft\WindowsApps;C:\Users\marvi\AppData\Local\GitHubDesktop\bin;C:\Users\marvi\.dotnet\tools;D:\Program Files\gradle-8.5\bin;D:\Program Files\Wireshark;D:\Program Files\GPAC;D:\Programms\SysGCC\bin;D:\Program Files\Fiddler;D:\Programms\avr8-gnu-toolchain-win32_x86_64\bin;D:\Programms\gnu-tools-for-stm32-win32\bin;D:\Programms\ffmpeg\bin;D:\Programms\SysGCC\bin;D:\Programms\SerialPortTerminal;D:\Programms\JavaRun;D:\Programms\mingw64\bin;D:\Programms\apache-maven-3.9.9\bin;;C:\WINDOWS\system32;
USERNAME=marvi
OS=Windows_NT
PROCESSOR_IDENTIFIER=AMD64 Family 23 Model 113 Stepping 0, AuthenticAMD
TMP=C:\Users\marvi\AppData\Local\Temp
TEMP=C:\Users\marvi\AppData\Local\Temp



Periodic native trim disabled


---------------  S Y S T E M  ---------------

OS:
 Windows 11 , 64 bit Build 22621 (10.0.22621.3958)
OS uptime: 0 days 12:50 hours

CPU: total 24 (initial active 24) (24 cores per cpu, 2 threads per core) family 23 model 113 stepping 0 microcode 0x0, cx8, cmov, fxsr, ht, mmx, 3dnowpref, sse, sse2, sse3, ssse3, sse4a, sse4.1, sse4.2, popcnt, lzcnt, tsc, tscinvbit, avx, avx2, aes, clmul, bmi1, bmi2, adx, sha, fma, vzeroupper, clflush, clflushopt
Processor Information for all 24 processors :
  Max Mhz: 3801, Current Mhz: 3801, Mhz Limit: 3801

Memory: 4k page, system-wide physical 130992M (105759M free)
TotalPageFile size 139184M (AvailPageFile size 90841M)
current process WorkingSet (physical memory assigned to process): 65M, peak: 65M
current process commit charge ("private bytes"): 2244M, peak: 2247M

vm_info: OpenJDK 64-Bit Server VM (17.0.10+7-LTS) for windows-amd64 JRE (17.0.10+7-LTS), built on Jan 10 2024 19:47:12 by "MicrosoftCorporation" with MS VC++ 16.10 / 16.11 (VS2019)

END.
