#
# A fatal error has been detected by the Java Runtime Environment:
#
#  EXCEPTION_ACCESS_VIOLATION (0xc0000005) at pc=0x00007ffafc9d2071, pid=1828, tid=27740
#
# JRE version: OpenJDK Runtime Environment Microsoft-8902769 (17.0.10+7) (build 17.0.10+7-LTS)
# Java VM: OpenJDK 64-Bit Server VM Microsoft-8902769 (17.0.10+7-LTS, mixed mode, sharing, tiered, compressed oops, compressed class ptrs, g1 gc, windows-amd64)
# Problematic frame:
# C  [msvcrt.dll+0x62071]
#
# No core dump will be written. Minidumps are not enabled by default on client versions of Windows
#
# If you would like to submit a bug report, please visit:
#   https://github.com/microsoft/openjdk/issues
# The crash happened outside the Java Virtual Machine in native code.
# See problematic frame for where to report the bug.
#

---------------  S U M M A R Y ------------

Command Line: -XX:+ShowCodeDetailsInExceptionMessages -agentlib:jdwp=transport=dt_socket,suspend=y,address=localhost:54140 -javaagent:D:\Eclipse\eclipse\configuration\org.eclipse.osgi\827\0\.cp\lib\javaagent-shaded.jar -Dfile.encoding=UTF-8 -Dstdout.encoding=UTF-8 -Dstderr.encoding=UTF-8 de.m_marvin.electronflow.ElectronFlowTest

Host: AMD Ryzen 9 3900X 12-Core Processor            , 24 cores, 127G,  Windows 11 , 64 bit Build 22621 (10.0.22621.3672)
Time: Wed Jul 17 23:13:19 2024 Mitteleuropäische Sommerzeit elapsed time: 0.303676 seconds (0d 0h 0m 0s)

---------------  T H R E A D  ---------------

Current thread (0x000001acef4d41b0):  JavaThread "main" [_thread_in_native, id=27740, stack(0x00000065f2300000,0x00000065f2400000)]

Stack: [0x00000065f2300000,0x00000065f2400000],  sp=0x00000065f23fedc8,  free space=1019k
Native frames: (J=compiled Java code, j=interpreted, Vv=VM code, C=native code)
C  [msvcrt.dll+0x62071]
C  [electronflow_x64.dll+0xd8b5]

Java frames: (J=compiled Java code, j=interpreted, Vv=VM code)
j  de.m_marvin.electronflow.NativeElectronFlow.loadAndRunNetList_n(Ljava/lang/String;)Z+0
j  de.m_marvin.electronflow.ElectronFlow.loadAndRunNetList(Ljava/lang/String;)Z+2
j  de.m_marvin.electronflow.ElectronFlowTest.main([Ljava/lang/String;)V+137
v  ~StubRoutines::call_stub

siginfo: EXCEPTION_ACCESS_VIOLATION (0xc0000005), reading address 0xffffffffffffffff


Registers:
RAX=0x7ff0000000000000, RBX=0x7ff0000000000000, RCX=0x8010000000000000, RDX=0xffffffffffffffff
RSP=0x00000065f23fedc8, RBP=0x00007ffa216a2012, RSI=0x00000065f23fee80, RDI=0x0000000000006000
R8 =0x7efefefefefefeff, R9 =0x00000065f23fedb8, R10=0x00000000fffffffe, R11=0x8101010101010100
R12=0x00007ffa216a2eb0, R13=0x00000065f23fefa8, R14=0x0000000000000000, R15=0x00000065f23fee8c
RIP=0x00007ffafc9d2071, EFLAGS=0x0000000000010246


Register to memory mapping:

RIP=0x00007ffafc9d2071 msvcrt.dll
RAX=0x7ff0000000000000 is an unknown value
RBX=0x7ff0000000000000 is an unknown value
RCX=0x8010000000000000 is an unknown value
RDX=0xffffffffffffffff is an unknown value
RSP=0x00000065f23fedc8 is pointing into the stack for thread: 0x000001acef4d41b0
RBP=0x00007ffa216a2012 electronflow_x64.dll
RSI=0x00000065f23fee80 is pointing into the stack for thread: 0x000001acef4d41b0
RDI=0x0000000000006000 is an unknown value
R8 =0x7efefefefefefeff is an unknown value
R9 =0x00000065f23fedb8 is pointing into the stack for thread: 0x000001acef4d41b0
R10=0x00000000fffffffe points into unknown readable memory: 00 00
R11=0x8101010101010100 is an unknown value
R12=0x00007ffa216a2eb0 electronflow_x64.dll
R13=0x00000065f23fefa8 is pointing into the stack for thread: 0x000001acef4d41b0
R14=0x0 is NULL
R15=0x00000065f23fee8c is pointing into the stack for thread: 0x000001acef4d41b0


Top of Stack: (sp=0x00000065f23fedc8)
0x00000065f23fedc8:   00007ffa2168d8b5 0000000000006000
0x00000065f23fedd8:   00007ffafc9780b9 0000000000000000
0x00000065f23fede8:   000000000000000a 00000065f23fefb0
0x00000065f23fedf8:   00000065f23fefb0 00007ffa216a2011
0x00000065f23fee08:   00007ffa2168f3ec 00007ffa216a200f
0x00000065f23fee18:   00007ffafca08a30 0000000000000018
0x00000065f23fee28:   00000000c76c9cdf 000001ad45d71570
0x00000065f23fee38:   00007ffa2169ef78 0000006500000000
0x00000065f23fee48:   0000000000000000 d6a2eb8ab8000000
0x00000065f23fee58:   00000065f23f3bf5 00000065f23fee90
0x00000065f23fee68:   00007ffa2169f978 00000065f23fef38
0x00000065f23fee78:   000001aced300000 00007ffafca08a30
0x00000065f23fee88:   ffffffff00006000 fffffffdffffffff
0x00000065f23fee98:   0000000021690000 00000000f23f0000
0x00000065f23feea8:   ffffffff00000000 000001ad45d70a00
0x00000065f23feeb8:   00007ffafca08a30 00007ffa216a2010
0x00000065f23feec8:   00000065f23fefa8 00000065f23fef80
0x00000065f23feed8:   0000000000000000 000001ad41443710
0x00000065f23feee8:   00000065f23ff480 000001acef4d41b0
0x00000065f23feef8:   00007ffa2168a45d 00000065f23fef90
0x00000065f23fef08:   00007ffa2169d92b 00007ffafca08a30
0x00000065f23fef18:   00007ffa2169354c 00000065f23fefa8
0x00000065f23fef28:   00000065f23ff14f 00000065f23fefa8
0x00000065f23fef38:   000001ad41033228 0000000100379a08
0x00000065f23fef48:   00007ffa216813b7 000001ad45d71360
0x00000065f23fef58:   000001ad45d70a00 000001ad45d72928
0x00000065f23fef68:   00000065f23ff14f 00000065f23fefa8
0x00000065f23fef78:   0000001945d72928 00000065f23ff150
0x00000065f23fef88:   000001ad45d75bf0 00000065f23ff020
0x00000065f23fef98:   00007ffa21681b69 00007ffa216a2010
0x00000065f23fefa8:   7ff0000000000000 00007ffafca0e7a0
0x00000065f23fefb8:   0000000000000000 00000065f23fefe0 

Instructions: (pc=0x00007ffafc9d2071)
0x00007ffafc9d1f71:   c9 cc cc cc cc cc cc 71 a3 53 76 a6 ae 78 e2 48
0x00007ffafc9d1f81:   83 ec 58 48 8b 05 cd 77 03 00 48 33 c4 48 89 44
0x00007ffafc9d1f91:   24 40 45 33 c9 4c 8b c2 41 8b c1 4c 8b d1 48 83
0x00007ffafc9d1fa1:   f8 20 45 8d 59 01 73 71 44 88 4c 04 20 49 03 c3
0x00007ffafc9d1fb1:   48 83 f8 20 7c f0 8a 02 eb 1f 0f b6 d0 48 c1 ea
0x00007ffafc9d1fc1:   03 0f b6 c0 83 e0 07 0f b6 4c 14 20 0f ab c1 4d
0x00007ffafc9d1fd1:   03 c3 88 4c 14 20 41 8a 00 84 c0 75 dd 44 08 5c
0x00007ffafc9d1fe1:   24 20 eb 06 45 03 cb 4d 03 d3 45 0f b6 02 41 8b
0x00007ffafc9d1ff1:   d3 41 8b c8 49 c1 e8 03 83 e1 07 d3 e2 42 84 54
0x00007ffafc9d2001:   04 20 74 e0 49 63 c1 48 8b 4c 24 40 48 33 cc e8
0x00007ffafc9d2011:   db 17 fd ff 48 83 c4 58 c3 e8 19 3e fd ff cc cc
0x00007ffafc9d2021:   cc cc cc cc cc 66 66 0f 1f 84 00 00 00 00 00 cc
0x00007ffafc9d2031:   cc cc cc cc cc cc cc cc cc cc cc cc cc cc cc 48
0x00007ffafc9d2041:   8b c1 48 f7 d9 48 a9 07 00 00 00 74 0f 66 90 8a
0x00007ffafc9d2051:   10 48 ff c0 84 d2 74 5f a8 07 75 f3 49 b8 ff fe
0x00007ffafc9d2061:   fe fe fe fe fe 7e 49 bb 00 01 01 01 01 01 01 81
0x00007ffafc9d2071:   48 8b 10 4d 8b c8 48 83 c0 08 4c 03 ca 48 f7 d2
0x00007ffafc9d2081:   49 33 d1 49 23 d3 74 e8 48 8b 50 f8 84 d2 74 51
0x00007ffafc9d2091:   84 f6 74 47 48 c1 ea 10 84 d2 74 39 84 f6 74 2f
0x00007ffafc9d20a1:   48 c1 ea 10 84 d2 74 21 84 f6 74 17 c1 ea 10 84
0x00007ffafc9d20b1:   d2 74 0a 84 f6 75 b9 48 8d 44 08 ff c3 48 8d 44
0x00007ffafc9d20c1:   08 fe c3 48 8d 44 08 fd c3 48 8d 44 08 fc c3 48
0x00007ffafc9d20d1:   8d 44 08 fb c3 48 8d 44 08 fa c3 48 8d 44 08 f9
0x00007ffafc9d20e1:   c3 48 8d 44 08 f8 c3 cc cc cc cc cc cc cc cc cc
0x00007ffafc9d20f1:   cc cc cc cc cc 66 66 0f 1f 84 00 00 00 00 00 cc
0x00007ffafc9d2101:   cc cc cc cc cc cc cc cc cc cc cc cc cc cc cc 4c
0x00007ffafc9d2111:   8b d9 4d 0b c0 0f 84 af 00 00 00 f6 c1 07 74 0f
0x00007ffafc9d2121:   8a 01 84 c0 74 7f 48 ff c1 f6 c1 07 75 f2 90 48
0x00007ffafc9d2131:   8b 01 4c 8b d0 49 b9 ff fe fe fe fe fe fe 7e 4d
0x00007ffafc9d2141:   03 ca 49 83 f2 ff 4d 33 d1 48 83 c1 08 49 b9 00
0x00007ffafc9d2151:   01 01 01 01 01 01 81 4d 85 d1 74 d3 48 83 e9 08
0x00007ffafc9d2161:   84 c0 74 41 48 ff c1 84 e4 74 3a 48 ff c1 48 c1 


Stack slot to memory mapping:
stack at sp + 0 slots: 0x00007ffa2168d8b5 electronflow_x64.dll
stack at sp + 1 slots: 0x0000000000006000 is an unknown value
stack at sp + 2 slots: 0x00007ffafc9780b9 msvcrt.dll
stack at sp + 3 slots: 0x0 is NULL
stack at sp + 4 slots: 0x000000000000000a is an unknown value
stack at sp + 5 slots: 0x00000065f23fefb0 is pointing into the stack for thread: 0x000001acef4d41b0
stack at sp + 6 slots: 0x00000065f23fefb0 is pointing into the stack for thread: 0x000001acef4d41b0
stack at sp + 7 slots: 0x00007ffa216a2011 electronflow_x64.dll


---------------  P R O C E S S  ---------------

Threads class SMR info:
_java_thread_list=0x000001ad451f4e30, length=18, elements={
0x000001acef4d41b0, 0x000001acd18e2b30, 0x000001acd18e33c0, 0x000001acd18f4fe0,
0x000001acd18f55b0, 0x000001acd18f6da0, 0x000001acd18fbba0, 0x000001acd18fd470,
0x000001acd190b7a0, 0x000001acd19140c0, 0x000001acd1a0de10, 0x000001acd1a16570,
0x000001acd1a17b50, 0x000001acd1a4ce70, 0x000001ad451a7c10, 0x000001acd1a9da00,
0x000001acd1a9e0f0, 0x000001ad454dade0
}

Java Threads: ( => current thread )
=>0x000001acef4d41b0 JavaThread "main" [_thread_in_native, id=27740, stack(0x00000065f2300000,0x00000065f2400000)]
  0x000001acd18e2b30 JavaThread "Reference Handler" daemon [_thread_blocked, id=26484, stack(0x00000065f2a00000,0x00000065f2b00000)]
  0x000001acd18e33c0 JavaThread "Finalizer" daemon [_thread_blocked, id=18204, stack(0x00000065f2b00000,0x00000065f2c00000)]
  0x000001acd18f4fe0 JavaThread "Signal Dispatcher" daemon [_thread_blocked, id=26480, stack(0x00000065f2c00000,0x00000065f2d00000)]
  0x000001acd18f55b0 JavaThread "Attach Listener" daemon [_thread_blocked, id=28500, stack(0x00000065f2d00000,0x00000065f2e00000)]
  0x000001acd18f6da0 JavaThread "Service Thread" daemon [_thread_blocked, id=28544, stack(0x00000065f2e00000,0x00000065f2f00000)]
  0x000001acd18fbba0 JavaThread "Monitor Deflation Thread" daemon [_thread_blocked, id=29052, stack(0x00000065f2f00000,0x00000065f3000000)]
  0x000001acd18fd470 JavaThread "C2 CompilerThread0" daemon [_thread_blocked, id=24632, stack(0x00000065f3000000,0x00000065f3100000)]
  0x000001acd190b7a0 JavaThread "C1 CompilerThread0" daemon [_thread_blocked, id=5820, stack(0x00000065f3100000,0x00000065f3200000)]
  0x000001acd19140c0 JavaThread "Sweeper thread" daemon [_thread_blocked, id=28372, stack(0x00000065f3200000,0x00000065f3300000)]
  0x000001acd1a0de10 JavaThread "Common-Cleaner" daemon [_thread_blocked, id=25264, stack(0x00000065f3300000,0x00000065f3400000)]
  0x000001acd1a16570 JavaThread "C1 CompilerThread1" daemon [_thread_blocked, id=9136, stack(0x00000065f3400000,0x00000065f3500000)]
  0x000001acd1a17b50 JavaThread "C1 CompilerThread2" daemon [_thread_blocked, id=28612, stack(0x00000065f3500000,0x00000065f3600000)]
  0x000001acd1a4ce70 JavaThread "C2 CompilerThread1" daemon [_thread_blocked, id=31144, stack(0x00000065f3600000,0x00000065f3700000)]
  0x000001ad451a7c10 JavaThread "JDWP Transport Listener: dt_socket" daemon [_thread_blocked, id=30308, stack(0x00000065f3700000,0x00000065f3800000)]
  0x000001acd1a9da00 JavaThread "JDWP Event Helper Thread" daemon [_thread_blocked, id=16196, stack(0x00000065f3800000,0x00000065f3900000)]
  0x000001acd1a9e0f0 JavaThread "JDWP Command Reader" daemon [_thread_in_native, id=15924, stack(0x00000065f3900000,0x00000065f3a00000)]
  0x000001ad454dade0 JavaThread "Notification Thread" daemon [_thread_blocked, id=26148, stack(0x00000065f3a00000,0x00000065f3b00000)]

Other Threads:
  0x000001acd18dd010 VMThread "VM Thread" [stack: 0x00000065f2900000,0x00000065f2a00000] [id=27532]
  0x000001acef4d5050 WatcherThread [stack: 0x00000065f3b00000,0x00000065f3c00000] [id=29068]
  0x000001acf7ea4c30 GCTaskThread "GC Thread#0" [stack: 0x00000065f2400000,0x00000065f2500000] [id=29088]
  0x000001acef57e530 ConcurrentGCThread "G1 Main Marker" [stack: 0x00000065f2500000,0x00000065f2600000] [id=32496]
  0x000001acf7eb4900 ConcurrentGCThread "G1 Conc#0" [stack: 0x00000065f2600000,0x00000065f2700000] [id=25012]
  0x000001acf7f9f540 ConcurrentGCThread "G1 Refine#0" [stack: 0x00000065f2700000,0x00000065f2800000] [id=29796]
  0x000001acf7f9fb80 ConcurrentGCThread "G1 Service" [stack: 0x00000065f2800000,0x00000065f2900000] [id=29976]

Threads with active compile tasks:

VM state: not at safepoint (normal execution)

VM Mutex/Monitor currently owned by a thread: None

Heap address: 0x0000000082000000, size: 30688 MB, Compressed Oops mode: Zero based, Oop shift amount: 3

CDS archive(s) mapped at: [0x000001ad00000000-0x000001ad00bb0000-0x000001ad00bb0000), size 12255232, SharedBaseAddress: 0x000001ad00000000, ArchiveRelocationMode: 1.
Compressed class space mapped at: 0x000001ad01000000-0x000001ad41000000, reserved size: 1073741824
Narrow klass base: 0x000001ad00000000, Narrow klass shift: 0, Narrow klass range: 0x100000000

GC Precious Log:
 CPUs: 24 total, 24 available
 Memory: 127G
 Large Page Support: Disabled
 NUMA Support: Disabled
 Compressed Oops: Enabled (Zero based)
 Heap Region Size: 16M
 Heap Min Capacity: 16M
 Heap Initial Capacity: 2G
 Heap Max Capacity: 30688M
 Pre-touch: Disabled
 Parallel Workers: 18
 Concurrent Workers: 5
 Concurrent Refinement Workers: 18
 Periodic GC: Disabled

Heap:
 garbage-first heap   total 2097152K, used 16384K [0x0000000082000000, 0x0000000800000000)
  region size 16384K, 2 young (32768K), 0 survivors (0K)
 Metaspace       used 3056K, committed 3200K, reserved 1114112K
  class space    used 279K, committed 320K, reserved 1048576K

Heap Regions: E=young(eden), S=young(survivor), O=old, HS=humongous(starts), HC=humongous(continues), CS=collection set, F=free, OA=open archive, CA=closed archive, TAMS=top-at-mark-start (previous, next)
|   0|0x0000000082000000, 0x0000000082000000, 0x0000000083000000|  0%| F|  |TAMS 0x0000000082000000, 0x0000000082000000| Untracked 
|   1|0x0000000083000000, 0x0000000083000000, 0x0000000084000000|  0%| F|  |TAMS 0x0000000083000000, 0x0000000083000000| Untracked 
|   2|0x0000000084000000, 0x0000000084000000, 0x0000000085000000|  0%| F|  |TAMS 0x0000000084000000, 0x0000000084000000| Untracked 
|   3|0x0000000085000000, 0x0000000085000000, 0x0000000086000000|  0%| F|  |TAMS 0x0000000085000000, 0x0000000085000000| Untracked 
|   4|0x0000000086000000, 0x0000000086000000, 0x0000000087000000|  0%| F|  |TAMS 0x0000000086000000, 0x0000000086000000| Untracked 
|   5|0x0000000087000000, 0x0000000087000000, 0x0000000088000000|  0%| F|  |TAMS 0x0000000087000000, 0x0000000087000000| Untracked 
|   6|0x0000000088000000, 0x0000000088000000, 0x0000000089000000|  0%| F|  |TAMS 0x0000000088000000, 0x0000000088000000| Untracked 
|   7|0x0000000089000000, 0x0000000089000000, 0x000000008a000000|  0%| F|  |TAMS 0x0000000089000000, 0x0000000089000000| Untracked 
|   8|0x000000008a000000, 0x000000008a000000, 0x000000008b000000|  0%| F|  |TAMS 0x000000008a000000, 0x000000008a000000| Untracked 
|   9|0x000000008b000000, 0x000000008b000000, 0x000000008c000000|  0%| F|  |TAMS 0x000000008b000000, 0x000000008b000000| Untracked 
|  10|0x000000008c000000, 0x000000008c000000, 0x000000008d000000|  0%| F|  |TAMS 0x000000008c000000, 0x000000008c000000| Untracked 
|  11|0x000000008d000000, 0x000000008d000000, 0x000000008e000000|  0%| F|  |TAMS 0x000000008d000000, 0x000000008d000000| Untracked 
|  12|0x000000008e000000, 0x000000008e000000, 0x000000008f000000|  0%| F|  |TAMS 0x000000008e000000, 0x000000008e000000| Untracked 
|  13|0x000000008f000000, 0x000000008f000000, 0x0000000090000000|  0%| F|  |TAMS 0x000000008f000000, 0x000000008f000000| Untracked 
|  14|0x0000000090000000, 0x0000000090000000, 0x0000000091000000|  0%| F|  |TAMS 0x0000000090000000, 0x0000000090000000| Untracked 
|  15|0x0000000091000000, 0x0000000091000000, 0x0000000092000000|  0%| F|  |TAMS 0x0000000091000000, 0x0000000091000000| Untracked 
|  16|0x0000000092000000, 0x0000000092000000, 0x0000000093000000|  0%| F|  |TAMS 0x0000000092000000, 0x0000000092000000| Untracked 
|  17|0x0000000093000000, 0x0000000093000000, 0x0000000094000000|  0%| F|  |TAMS 0x0000000093000000, 0x0000000093000000| Untracked 
|  18|0x0000000094000000, 0x0000000094000000, 0x0000000095000000|  0%| F|  |TAMS 0x0000000094000000, 0x0000000094000000| Untracked 
|  19|0x0000000095000000, 0x0000000095000000, 0x0000000096000000|  0%| F|  |TAMS 0x0000000095000000, 0x0000000095000000| Untracked 
|  20|0x0000000096000000, 0x0000000096000000, 0x0000000097000000|  0%| F|  |TAMS 0x0000000096000000, 0x0000000096000000| Untracked 
|  21|0x0000000097000000, 0x0000000097000000, 0x0000000098000000|  0%| F|  |TAMS 0x0000000097000000, 0x0000000097000000| Untracked 
|  22|0x0000000098000000, 0x0000000098000000, 0x0000000099000000|  0%| F|  |TAMS 0x0000000098000000, 0x0000000098000000| Untracked 
|  23|0x0000000099000000, 0x0000000099000000, 0x000000009a000000|  0%| F|  |TAMS 0x0000000099000000, 0x0000000099000000| Untracked 
|  24|0x000000009a000000, 0x000000009a000000, 0x000000009b000000|  0%| F|  |TAMS 0x000000009a000000, 0x000000009a000000| Untracked 
|  25|0x000000009b000000, 0x000000009b000000, 0x000000009c000000|  0%| F|  |TAMS 0x000000009b000000, 0x000000009b000000| Untracked 
|  26|0x000000009c000000, 0x000000009c000000, 0x000000009d000000|  0%| F|  |TAMS 0x000000009c000000, 0x000000009c000000| Untracked 
|  27|0x000000009d000000, 0x000000009d000000, 0x000000009e000000|  0%| F|  |TAMS 0x000000009d000000, 0x000000009d000000| Untracked 
|  28|0x000000009e000000, 0x000000009e000000, 0x000000009f000000|  0%| F|  |TAMS 0x000000009e000000, 0x000000009e000000| Untracked 
|  29|0x000000009f000000, 0x000000009f000000, 0x00000000a0000000|  0%| F|  |TAMS 0x000000009f000000, 0x000000009f000000| Untracked 
|  30|0x00000000a0000000, 0x00000000a0000000, 0x00000000a1000000|  0%| F|  |TAMS 0x00000000a0000000, 0x00000000a0000000| Untracked 
|  31|0x00000000a1000000, 0x00000000a1000000, 0x00000000a2000000|  0%| F|  |TAMS 0x00000000a1000000, 0x00000000a1000000| Untracked 
|  32|0x00000000a2000000, 0x00000000a2000000, 0x00000000a3000000|  0%| F|  |TAMS 0x00000000a2000000, 0x00000000a2000000| Untracked 
|  33|0x00000000a3000000, 0x00000000a3000000, 0x00000000a4000000|  0%| F|  |TAMS 0x00000000a3000000, 0x00000000a3000000| Untracked 
|  34|0x00000000a4000000, 0x00000000a4000000, 0x00000000a5000000|  0%| F|  |TAMS 0x00000000a4000000, 0x00000000a4000000| Untracked 
|  35|0x00000000a5000000, 0x00000000a5000000, 0x00000000a6000000|  0%| F|  |TAMS 0x00000000a5000000, 0x00000000a5000000| Untracked 
|  36|0x00000000a6000000, 0x00000000a6000000, 0x00000000a7000000|  0%| F|  |TAMS 0x00000000a6000000, 0x00000000a6000000| Untracked 
|  37|0x00000000a7000000, 0x00000000a7000000, 0x00000000a8000000|  0%| F|  |TAMS 0x00000000a7000000, 0x00000000a7000000| Untracked 
|  38|0x00000000a8000000, 0x00000000a8000000, 0x00000000a9000000|  0%| F|  |TAMS 0x00000000a8000000, 0x00000000a8000000| Untracked 
|  39|0x00000000a9000000, 0x00000000a9000000, 0x00000000aa000000|  0%| F|  |TAMS 0x00000000a9000000, 0x00000000a9000000| Untracked 
|  40|0x00000000aa000000, 0x00000000aa000000, 0x00000000ab000000|  0%| F|  |TAMS 0x00000000aa000000, 0x00000000aa000000| Untracked 
|  41|0x00000000ab000000, 0x00000000ab000000, 0x00000000ac000000|  0%| F|  |TAMS 0x00000000ab000000, 0x00000000ab000000| Untracked 
|  42|0x00000000ac000000, 0x00000000ac000000, 0x00000000ad000000|  0%| F|  |TAMS 0x00000000ac000000, 0x00000000ac000000| Untracked 
|  43|0x00000000ad000000, 0x00000000ad000000, 0x00000000ae000000|  0%| F|  |TAMS 0x00000000ad000000, 0x00000000ad000000| Untracked 
|  44|0x00000000ae000000, 0x00000000ae000000, 0x00000000af000000|  0%| F|  |TAMS 0x00000000ae000000, 0x00000000ae000000| Untracked 
|  45|0x00000000af000000, 0x00000000af000000, 0x00000000b0000000|  0%| F|  |TAMS 0x00000000af000000, 0x00000000af000000| Untracked 
|  46|0x00000000b0000000, 0x00000000b0000000, 0x00000000b1000000|  0%| F|  |TAMS 0x00000000b0000000, 0x00000000b0000000| Untracked 
|  47|0x00000000b1000000, 0x00000000b1000000, 0x00000000b2000000|  0%| F|  |TAMS 0x00000000b1000000, 0x00000000b1000000| Untracked 
|  48|0x00000000b2000000, 0x00000000b2000000, 0x00000000b3000000|  0%| F|  |TAMS 0x00000000b2000000, 0x00000000b2000000| Untracked 
|  49|0x00000000b3000000, 0x00000000b3000000, 0x00000000b4000000|  0%| F|  |TAMS 0x00000000b3000000, 0x00000000b3000000| Untracked 
|  50|0x00000000b4000000, 0x00000000b4000000, 0x00000000b5000000|  0%| F|  |TAMS 0x00000000b4000000, 0x00000000b4000000| Untracked 
|  51|0x00000000b5000000, 0x00000000b5000000, 0x00000000b6000000|  0%| F|  |TAMS 0x00000000b5000000, 0x00000000b5000000| Untracked 
|  52|0x00000000b6000000, 0x00000000b6000000, 0x00000000b7000000|  0%| F|  |TAMS 0x00000000b6000000, 0x00000000b6000000| Untracked 
|  53|0x00000000b7000000, 0x00000000b7000000, 0x00000000b8000000|  0%| F|  |TAMS 0x00000000b7000000, 0x00000000b7000000| Untracked 
|  54|0x00000000b8000000, 0x00000000b8000000, 0x00000000b9000000|  0%| F|  |TAMS 0x00000000b8000000, 0x00000000b8000000| Untracked 
|  55|0x00000000b9000000, 0x00000000b9000000, 0x00000000ba000000|  0%| F|  |TAMS 0x00000000b9000000, 0x00000000b9000000| Untracked 
|  56|0x00000000ba000000, 0x00000000ba000000, 0x00000000bb000000|  0%| F|  |TAMS 0x00000000ba000000, 0x00000000ba000000| Untracked 
|  57|0x00000000bb000000, 0x00000000bb000000, 0x00000000bc000000|  0%| F|  |TAMS 0x00000000bb000000, 0x00000000bb000000| Untracked 
|  58|0x00000000bc000000, 0x00000000bc000000, 0x00000000bd000000|  0%| F|  |TAMS 0x00000000bc000000, 0x00000000bc000000| Untracked 
|  59|0x00000000bd000000, 0x00000000bd000000, 0x00000000be000000|  0%| F|  |TAMS 0x00000000bd000000, 0x00000000bd000000| Untracked 
|  60|0x00000000be000000, 0x00000000be000000, 0x00000000bf000000|  0%| F|  |TAMS 0x00000000be000000, 0x00000000be000000| Untracked 
|  61|0x00000000bf000000, 0x00000000bf000000, 0x00000000c0000000|  0%| F|  |TAMS 0x00000000bf000000, 0x00000000bf000000| Untracked 
|  62|0x00000000c0000000, 0x00000000c0000000, 0x00000000c1000000|  0%| F|  |TAMS 0x00000000c0000000, 0x00000000c0000000| Untracked 
|  63|0x00000000c1000000, 0x00000000c1000000, 0x00000000c2000000|  0%| F|  |TAMS 0x00000000c1000000, 0x00000000c1000000| Untracked 
|  64|0x00000000c2000000, 0x00000000c2000000, 0x00000000c3000000|  0%| F|  |TAMS 0x00000000c2000000, 0x00000000c2000000| Untracked 
|  65|0x00000000c3000000, 0x00000000c3000000, 0x00000000c4000000|  0%| F|  |TAMS 0x00000000c3000000, 0x00000000c3000000| Untracked 
|  66|0x00000000c4000000, 0x00000000c4000000, 0x00000000c5000000|  0%| F|  |TAMS 0x00000000c4000000, 0x00000000c4000000| Untracked 
|  67|0x00000000c5000000, 0x00000000c5000000, 0x00000000c6000000|  0%| F|  |TAMS 0x00000000c5000000, 0x00000000c5000000| Untracked 
|  68|0x00000000c6000000, 0x00000000c6000000, 0x00000000c7000000|  0%| F|  |TAMS 0x00000000c6000000, 0x00000000c6000000| Untracked 
|  69|0x00000000c7000000, 0x00000000c7000000, 0x00000000c8000000|  0%| F|  |TAMS 0x00000000c7000000, 0x00000000c7000000| Untracked 
|  70|0x00000000c8000000, 0x00000000c8000000, 0x00000000c9000000|  0%| F|  |TAMS 0x00000000c8000000, 0x00000000c8000000| Untracked 
|  71|0x00000000c9000000, 0x00000000c9000000, 0x00000000ca000000|  0%| F|  |TAMS 0x00000000c9000000, 0x00000000c9000000| Untracked 
|  72|0x00000000ca000000, 0x00000000ca000000, 0x00000000cb000000|  0%| F|  |TAMS 0x00000000ca000000, 0x00000000ca000000| Untracked 
|  73|0x00000000cb000000, 0x00000000cb000000, 0x00000000cc000000|  0%| F|  |TAMS 0x00000000cb000000, 0x00000000cb000000| Untracked 
|  74|0x00000000cc000000, 0x00000000cc000000, 0x00000000cd000000|  0%| F|  |TAMS 0x00000000cc000000, 0x00000000cc000000| Untracked 
|  75|0x00000000cd000000, 0x00000000cd000000, 0x00000000ce000000|  0%| F|  |TAMS 0x00000000cd000000, 0x00000000cd000000| Untracked 
|  76|0x00000000ce000000, 0x00000000ce000000, 0x00000000cf000000|  0%| F|  |TAMS 0x00000000ce000000, 0x00000000ce000000| Untracked 
|  77|0x00000000cf000000, 0x00000000cf000000, 0x00000000d0000000|  0%| F|  |TAMS 0x00000000cf000000, 0x00000000cf000000| Untracked 
|  78|0x00000000d0000000, 0x00000000d0000000, 0x00000000d1000000|  0%| F|  |TAMS 0x00000000d0000000, 0x00000000d0000000| Untracked 
|  79|0x00000000d1000000, 0x00000000d1000000, 0x00000000d2000000|  0%| F|  |TAMS 0x00000000d1000000, 0x00000000d1000000| Untracked 
|  80|0x00000000d2000000, 0x00000000d2000000, 0x00000000d3000000|  0%| F|  |TAMS 0x00000000d2000000, 0x00000000d2000000| Untracked 
|  81|0x00000000d3000000, 0x00000000d3000000, 0x00000000d4000000|  0%| F|  |TAMS 0x00000000d3000000, 0x00000000d3000000| Untracked 
|  82|0x00000000d4000000, 0x00000000d4000000, 0x00000000d5000000|  0%| F|  |TAMS 0x00000000d4000000, 0x00000000d4000000| Untracked 
|  83|0x00000000d5000000, 0x00000000d5000000, 0x00000000d6000000|  0%| F|  |TAMS 0x00000000d5000000, 0x00000000d5000000| Untracked 
|  84|0x00000000d6000000, 0x00000000d6000000, 0x00000000d7000000|  0%| F|  |TAMS 0x00000000d6000000, 0x00000000d6000000| Untracked 
|  85|0x00000000d7000000, 0x00000000d7000000, 0x00000000d8000000|  0%| F|  |TAMS 0x00000000d7000000, 0x00000000d7000000| Untracked 
|  86|0x00000000d8000000, 0x00000000d8000000, 0x00000000d9000000|  0%| F|  |TAMS 0x00000000d8000000, 0x00000000d8000000| Untracked 
|  87|0x00000000d9000000, 0x00000000d9000000, 0x00000000da000000|  0%| F|  |TAMS 0x00000000d9000000, 0x00000000d9000000| Untracked 
|  88|0x00000000da000000, 0x00000000da000000, 0x00000000db000000|  0%| F|  |TAMS 0x00000000da000000, 0x00000000da000000| Untracked 
|  89|0x00000000db000000, 0x00000000db000000, 0x00000000dc000000|  0%| F|  |TAMS 0x00000000db000000, 0x00000000db000000| Untracked 
|  90|0x00000000dc000000, 0x00000000dc000000, 0x00000000dd000000|  0%| F|  |TAMS 0x00000000dc000000, 0x00000000dc000000| Untracked 
|  91|0x00000000dd000000, 0x00000000dd000000, 0x00000000de000000|  0%| F|  |TAMS 0x00000000dd000000, 0x00000000dd000000| Untracked 
|  92|0x00000000de000000, 0x00000000de000000, 0x00000000df000000|  0%| F|  |TAMS 0x00000000de000000, 0x00000000de000000| Untracked 
|  93|0x00000000df000000, 0x00000000df000000, 0x00000000e0000000|  0%| F|  |TAMS 0x00000000df000000, 0x00000000df000000| Untracked 
|  94|0x00000000e0000000, 0x00000000e0000000, 0x00000000e1000000|  0%| F|  |TAMS 0x00000000e0000000, 0x00000000e0000000| Untracked 
|  95|0x00000000e1000000, 0x00000000e1000000, 0x00000000e2000000|  0%| F|  |TAMS 0x00000000e1000000, 0x00000000e1000000| Untracked 
|  96|0x00000000e2000000, 0x00000000e2000000, 0x00000000e3000000|  0%| F|  |TAMS 0x00000000e2000000, 0x00000000e2000000| Untracked 
|  97|0x00000000e3000000, 0x00000000e3000000, 0x00000000e4000000|  0%| F|  |TAMS 0x00000000e3000000, 0x00000000e3000000| Untracked 
|  98|0x00000000e4000000, 0x00000000e4000000, 0x00000000e5000000|  0%| F|  |TAMS 0x00000000e4000000, 0x00000000e4000000| Untracked 
|  99|0x00000000e5000000, 0x00000000e5000000, 0x00000000e6000000|  0%| F|  |TAMS 0x00000000e5000000, 0x00000000e5000000| Untracked 
| 100|0x00000000e6000000, 0x00000000e6000000, 0x00000000e7000000|  0%| F|  |TAMS 0x00000000e6000000, 0x00000000e6000000| Untracked 
| 101|0x00000000e7000000, 0x00000000e7000000, 0x00000000e8000000|  0%| F|  |TAMS 0x00000000e7000000, 0x00000000e7000000| Untracked 
| 102|0x00000000e8000000, 0x00000000e8000000, 0x00000000e9000000|  0%| F|  |TAMS 0x00000000e8000000, 0x00000000e8000000| Untracked 
| 103|0x00000000e9000000, 0x00000000e9000000, 0x00000000ea000000|  0%| F|  |TAMS 0x00000000e9000000, 0x00000000e9000000| Untracked 
| 104|0x00000000ea000000, 0x00000000ea000000, 0x00000000eb000000|  0%| F|  |TAMS 0x00000000ea000000, 0x00000000ea000000| Untracked 
| 105|0x00000000eb000000, 0x00000000eb000000, 0x00000000ec000000|  0%| F|  |TAMS 0x00000000eb000000, 0x00000000eb000000| Untracked 
| 106|0x00000000ec000000, 0x00000000ec000000, 0x00000000ed000000|  0%| F|  |TAMS 0x00000000ec000000, 0x00000000ec000000| Untracked 
| 107|0x00000000ed000000, 0x00000000ed000000, 0x00000000ee000000|  0%| F|  |TAMS 0x00000000ed000000, 0x00000000ed000000| Untracked 
| 108|0x00000000ee000000, 0x00000000ee000000, 0x00000000ef000000|  0%| F|  |TAMS 0x00000000ee000000, 0x00000000ee000000| Untracked 
| 109|0x00000000ef000000, 0x00000000ef000000, 0x00000000f0000000|  0%| F|  |TAMS 0x00000000ef000000, 0x00000000ef000000| Untracked 
| 110|0x00000000f0000000, 0x00000000f0000000, 0x00000000f1000000|  0%| F|  |TAMS 0x00000000f0000000, 0x00000000f0000000| Untracked 
| 111|0x00000000f1000000, 0x00000000f1000000, 0x00000000f2000000|  0%| F|  |TAMS 0x00000000f1000000, 0x00000000f1000000| Untracked 
| 112|0x00000000f2000000, 0x00000000f2000000, 0x00000000f3000000|  0%| F|  |TAMS 0x00000000f2000000, 0x00000000f2000000| Untracked 
| 113|0x00000000f3000000, 0x00000000f3000000, 0x00000000f4000000|  0%| F|  |TAMS 0x00000000f3000000, 0x00000000f3000000| Untracked 
| 114|0x00000000f4000000, 0x00000000f4000000, 0x00000000f5000000|  0%| F|  |TAMS 0x00000000f4000000, 0x00000000f4000000| Untracked 
| 115|0x00000000f5000000, 0x00000000f5000000, 0x00000000f6000000|  0%| F|  |TAMS 0x00000000f5000000, 0x00000000f5000000| Untracked 
| 116|0x00000000f6000000, 0x00000000f6000000, 0x00000000f7000000|  0%| F|  |TAMS 0x00000000f6000000, 0x00000000f6000000| Untracked 
| 117|0x00000000f7000000, 0x00000000f7000000, 0x00000000f8000000|  0%| F|  |TAMS 0x00000000f7000000, 0x00000000f7000000| Untracked 
| 118|0x00000000f8000000, 0x00000000f8000000, 0x00000000f9000000|  0%| F|  |TAMS 0x00000000f8000000, 0x00000000f8000000| Untracked 
| 119|0x00000000f9000000, 0x00000000f9000000, 0x00000000fa000000|  0%| F|  |TAMS 0x00000000f9000000, 0x00000000f9000000| Untracked 
| 120|0x00000000fa000000, 0x00000000fa000000, 0x00000000fb000000|  0%| F|  |TAMS 0x00000000fa000000, 0x00000000fa000000| Untracked 
| 121|0x00000000fb000000, 0x00000000fb000000, 0x00000000fc000000|  0%| F|  |TAMS 0x00000000fb000000, 0x00000000fb000000| Untracked 
| 122|0x00000000fc000000, 0x00000000fc000000, 0x00000000fd000000|  0%| F|  |TAMS 0x00000000fc000000, 0x00000000fc000000| Untracked 
| 123|0x00000000fd000000, 0x00000000fd000000, 0x00000000fe000000|  0%| F|  |TAMS 0x00000000fd000000, 0x00000000fd000000| Untracked 
| 124|0x00000000fe000000, 0x00000000fe000000, 0x00000000ff000000|  0%| F|  |TAMS 0x00000000fe000000, 0x00000000fe000000| Untracked 
| 125|0x00000000ff000000, 0x00000000ff000000, 0x0000000100000000|  0%| F|  |TAMS 0x00000000ff000000, 0x00000000ff000000| Untracked 
| 126|0x0000000100000000, 0x00000001003dd0d0, 0x0000000101000000| 24%| E|  |TAMS 0x0000000100000000, 0x0000000100000000| Complete 
| 127|0x0000000101000000, 0x0000000102000000, 0x0000000102000000|100%| E|CS|TAMS 0x0000000101000000, 0x0000000101000000| Complete 

Card table byte_map: [0x000001acfbba0000,0x000001acff790000] _byte_map_base: 0x000001acfb790000

Marking Bits (Prev, Next): (CMBitMap*) 0x000001acef57de70, (CMBitMap*) 0x000001acef57deb0
 Prev Bits: [0x000001ac92bf0000, 0x000001acb0b70000)
 Next Bits: [0x000001acb0b70000, 0x000001acceaf0000)

Polling page: 0x000001aced400000

Metaspace:

Usage:
  Non-class:      2.71 MB used.
      Class:    279.04 KB used.
       Both:      2.98 MB used.

Virtual space:
  Non-class space:       64.00 MB reserved,       2.81 MB (  4%) committed,  1 nodes.
      Class space:        1.00 GB reserved,     320.00 KB ( <1%) committed,  1 nodes.
             Both:        1.06 GB reserved,       3.12 MB ( <1%) committed. 

Chunk freelists:
   Non-Class:  11.67 MB
       Class:  15.70 MB
        Both:  27.37 MB

MaxMetaspaceSize: unlimited
CompressedClassSpaceSize: 1.00 GB
Initial GC threshold: 21.00 MB
Current GC threshold: 21.00 MB
CDS: on
MetaspaceReclaimPolicy: balanced
 - commit_granule_bytes: 65536.
 - commit_granule_words: 8192.
 - virtual_space_node_default_size: 8388608.
 - enlarge_chunks_in_place: 1.
 - new_chunks_are_fully_committed: 0.
 - uncommit_free_chunks: 1.
 - use_allocation_guard: 0.
 - handle_deallocations: 1.


Internal statistics:

num_allocs_failed_limit: 0.
num_arena_births: 44.
num_arena_deaths: 0.
num_vsnodes_births: 2.
num_vsnodes_deaths: 0.
num_space_committed: 50.
num_space_uncommitted: 0.
num_chunks_returned_to_freelist: 0.
num_chunks_taken_from_freelist: 76.
num_chunk_merges: 0.
num_chunk_splits: 46.
num_chunks_enlarged: 22.
num_inconsistent_stats: 0.

CodeHeap 'non-profiled nmethods': size=119168Kb used=193Kb max_used=193Kb free=118974Kb
 bounds [0x000001ac87ba0000, 0x000001ac87e10000, 0x000001ac8f000000]
CodeHeap 'profiled nmethods': size=119104Kb used=901Kb max_used=901Kb free=118202Kb
 bounds [0x000001ac80000000, 0x000001ac80270000, 0x000001ac87450000]
CodeHeap 'non-nmethods': size=7488Kb used=2338Kb max_used=2356Kb free=5149Kb
 bounds [0x000001ac87450000, 0x000001ac876c0000, 0x000001ac87ba0000]
 total_blobs=1034 nmethods=601 adapters=344
 compilation: enabled
              stopped_count=0, restarted_count=0
 full_count=0

Compilation events (20 events):
Event: 0.287 Thread 0x000001acd1a16570 nmethod 589 0x000001ac800dc410 code [0x000001ac800dc5a0, 0x000001ac800dc708]
Event: 0.287 Thread 0x000001acd18fd470 nmethod 587 0x000001ac87bcf390 code [0x000001ac87bcf500, 0x000001ac87bcf558]
Event: 0.287 Thread 0x000001acd1a16570  591       3       java.io.BufferedInputStream::read1 (108 bytes)
Event: 0.287 Thread 0x000001acd1a17b50 nmethod 590 0x000001ac800dc810 code [0x000001ac800dc9c0, 0x000001ac800dcc08]
Event: 0.288 Thread 0x000001acd1a16570 nmethod 591 0x000001ac800dcd10 code [0x000001ac800dcf80, 0x000001ac800dd918]
Event: 0.293 Thread 0x000001acd1a16570  592       3       org.eclipse.jdt.launching.internal.org.objectweb.asm.ByteVector::putShort (52 bytes)
Event: 0.293 Thread 0x000001acd1a16570 nmethod 592 0x000001ac800ddc90 code [0x000001ac800dde40, 0x000001ac800de068]
Event: 0.294 Thread 0x000001acd1a16570  593       3       org.eclipse.jdt.launching.internal.org.objectweb.asm.SymbolTable::get (13 bytes)
Event: 0.294 Thread 0x000001acd1a16570 nmethod 593 0x000001ac800de210 code [0x000001ac800de3a0, 0x000001ac800de4f8]
Event: 0.295 Thread 0x000001acd1a16570  595       3       java.lang.invoke.MemberName::flagsMods (73 bytes)
Event: 0.295 Thread 0x000001acd190b7a0  596       3       java.lang.invoke.MemberName::init (67 bytes)
Event: 0.296 Thread 0x000001acd1a17b50  598       3       java.lang.invoke.LambdaForm::forceInterpretation (14 bytes)
Event: 0.296 Thread 0x000001acd1a16570 nmethod 595 0x000001ac800de610 code [0x000001ac800de7a0, 0x000001ac800de8d8]
Event: 0.296 Thread 0x000001acd190b7a0 nmethod 596 0x000001ac800de990 code [0x000001ac800deb40, 0x000001ac800ded98]
Event: 0.296 Thread 0x000001acd1a17b50 nmethod 598 0x000001ac800dee10 code [0x000001ac800defa0, 0x000001ac800df118]
Event: 0.297 Thread 0x000001acd18fd470  599       4       java.lang.StringUTF16::compress (50 bytes)
Event: 0.297 Thread 0x000001acd1a16570  600   !   3       java.io.BufferedReader::readLine (327 bytes)
Event: 0.297 Thread 0x000001acd1a17b50  601       1       java.nio.Buffer::position (5 bytes)
Event: 0.297 Thread 0x000001acd1a17b50 nmethod 601 0x000001ac87bcfc90 code [0x000001ac87bcfe20, 0x000001ac87bcfef8]
Event: 0.298 Thread 0x000001acd1a16570 nmethod 600 0x000001ac800df190 code [0x000001ac800df4c0, 0x000001ac800e0a18]

GC Heap History (0 events):
No events

Dll operation events (11 events):
Event: 0.007 Loaded shared library C:\Program Files\Java\jdk-17.0.10+7\bin\java.dll
Event: 0.028 Loaded shared library C:\Program Files\Java\jdk-17.0.10+7\bin\jsvml.dll
Event: 0.106 Loaded shared library C:\Program Files\Java\jdk-17.0.10+7\bin\zip.dll
Event: 0.109 Loaded shared library C:\Program Files\Java\jdk-17.0.10+7\bin\instrument.dll
Event: 0.115 Loaded shared library C:\Program Files\Java\jdk-17.0.10+7\bin\net.dll
Event: 0.116 Loaded shared library C:\Program Files\Java\jdk-17.0.10+7\bin\nio.dll
Event: 0.119 Loaded shared library C:\Program Files\Java\jdk-17.0.10+7\bin\zip.dll
Event: 0.174 Loaded shared library C:\Program Files\Java\jdk-17.0.10+7\bin\jimage.dll
Event: 0.215 Loaded shared library C:\Program Files\Java\jdk-17.0.10+7\bin\verify.dll
Event: 0.285 Loaded shared library C:\Users\marvi\AppData\Local\Temp\electronflow\electronflow_x64.dll
Event: 0.292 Loaded shared library C:\Users\marvi\AppData\Local\Temp\electronflow\electronflow_jni_x64.dll

Deoptimization events (20 events):
Event: 0.227 Thread 0x000001acef4d41b0 DEOPT PACKING pc=0x000001ac8007f754 sp=0x00000065f23f8180
Event: 0.227 Thread 0x000001acef4d41b0 DEOPT UNPACKING pc=0x000001ac874a7143 sp=0x00000065f23f75e8 mode 0
Event: 0.228 Thread 0x000001acef4d41b0 DEOPT PACKING pc=0x000001ac8007f754 sp=0x00000065f23f8180
Event: 0.228 Thread 0x000001acef4d41b0 DEOPT UNPACKING pc=0x000001ac874a7143 sp=0x00000065f23f75e8 mode 0
Event: 0.229 Thread 0x000001acef4d41b0 DEOPT PACKING pc=0x000001ac8007f754 sp=0x00000065f23f8180
Event: 0.229 Thread 0x000001acef4d41b0 DEOPT UNPACKING pc=0x000001ac874a7143 sp=0x00000065f23f75e8 mode 0
Event: 0.230 Thread 0x000001acef4d41b0 DEOPT PACKING pc=0x000001ac8007f754 sp=0x00000065f23f8180
Event: 0.230 Thread 0x000001acef4d41b0 DEOPT UNPACKING pc=0x000001ac874a7143 sp=0x00000065f23f75e8 mode 0
Event: 0.232 Thread 0x000001acef4d41b0 DEOPT PACKING pc=0x000001ac8007f754 sp=0x00000065f23fbbe0
Event: 0.232 Thread 0x000001acef4d41b0 DEOPT UNPACKING pc=0x000001ac874a7143 sp=0x00000065f23fb048 mode 0
Event: 0.233 Thread 0x000001acef4d41b0 DEOPT PACKING pc=0x000001ac8007f754 sp=0x00000065f23f8100
Event: 0.233 Thread 0x000001acef4d41b0 DEOPT UNPACKING pc=0x000001ac874a7143 sp=0x00000065f23f7568 mode 0
Event: 0.233 Thread 0x000001acef4d41b0 DEOPT PACKING pc=0x000001ac80031e6a sp=0x00000065f23f8460
Event: 0.233 Thread 0x000001acef4d41b0 DEOPT UNPACKING pc=0x000001ac874a7143 sp=0x00000065f23f7880 mode 0
Event: 0.235 Thread 0x000001acef4d41b0 DEOPT PACKING pc=0x000001ac8007f754 sp=0x00000065f23fbb10
Event: 0.235 Thread 0x000001acef4d41b0 DEOPT UNPACKING pc=0x000001ac874a7143 sp=0x00000065f23faf78 mode 0
Event: 0.239 Thread 0x000001acef4d41b0 DEOPT PACKING pc=0x000001ac8007f754 sp=0x00000065f23fb5b0
Event: 0.239 Thread 0x000001acef4d41b0 DEOPT UNPACKING pc=0x000001ac874a7143 sp=0x00000065f23faa18 mode 0
Event: 0.246 Thread 0x000001acef4d41b0 DEOPT PACKING pc=0x000001ac8002be55 sp=0x00000065f23f81c0
Event: 0.246 Thread 0x000001acef4d41b0 DEOPT UNPACKING pc=0x000001ac874a7143 sp=0x00000065f23f7638 mode 0

Classes unloaded (0 events):
No events

Classes redefined (0 events):
No events

Internal exceptions (0 events):
No events

VM Operations (6 events):
Event: 0.057 Executing VM operation: HandshakeAllThreads
Event: 0.057 Executing VM operation: HandshakeAllThreads done
Event: 0.075 Executing VM operation: ChangeBreakpoints
Event: 0.075 Executing VM operation: ChangeBreakpoints done
Event: 0.091 Executing VM operation: ChangeBreakpoints
Event: 0.091 Executing VM operation: ChangeBreakpoints done

Events (20 events):
Event: 0.248 loading class java/io/InputStreamReader
Event: 0.248 loading class java/io/InputStreamReader done
Event: 0.255 loading class java/io/FileNotFoundException
Event: 0.255 loading class java/io/FileNotFoundException done
Event: 0.263 loading class java/io/BufferedReader
Event: 0.263 loading class java/io/BufferedReader done
Event: 0.265 loading class sun/net/www/protocol/file/FileURLConnection
Event: 0.265 loading class sun/net/www/protocol/file/FileURLConnection done
Event: 0.265 loading class sun/net/ProgressMonitor
Event: 0.265 loading class sun/net/ProgressMonitor done
Event: 0.265 loading class sun/net/DefaultProgressMeteringPolicy
Event: 0.265 loading class sun/net/ProgressMeteringPolicy
Event: 0.265 loading class sun/net/ProgressMeteringPolicy done
Event: 0.265 loading class sun/net/DefaultProgressMeteringPolicy done
Event: 0.265 loading class sun/nio/cs/StreamDecoder
Event: 0.265 loading class sun/nio/cs/StreamDecoder done
Event: 0.265 loading class sun/nio/cs/UTF_8$Decoder
Event: 0.266 loading class sun/nio/cs/UTF_8$Decoder done
Event: 0.275 loading class java/io/FileOutputStream$1
Event: 0.275 loading class java/io/FileOutputStream$1 done


Dynamic libraries:
0x00007ff658f40000 - 0x00007ff658f4e000 	C:\Program Files\Java\jdk-17.0.10+7\bin\javaw.exe
0x00007ffafd470000 - 0x00007ffafd687000 	C:\WINDOWS\SYSTEM32\ntdll.dll
0x00007ffafcc10000 - 0x00007ffafccd4000 	C:\WINDOWS\System32\KERNEL32.DLL
0x00007ffafabf0000 - 0x00007ffafaf9d000 	C:\WINDOWS\System32\KERNELBASE.dll
0x00007ffafa870000 - 0x00007ffafa981000 	C:\WINDOWS\System32\ucrtbase.dll
0x00007ffab3110000 - 0x00007ffab3127000 	C:\Program Files\Java\jdk-17.0.10+7\bin\jli.dll
0x00007ffab30f0000 - 0x00007ffab310b000 	C:\Program Files\Java\jdk-17.0.10+7\bin\VCRUNTIME140.dll
0x00007ffafd120000 - 0x00007ffafd2ce000 	C:\WINDOWS\System32\USER32.dll
0x00007ffafa7a0000 - 0x00007ffafa7c6000 	C:\WINDOWS\System32\win32u.dll
0x00007ffaee760000 - 0x00007ffaee9f3000 	C:\WINDOWS\WinSxS\amd64_microsoft.windows.common-controls_6595b64144ccf1df_6.0.22621.3672_none_2713b9d173822955\COMCTL32.dll
0x00007ffafbc60000 - 0x00007ffafbc89000 	C:\WINDOWS\System32\GDI32.dll
0x00007ffafc970000 - 0x00007ffafca17000 	C:\WINDOWS\System32\msvcrt.dll
0x00007ffafb090000 - 0x00007ffafb1a9000 	C:\WINDOWS\System32\gdi32full.dll
0x00007ffafa7d0000 - 0x00007ffafa86a000 	C:\WINDOWS\System32\msvcp_win.dll
0x00007ffafc740000 - 0x00007ffafc771000 	C:\WINDOWS\System32\IMM32.DLL
0x00007ffaac090000 - 0x00007ffaac09c000 	C:\Program Files\Java\jdk-17.0.10+7\bin\vcruntime140_1.dll
0x00007ffa5c2a0000 - 0x00007ffa5c32d000 	C:\Program Files\Java\jdk-17.0.10+7\bin\msvcp140.dll
0x00007ffa00a10000 - 0x00007ffa01675000 	C:\Program Files\Java\jdk-17.0.10+7\bin\server\jvm.dll
0x00007ffafbc90000 - 0x00007ffafbd42000 	C:\WINDOWS\System32\ADVAPI32.dll
0x00007ffafd070000 - 0x00007ffafd119000 	C:\WINDOWS\System32\sechost.dll
0x00007ffafab00000 - 0x00007ffafab28000 	C:\WINDOWS\System32\bcrypt.dll
0x00007ffafc840000 - 0x00007ffafc954000 	C:\WINDOWS\System32\RPCRT4.dll
0x00007ffaf95f0000 - 0x00007ffaf963d000 	C:\WINDOWS\SYSTEM32\POWRPROF.dll
0x00007ffad8f40000 - 0x00007ffad8f49000 	C:\WINDOWS\SYSTEM32\WSOCK32.dll
0x00007ffafd2d0000 - 0x00007ffafd341000 	C:\WINDOWS\System32\WS2_32.dll
0x00007ffae9ec0000 - 0x00007ffae9ef4000 	C:\WINDOWS\SYSTEM32\WINMM.dll
0x00007ffaf4580000 - 0x00007ffaf458a000 	C:\WINDOWS\SYSTEM32\VERSION.dll
0x00007ffaf95d0000 - 0x00007ffaf95e3000 	C:\WINDOWS\SYSTEM32\UMPDC.dll
0x00007ffaf9880000 - 0x00007ffaf9898000 	C:\WINDOWS\SYSTEM32\kernel.appcore.dll
0x00007ffaab670000 - 0x00007ffaab67a000 	C:\Program Files\Java\jdk-17.0.10+7\bin\jimage.dll
0x00007ffaefde0000 - 0x00007ffaf0012000 	C:\WINDOWS\SYSTEM32\DBGHELP.DLL
0x00007ffafcce0000 - 0x00007ffafd068000 	C:\WINDOWS\System32\combase.dll
0x00007ffafca20000 - 0x00007ffafcaf7000 	C:\WINDOWS\System32\OLEAUT32.dll
0x00007ffada330000 - 0x00007ffada362000 	C:\WINDOWS\SYSTEM32\dbgcore.DLL
0x00007ffafafa0000 - 0x00007ffafb01b000 	C:\WINDOWS\System32\bcryptPrimitives.dll
0x00007ffaa6770000 - 0x00007ffaa67ab000 	C:\Program Files\Java\jdk-17.0.10+7\bin\jdwp.dll
0x00007ffaaafb0000 - 0x00007ffaaafbe000 	C:\Program Files\Java\jdk-17.0.10+7\bin\instrument.dll
0x00007ffa5c270000 - 0x00007ffa5c295000 	C:\Program Files\Java\jdk-17.0.10+7\bin\java.dll
0x00007ffa218b0000 - 0x00007ffa21987000 	C:\Program Files\Java\jdk-17.0.10+7\bin\jsvml.dll
0x00007ffafb370000 - 0x00007ffafbbcf000 	C:\WINDOWS\System32\SHELL32.dll
0x00007ffaf8670000 - 0x00007ffaf8f6c000 	C:\WINDOWS\SYSTEM32\windows.storage.dll
0x00007ffaf8530000 - 0x00007ffaf866f000 	C:\WINDOWS\SYSTEM32\wintypes.dll
0x00007ffafbd50000 - 0x00007ffafbe44000 	C:\WINDOWS\System32\SHCORE.dll
0x00007ffafc6e0000 - 0x00007ffafc73e000 	C:\WINDOWS\System32\shlwapi.dll
0x00007ffafa6d0000 - 0x00007ffafa6f1000 	C:\WINDOWS\SYSTEM32\profapi.dll
0x00007ffaaa090000 - 0x00007ffaaa09c000 	C:\Program Files\Java\jdk-17.0.10+7\bin\dt_socket.dll
0x00007ffaf9240000 - 0x00007ffaf926d000 	C:\WINDOWS\SYSTEM32\IPHLPAPI.DLL
0x00007ffaf9ce0000 - 0x00007ffaf9d49000 	C:\WINDOWS\system32\mswsock.dll
0x00007ffaf92b0000 - 0x00007ffaf93a8000 	C:\WINDOWS\SYSTEM32\DNSAPI.dll
0x00007ffafd380000 - 0x00007ffafd389000 	C:\WINDOWS\System32\NSI.dll
0x0000000054850000 - 0x0000000054876000 	C:\Program Files\Bonjour\mdnsNSP.dll
0x00007ffaf2980000 - 0x00007ffaf298a000 	C:\Windows\System32\rasadhlp.dll
0x00007ffaf2bd0000 - 0x00007ffaf2c53000 	C:\WINDOWS\System32\fwpuclnt.dll
0x00007ffa5c250000 - 0x00007ffa5c268000 	C:\Program Files\Java\jdk-17.0.10+7\bin\zip.dll
0x00007ffa5c230000 - 0x00007ffa5c249000 	C:\Program Files\Java\jdk-17.0.10+7\bin\net.dll
0x00007ffaf3c90000 - 0x00007ffaf3dc6000 	C:\WINDOWS\SYSTEM32\WINHTTP.dll
0x00007ffa5c210000 - 0x00007ffa5c226000 	C:\Program Files\Java\jdk-17.0.10+7\bin\nio.dll
0x00007ffaa8490000 - 0x00007ffaa84a0000 	C:\Program Files\Java\jdk-17.0.10+7\bin\verify.dll
0x00007ffa21680000 - 0x00007ffa217cf000 	C:\Users\marvi\AppData\Local\Temp\electronflow\electronflow_x64.dll
0x00007ffa5c1e0000 - 0x00007ffa5c202000 	D:\mingw\mingw64\bin\libgcc_s_seh-1.dll
0x00007ffa054a0000 - 0x00007ffa056ca000 	D:\mingw\mingw64\bin\libstdc++-6.dll
0x00007ffa5be60000 - 0x00007ffa5be79000 	D:\Program Files\Wireshark\libwinpthread-1.dll
0x00007ffafa010000 - 0x00007ffafa01c000 	C:\WINDOWS\SYSTEM32\CRYPTBASE.DLL
0x00007ffa21820000 - 0x00007ffa218ad000 	C:\Users\marvi\AppData\Local\Temp\electronflow\electronflow_jni_x64.dll

dbghelp: loaded successfully - version: 4.0.5 - missing functions: none
symbol engine: initialized successfully - sym options: 0x614 - pdb path: .;C:\Program Files\Java\jdk-17.0.10+7\bin;C:\WINDOWS\SYSTEM32;C:\WINDOWS\WinSxS\amd64_microsoft.windows.common-controls_6595b64144ccf1df_6.0.22621.3672_none_2713b9d173822955;C:\Program Files\Java\jdk-17.0.10+7\bin\server;C:\Program Files\Bonjour;C:\Users\marvi\AppData\Local\Temp\electronflow;D:\mingw\mingw64\bin;D:\Program Files\Wireshark

VM Arguments:
jvm_args: -XX:+ShowCodeDetailsInExceptionMessages -agentlib:jdwp=transport=dt_socket,suspend=y,address=localhost:54140 -javaagent:D:\Eclipse\eclipse\configuration\org.eclipse.osgi\827\0\.cp\lib\javaagent-shaded.jar -Dfile.encoding=UTF-8 -Dstdout.encoding=UTF-8 -Dstderr.encoding=UTF-8 
java_command: de.m_marvin.electronflow.ElectronFlowTest
java_class_path (initial): E:\GitHub\LIBRARY-TickedElectricSimulation\ElectronFlowJNI\bin\main;E:\GitHub\LIBRARY-TickedElectricSimulation\ElectronFlowJNI\bin\test;E:\GitHub\LIBRARY-TickedElectricSimulation\ElectronFlowJNI\bin\default
Launcher Type: SUN_STANDARD

[Global flags]
     intx CICompilerCount                          = 12                                        {product} {ergonomic}
     uint ConcGCThreads                            = 5                                         {product} {ergonomic}
     uint G1ConcRefinementThreads                  = 18                                        {product} {ergonomic}
   size_t G1HeapRegionSize                         = 16777216                                  {product} {ergonomic}
    uintx GCDrainStackTargetSize                   = 64                                        {product} {ergonomic}
   size_t InitialHeapSize                          = 2147483648                                {product} {ergonomic}
   size_t MarkStackSize                            = 4194304                                   {product} {ergonomic}
   size_t MaxHeapSize                              = 32178700288                               {product} {ergonomic}
   size_t MaxNewSize                               = 19293798400                               {product} {ergonomic}
   size_t MinHeapDeltaBytes                        = 16777216                                  {product} {ergonomic}
   size_t MinHeapSize                              = 16777216                                  {product} {ergonomic}
    uintx NonNMethodCodeHeapSize                   = 7602480                                {pd product} {ergonomic}
    uintx NonProfiledCodeHeapSize                  = 122027880                              {pd product} {ergonomic}
    uintx ProfiledCodeHeapSize                     = 122027880                              {pd product} {ergonomic}
    uintx ReservedCodeCacheSize                    = 251658240                              {pd product} {ergonomic}
     bool SegmentedCodeCache                       = true                                      {product} {ergonomic}
     bool ShowCodeDetailsInExceptionMessages       = true                                   {manageable} {command line}
   size_t SoftMaxHeapSize                          = 32178700288                            {manageable} {ergonomic}
     bool UseCompressedClassPointers               = true                           {product lp64_product} {ergonomic}
     bool UseCompressedOops                        = true                           {product lp64_product} {ergonomic}
     bool UseG1GC                                  = true                                      {product} {ergonomic}
     bool UseLargePagesIndividualAllocation        = false                                  {pd product} {ergonomic}

Logging:
Log output configuration:
 #0: stdout all=warning uptime,level,tags
 #1: stderr all=off uptime,level,tags

Environment Variables:
JAVA_HOME=C:\Program Files\Java\jdk-17.0.10+7
PATH=C:/Program Files/Java/jdk-21.0.3+9/bin/server;C:/Program Files/Java/jdk-21.0.3+9/bin;C:\Program Files\Java\jdk-21.0.3+9\bin;C:\Windows\system32;C:\Windows;C:\Windows\System32\Wbem;C:\Windows\System32\WindowsPowerShell\v1.0\;C:\Windows\System32\OpenSSH\;C:\Program Files (x86)\NVIDIA Corporation\PhysX\Common;C:\Program Files\NVIDIA Corporation\NVIDIA NvDLISR;C:\WINDOWS\system32;C:\WINDOWS;C:\WINDOWS\System32\Wbem;C:\WINDOWS\System32\WindowsPowerShell\v1.0\;C:\WINDOWS\System32\OpenSSH\;C:\Program Files (x86)\IVI Foundation\VISA\WinNT\Bin\;C:\Program Files\IVI Foundation\VISA\Win64\Bin\;C:\Program Files\Git\cmd;C:\Program Files\dotnet\;C:\Program Files (x86)\PuTTY\;D:\Program Files\MathWorks\R2024a\bin;C:\WINDOWS\system32;C:\WINDOWS;C:\WINDOWS\System32\Wbem;C:\WINDOWS\System32\WindowsPowerShell\v1.0\;C:\WINDOWS\System32\OpenSSH\;C:\Users\marvi\AppData\Local\Microsoft\WindowsApps;C:\Users\marvi\AppData\Local\GitHubDesktop\bin;C:\Users\marvi\.dotnet\tools;D:\Program Files\gradle-8.5\bin;D:\Program Files\Wireshark;D:\Program Files\GPAC;D:\Programms\SysGCC\bin;D:\Program Files\Fiddler;D:\Programms\avr8-gnu-toolchain-win32_x86_64\bin;D:\Programms\gnu-tools-for-stm32-win32\bin;D:\Programms\ffmpeg\bin;D:\Programms\SysGCC\bin;D:\Programms\SerialPortTerminal;D:\Programms\JavaRun;D:\mingw\mingw64\bin;;C:\WINDOWS\system32;
USERNAME=marvi
OS=Windows_NT
PROCESSOR_IDENTIFIER=AMD64 Family 23 Model 113 Stepping 0, AuthenticAMD
TMP=C:\Users\marvi\AppData\Local\Temp
TEMP=C:\Users\marvi\AppData\Local\Temp



Periodic native trim disabled


---------------  S Y S T E M  ---------------

OS:
 Windows 11 , 64 bit Build 22621 (10.0.22621.3672)
OS uptime: 0 days 8:41 hours
Hyper-V role detected

CPU: total 24 (initial active 24) (24 cores per cpu, 2 threads per core) family 23 model 113 stepping 0 microcode 0x0, cx8, cmov, fxsr, ht, mmx, 3dnowpref, sse, sse2, sse3, ssse3, sse4a, sse4.1, sse4.2, popcnt, lzcnt, tsc, tscinvbit, avx, avx2, aes, clmul, bmi1, bmi2, adx, sha, fma, vzeroupper, clflush, clflushopt, hv
Processor Information for all 24 processors :
  Max Mhz: 3801, Current Mhz: 3801, Mhz Limit: 3801

Memory: 4k page, system-wide physical 130992M (82836M free)
TotalPageFile size 139184M (AvailPageFile size 65518M)
current process WorkingSet (physical memory assigned to process): 63M, peak: 63M
current process commit charge ("private bytes"): 2237M, peak: 2239M

vm_info: OpenJDK 64-Bit Server VM (17.0.10+7-LTS) for windows-amd64 JRE (17.0.10+7-LTS), built on Jan 10 2024 19:47:12 by "MicrosoftCorporation" with MS VC++ 16.10 / 16.11 (VS2019)

END.
